[2018-07-12T02:14:33.411] [ERROR] oth - 666666
[2018-07-12T02:14:33.412] [INFO] oth - 666666
[2018-07-12T02:14:33.413] [FATAL] oth - 666666
[2018-07-12T02:14:33.443] [INFO] oth - 数据库连接成功：6666666
[2018-07-12T02:14:35.288] [ERROR] oth - 666666
[2018-07-12T02:14:35.289] [INFO] oth - 666666
[2018-07-12T02:14:35.289] [FATAL] oth - 666666
[2018-07-12T02:14:35.307] [INFO] oth - 数据库连接成功：6666666
[2018-07-12T02:16:51.879] [ERROR] oth - 666666
[2018-07-12T02:16:51.880] [INFO] oth - 666666
[2018-07-12T02:16:51.880] [FATAL] oth - 666666
[2018-07-12T02:16:51.905] [INFO] oth - 数据库连接成功：6666666
[2018-07-12T02:16:54.286] [ERROR] oth - 666666
[2018-07-12T02:16:54.287] [INFO] oth - 666666
[2018-07-12T02:16:54.288] [FATAL] oth - 666666
[2018-07-12T02:16:54.308] [INFO] oth - 数据库连接成功：6666666
[2018-07-12T02:16:56.749] [ERROR] oth - 666666
[2018-07-12T02:16:56.750] [INFO] oth - 666666
[2018-07-12T02:16:56.751] [FATAL] oth - 666666
[2018-07-12T02:16:56.773] [INFO] oth - 数据库连接成功：6666666
[2018-07-12T02:16:59.192] [ERROR] oth - 666666
[2018-07-12T02:16:59.193] [INFO] oth - 666666
[2018-07-12T02:16:59.193] [FATAL] oth - 666666
[2018-07-12T02:16:59.219] [INFO] oth - 数据库连接成功：6666666
[2018-07-12T02:17:01.753] [ERROR] oth - 666666
[2018-07-12T02:17:01.754] [INFO] oth - 666666
[2018-07-12T02:17:01.754] [FATAL] oth - 666666
[2018-07-12T02:17:01.778] [INFO] oth - 数据库连接成功：6666666
[2018-07-12T02:17:04.341] [ERROR] oth - 666666
[2018-07-12T02:17:04.343] [INFO] oth - 666666
[2018-07-12T02:17:04.343] [FATAL] oth - 666666
[2018-07-12T02:17:04.372] [INFO] oth - 数据库连接成功：6666666
[2018-07-12T02:17:06.804] [ERROR] oth - 666666
[2018-07-12T02:17:06.806] [INFO] oth - 666666
[2018-07-12T02:17:06.806] [FATAL] oth - 666666
[2018-07-12T02:17:06.852] [INFO] oth - 数据库连接成功：6666666
[2018-07-12T02:17:07.574] [ERROR] oth - 666666
[2018-07-12T02:17:07.575] [INFO] oth - 666666
[2018-07-12T02:17:07.575] [FATAL] oth - 666666
[2018-07-12T02:17:07.598] [INFO] oth - 数据库连接成功：6666666
[2018-07-12T02:17:09.175] [ERROR] oth - 666666
[2018-07-12T02:17:09.176] [INFO] oth - 666666
[2018-07-12T02:17:09.176] [FATAL] oth - 666666
[2018-07-12T02:17:09.200] [INFO] oth - 数据库连接成功：6666666
[2018-07-12T02:17:11.819] [ERROR] oth - 666666
[2018-07-12T02:17:11.820] [INFO] oth - 666666
[2018-07-12T02:17:11.820] [FATAL] oth - 666666
[2018-07-12T02:17:11.837] [INFO] oth - 数据库连接成功：6666666
[2018-07-12T02:17:14.194] [ERROR] oth - 666666
[2018-07-12T02:17:14.195] [INFO] oth - 666666
[2018-07-12T02:17:14.195] [FATAL] oth - 666666
[2018-07-12T02:17:14.221] [INFO] oth - 数据库连接成功：6666666
[2018-07-12T02:17:19.327] [ERROR] oth - 666666
[2018-07-12T02:17:19.328] [INFO] oth - 666666
[2018-07-12T02:17:19.328] [FATAL] oth - 666666
[2018-07-12T02:17:19.356] [INFO] oth - 数据库连接成功：6666666
[2018-07-12T02:17:20.887] [ERROR] oth - 666666
[2018-07-12T02:17:20.888] [INFO] oth - 666666
[2018-07-12T02:17:20.888] [FATAL] oth - 666666
[2018-07-12T02:17:20.914] [INFO] oth - 数据库连接成功：6666666
[2018-07-12T02:17:21.843] [ERROR] oth - 666666
[2018-07-12T02:17:21.845] [INFO] oth - 666666
[2018-07-12T02:17:21.845] [FATAL] oth - 666666
[2018-07-12T02:17:21.869] [INFO] oth - 数据库连接成功：6666666
[2018-07-12T02:17:36.744] [ERROR] oth - 666666
[2018-07-12T02:17:36.746] [INFO] oth - 666666
[2018-07-12T02:17:36.746] [FATAL] oth - 666666
[2018-07-12T02:17:36.769] [INFO] oth - 数据库连接成功：6666666
[2018-07-12T02:17:40.532] [ERROR] oth - 666666
[2018-07-12T02:17:40.533] [INFO] oth - 666666
[2018-07-12T02:17:40.534] [FATAL] oth - 666666
[2018-07-12T02:17:40.580] [INFO] oth - 数据库连接成功：6666666
[2018-07-12T02:17:41.700] [ERROR] oth - 666666
[2018-07-12T02:17:41.701] [INFO] oth - 666666
[2018-07-12T02:17:41.702] [FATAL] oth - 666666
[2018-07-12T02:17:41.726] [INFO] oth - 数据库连接成功：6666666
[2018-07-12T02:17:51.715] [ERROR] oth - 666666
[2018-07-12T02:17:51.716] [INFO] oth - 666666
[2018-07-12T02:17:51.716] [FATAL] oth - 666666
[2018-07-12T02:17:51.741] [INFO] oth - 数据库连接成功：6666666
[2018-07-12T02:18:05.619] [ERROR] oth - 666666
[2018-07-12T02:18:05.620] [INFO] oth - 666666
[2018-07-12T02:18:05.620] [FATAL] oth - 666666
[2018-07-12T02:18:05.638] [INFO] oth - 数据库连接成功：6666666
[2018-07-12T02:18:06.847] [ERROR] oth - 666666
[2018-07-12T02:18:06.848] [INFO] oth - 666666
[2018-07-12T02:18:06.849] [FATAL] oth - 666666
[2018-07-12T02:18:06.875] [INFO] oth - 数据库连接成功：6666666
[2018-07-12T02:18:16.834] [ERROR] oth - 666666
[2018-07-12T02:18:16.835] [INFO] oth - 666666
[2018-07-12T02:18:16.835] [FATAL] oth - 666666
[2018-07-12T02:18:16.863] [INFO] oth - 数据库连接成功：6666666
[2018-07-12T02:18:21.799] [ERROR] oth - 666666
[2018-07-12T02:18:21.800] [INFO] oth - 666666
[2018-07-12T02:18:21.800] [FATAL] oth - 666666
[2018-07-12T02:18:21.824] [INFO] oth - 数据库连接成功：6666666
[2018-07-12T02:18:32.478] [ERROR] oth - 666666
[2018-07-12T02:18:32.479] [INFO] oth - 666666
[2018-07-12T02:18:32.479] [FATAL] oth - 666666
[2018-07-12T02:18:32.504] [INFO] oth - 数据库连接成功：6666666
[2018-07-12T02:18:46.908] [ERROR] oth - 666666
[2018-07-12T02:18:46.909] [INFO] oth - 666666
[2018-07-12T02:18:46.909] [FATAL] oth - 666666
[2018-07-12T02:18:46.933] [INFO] oth - 数据库连接成功：6666666
[2018-07-12T02:18:49.411] [ERROR] oth - 666666
[2018-07-12T02:18:49.412] [INFO] oth - 666666
[2018-07-12T02:18:49.412] [FATAL] oth - 666666
[2018-07-12T02:18:49.429] [INFO] oth - 数据库连接成功：6666666
[2018-07-12T02:18:51.937] [ERROR] oth - 666666
[2018-07-12T02:18:51.938] [INFO] oth - 666666
[2018-07-12T02:18:51.938] [FATAL] oth - 666666
[2018-07-12T02:18:51.951] [INFO] oth - 数据库连接成功：6666666
[2018-07-12T02:18:54.409] [ERROR] oth - 666666
[2018-07-12T02:18:54.410] [INFO] oth - 666666
[2018-07-12T02:18:54.410] [FATAL] oth - 666666
[2018-07-12T02:18:54.437] [INFO] oth - 数据库连接成功：6666666
[2018-07-12T02:18:57.458] [ERROR] oth - 666666
[2018-07-12T02:18:57.459] [INFO] oth - 666666
[2018-07-12T02:18:57.459] [FATAL] oth - 666666
[2018-07-12T02:18:57.484] [INFO] oth - 数据库连接成功：6666666
[2018-07-12T02:19:11.904] [ERROR] oth - 666666
[2018-07-12T02:19:11.905] [INFO] oth - 666666
[2018-07-12T02:19:11.905] [FATAL] oth - 666666
[2018-07-12T02:19:11.930] [INFO] oth - 数据库连接成功：6666666
[2018-07-12T02:19:16.914] [ERROR] oth - 666666
[2018-07-12T02:19:16.915] [INFO] oth - 666666
[2018-07-12T02:19:16.916] [FATAL] oth - 666666
[2018-07-12T02:19:16.940] [INFO] oth - 数据库连接成功：6666666
[2018-07-12T02:19:19.464] [ERROR] oth - 666666
[2018-07-12T02:19:19.465] [INFO] oth - 666666
[2018-07-12T02:19:19.466] [FATAL] oth - 666666
[2018-07-12T02:19:19.490] [INFO] oth - 数据库连接成功：6666666
[2018-07-12T02:19:26.899] [ERROR] oth - 666666
[2018-07-12T02:19:26.900] [INFO] oth - 666666
[2018-07-12T02:19:26.900] [FATAL] oth - 666666
[2018-07-12T02:19:26.925] [INFO] oth - 数据库连接成功：6666666
[2018-07-12T02:19:29.635] [ERROR] oth - 666666
[2018-07-12T02:19:29.637] [INFO] oth - 666666
[2018-07-12T02:19:29.637] [FATAL] oth - 666666
[2018-07-12T02:19:29.663] [INFO] oth - 数据库连接成功：6666666
[2018-07-12T02:19:31.944] [ERROR] oth - 666666
[2018-07-12T02:19:31.945] [INFO] oth - 666666
[2018-07-12T02:19:31.945] [FATAL] oth - 666666
[2018-07-12T02:19:31.969] [INFO] oth - 数据库连接成功：6666666
[2018-07-12T02:19:33.150] [ERROR] oth - 666666
[2018-07-12T02:19:33.151] [INFO] oth - 666666
[2018-07-12T02:19:33.151] [FATAL] oth - 666666
[2018-07-12T02:19:33.176] [INFO] oth - 数据库连接成功：6666666
[2018-07-12T02:19:34.377] [ERROR] oth - 666666
[2018-07-12T02:19:34.378] [INFO] oth - 666666
[2018-07-12T02:19:34.378] [FATAL] oth - 666666
[2018-07-12T02:19:34.403] [INFO] oth - 数据库连接成功：6666666
[2018-07-12T02:19:35.171] [ERROR] oth - 666666
[2018-07-12T02:19:35.172] [INFO] oth - 666666
[2018-07-12T02:19:35.172] [FATAL] oth - 666666
[2018-07-12T02:19:35.196] [INFO] oth - 数据库连接成功：6666666
[2018-07-12T02:19:47.775] [ERROR] oth - 666666
[2018-07-12T02:19:47.776] [INFO] oth - 666666
[2018-07-12T02:19:47.777] [FATAL] oth - 666666
[2018-07-12T02:19:47.801] [INFO] oth - 数据库连接成功：6666666
[2018-07-12T02:19:49.456] [ERROR] oth - 666666
[2018-07-12T02:19:49.457] [INFO] oth - 666666
[2018-07-12T02:19:49.457] [FATAL] oth - 666666
[2018-07-12T02:19:49.481] [INFO] oth - 数据库连接成功：6666666
[2018-07-12T02:20:49.531] [ERROR] oth - 666666
[2018-07-12T02:20:49.532] [INFO] oth - 666666
[2018-07-12T02:20:49.533] [FATAL] oth - 666666
[2018-07-12T02:20:49.565] [INFO] oth - 数据库连接成功：6666666
[2018-07-12T02:20:52.121] [ERROR] oth - 666666
[2018-07-12T02:20:52.123] [INFO] oth - 666666
[2018-07-12T02:20:52.123] [FATAL] oth - 666666
[2018-07-12T02:20:52.137] [INFO] oth - 数据库连接成功：6666666
[2018-07-12T02:20:54.524] [ERROR] oth - 666666
[2018-07-12T02:20:54.525] [INFO] oth - 666666
[2018-07-12T02:20:54.525] [FATAL] oth - 666666
[2018-07-12T02:20:54.550] [INFO] oth - 数据库连接成功：6666666
[2018-07-12T02:20:57.007] [ERROR] oth - 666666
[2018-07-12T02:20:57.008] [INFO] oth - 666666
[2018-07-12T02:20:57.008] [FATAL] oth - 666666
[2018-07-12T02:20:57.041] [INFO] oth - 数据库连接成功：6666666
[2018-07-12T02:20:59.519] [ERROR] oth - 666666
[2018-07-12T02:20:59.520] [INFO] oth - 666666
[2018-07-12T02:20:59.520] [FATAL] oth - 666666
[2018-07-12T02:20:59.543] [INFO] oth - 数据库连接成功：6666666
[2018-07-12T02:21:01.901] [ERROR] oth - 666666
[2018-07-12T02:21:01.903] [INFO] oth - 666666
[2018-07-12T02:21:01.903] [FATAL] oth - 666666
[2018-07-12T02:21:01.928] [INFO] oth - 数据库连接成功：6666666
[2018-07-12T02:21:04.435] [ERROR] oth - 666666
[2018-07-12T02:21:04.436] [INFO] oth - 666666
[2018-07-12T02:21:04.437] [FATAL] oth - 666666
[2018-07-12T02:21:04.462] [INFO] oth - 数据库连接成功：6666666
[2018-07-12T02:21:07.000] [ERROR] oth - 666666
[2018-07-12T02:21:07.001] [INFO] oth - 666666
[2018-07-12T02:21:07.002] [FATAL] oth - 666666
[2018-07-12T02:21:07.027] [INFO] oth - 数据库连接成功：6666666
[2018-07-12T02:21:09.590] [ERROR] oth - 666666
[2018-07-12T02:21:09.591] [INFO] oth - 666666
[2018-07-12T02:21:09.591] [FATAL] oth - 666666
[2018-07-12T02:21:09.616] [INFO] oth - 数据库连接成功：6666666
[2018-07-12T02:21:15.023] [ERROR] oth - 666666
[2018-07-12T02:21:15.024] [INFO] oth - 666666
[2018-07-12T02:21:15.025] [FATAL] oth - 666666
[2018-07-12T02:21:15.050] [INFO] oth - 数据库连接成功：6666666
[2018-07-12T02:21:19.603] [ERROR] oth - 666666
[2018-07-12T02:21:19.604] [INFO] oth - 666666
[2018-07-12T02:21:19.604] [FATAL] oth - 666666
[2018-07-12T02:21:19.627] [INFO] oth - 数据库连接成功：6666666
[2018-07-12T02:21:21.055] [ERROR] oth - 666666
[2018-07-12T02:21:21.057] [INFO] oth - 666666
[2018-07-12T02:21:21.057] [FATAL] oth - 666666
[2018-07-12T02:21:21.082] [INFO] oth - 数据库连接成功：6666666
[2018-07-12T02:21:22.063] [ERROR] oth - 666666
[2018-07-12T02:21:22.065] [INFO] oth - 666666
[2018-07-12T02:21:22.065] [FATAL] oth - 666666
[2018-07-12T02:21:22.091] [INFO] oth - 数据库连接成功：6666666
[2018-07-12T02:21:27.121] [ERROR] oth - 666666
[2018-07-12T02:21:27.122] [INFO] oth - 666666
[2018-07-12T02:21:27.122] [FATAL] oth - 666666
[2018-07-12T02:21:27.145] [INFO] oth - 数据库连接成功：6666666
[2018-07-12T02:21:29.623] [ERROR] oth - 666666
[2018-07-12T02:21:29.624] [INFO] oth - 666666
[2018-07-12T02:21:29.624] [FATAL] oth - 666666
[2018-07-12T02:21:29.648] [INFO] oth - 数据库连接成功：6666666
[2018-07-12T02:21:32.053] [ERROR] oth - 666666
[2018-07-12T02:21:32.054] [INFO] oth - 666666
[2018-07-12T02:21:32.054] [FATAL] oth - 666666
[2018-07-12T02:21:32.086] [INFO] oth - 数据库连接成功：6666666
[2018-07-12T02:21:34.623] [ERROR] oth - 666666
[2018-07-12T02:21:34.625] [INFO] oth - 666666
[2018-07-12T02:21:34.625] [FATAL] oth - 666666
[2018-07-12T02:21:34.650] [INFO] oth - 数据库连接成功：6666666
[2018-07-12T02:21:37.152] [ERROR] oth - 666666
[2018-07-12T02:21:37.153] [INFO] oth - 666666
[2018-07-12T02:21:37.153] [FATAL] oth - 666666
[2018-07-12T02:21:37.167] [INFO] oth - 数据库连接成功：6666666
[2018-07-12T02:21:39.595] [ERROR] oth - 666666
[2018-07-12T02:21:39.596] [INFO] oth - 666666
[2018-07-12T02:21:39.596] [FATAL] oth - 666666
[2018-07-12T02:21:39.621] [INFO] oth - 数据库连接成功：6666666
[2018-07-12T02:21:54.641] [ERROR] oth - 666666
[2018-07-12T02:21:54.642] [INFO] oth - 666666
[2018-07-12T02:21:54.642] [FATAL] oth - 666666
[2018-07-12T02:21:54.666] [INFO] oth - 数据库连接成功：6666666
[2018-07-12T02:21:59.531] [ERROR] oth - 666666
[2018-07-12T02:21:59.532] [INFO] oth - 666666
[2018-07-12T02:21:59.532] [FATAL] oth - 666666
[2018-07-12T02:21:59.556] [INFO] oth - 数据库连接成功：6666666
[2018-07-12T02:22:02.064] [ERROR] oth - 666666
[2018-07-12T02:22:02.065] [INFO] oth - 666666
[2018-07-12T02:22:02.065] [FATAL] oth - 666666
[2018-07-12T02:22:02.090] [INFO] oth - 数据库连接成功：6666666
[2018-07-12T02:22:04.643] [ERROR] oth - 666666
[2018-07-12T02:22:04.644] [INFO] oth - 666666
[2018-07-12T02:22:04.644] [FATAL] oth - 666666
[2018-07-12T02:22:04.668] [INFO] oth - 数据库连接成功：6666666
[2018-07-12T02:22:06.993] [ERROR] oth - 666666
[2018-07-12T02:22:06.994] [INFO] oth - 666666
[2018-07-12T02:22:06.994] [FATAL] oth - 666666
[2018-07-12T02:22:07.018] [INFO] oth - 数据库连接成功：6666666
[2018-07-12T02:22:09.526] [ERROR] oth - 666666
[2018-07-12T02:22:09.527] [INFO] oth - 666666
[2018-07-12T02:22:09.527] [FATAL] oth - 666666
[2018-07-12T02:22:09.552] [INFO] oth - 数据库连接成功：6666666
[2018-07-12T02:22:11.226] [ERROR] oth - 666666
[2018-07-12T02:22:11.227] [INFO] oth - 666666
[2018-07-12T02:22:11.227] [FATAL] oth - 666666
[2018-07-12T02:22:11.253] [INFO] oth - 数据库连接成功：6666666
[2018-07-12T02:22:12.122] [ERROR] oth - 666666
[2018-07-12T02:22:12.123] [INFO] oth - 666666
[2018-07-12T02:22:12.123] [FATAL] oth - 666666
[2018-07-12T02:22:12.147] [INFO] oth - 数据库连接成功：6666666
[2018-07-12T02:22:19.604] [ERROR] oth - 666666
[2018-07-12T02:22:19.605] [INFO] oth - 666666
[2018-07-12T02:22:19.605] [FATAL] oth - 666666
[2018-07-12T02:22:19.631] [INFO] oth - 数据库连接成功：6666666
[2018-07-12T02:22:25.225] [ERROR] oth - 666666
[2018-07-12T02:22:25.227] [INFO] oth - 666666
[2018-07-12T02:22:25.227] [FATAL] oth - 666666
[2018-07-12T02:22:25.252] [INFO] oth - 数据库连接成功：6666666
[2018-07-12T02:22:40.926] [ERROR] oth - 666666
[2018-07-12T02:22:40.927] [INFO] oth - 666666
[2018-07-12T02:22:40.927] [FATAL] oth - 666666
[2018-07-12T02:22:40.953] [INFO] oth - 数据库连接成功：6666666
[2018-07-12T02:22:42.208] [ERROR] oth - 666666
[2018-07-12T02:22:42.209] [INFO] oth - 666666
[2018-07-12T02:22:42.209] [FATAL] oth - 666666
[2018-07-12T02:22:42.224] [INFO] oth - 数据库连接成功：6666666
[2018-07-12T02:22:54.670] [ERROR] oth - 666666
[2018-07-12T02:22:54.671] [INFO] oth - 666666
[2018-07-12T02:22:54.671] [FATAL] oth - 666666
[2018-07-12T02:22:54.695] [INFO] oth - 数据库连接成功：6666666
[2018-07-12T02:22:55.911] [ERROR] oth - 666666
[2018-07-12T02:22:55.912] [INFO] oth - 666666
[2018-07-12T02:22:55.912] [FATAL] oth - 666666
[2018-07-12T02:22:55.939] [INFO] oth - 数据库连接成功：6666666
[2018-07-12T02:22:57.165] [ERROR] oth - 666666
[2018-07-12T02:22:57.166] [INFO] oth - 666666
[2018-07-12T02:22:57.166] [FATAL] oth - 666666
[2018-07-12T02:22:57.191] [INFO] oth - 数据库连接成功：6666666
[2018-07-12T02:23:02.063] [ERROR] oth - 666666
[2018-07-12T02:23:02.064] [INFO] oth - 666666
[2018-07-12T02:23:02.064] [FATAL] oth - 666666
[2018-07-12T02:23:02.090] [INFO] oth - 数据库连接成功：6666666
[2018-07-12T02:23:04.576] [ERROR] oth - 666666
[2018-07-12T02:23:04.577] [INFO] oth - 666666
[2018-07-12T02:23:04.577] [FATAL] oth - 666666
[2018-07-12T02:23:04.602] [INFO] oth - 数据库连接成功：6666666
[2018-07-12T02:23:12.163] [ERROR] oth - 666666
[2018-07-12T02:23:12.164] [INFO] oth - 666666
[2018-07-12T02:23:12.165] [FATAL] oth - 666666
[2018-07-12T02:23:12.189] [INFO] oth - 数据库连接成功：6666666
[2018-07-12T02:23:13.407] [ERROR] oth - 666666
[2018-07-12T02:23:13.408] [INFO] oth - 666666
[2018-07-12T02:23:13.409] [FATAL] oth - 666666
[2018-07-12T02:23:13.433] [INFO] oth - 数据库连接成功：6666666
[2018-07-12T02:23:37.341] [ERROR] oth - 666666
[2018-07-12T02:23:37.342] [INFO] oth - 666666
[2018-07-12T02:23:37.342] [FATAL] oth - 666666
[2018-07-12T02:23:37.366] [INFO] oth - 数据库连接成功：6666666
[2018-07-12T02:23:39.672] [ERROR] oth - 666666
[2018-07-12T02:23:39.673] [INFO] oth - 666666
[2018-07-12T02:23:39.673] [FATAL] oth - 666666
[2018-07-12T02:23:39.702] [INFO] oth - 数据库连接成功：6666666
[2018-07-12T02:23:42.134] [ERROR] oth - 666666
[2018-07-12T02:23:42.136] [INFO] oth - 666666
[2018-07-12T02:23:42.136] [FATAL] oth - 666666
[2018-07-12T02:23:42.150] [INFO] oth - 数据库连接成功：6666666
[2018-07-12T02:23:44.700] [ERROR] oth - 666666
[2018-07-12T02:23:44.701] [INFO] oth - 666666
[2018-07-12T02:23:44.701] [FATAL] oth - 666666
[2018-07-12T02:23:44.726] [INFO] oth - 数据库连接成功：6666666
[2018-07-12T02:23:47.163] [ERROR] oth - 666666
[2018-07-12T02:23:47.164] [INFO] oth - 666666
[2018-07-12T02:23:47.165] [FATAL] oth - 666666
[2018-07-12T02:23:47.189] [INFO] oth - 数据库连接成功：6666666
[2018-07-12T02:23:52.160] [ERROR] oth - 666666
[2018-07-12T02:23:52.161] [INFO] oth - 666666
[2018-07-12T02:23:52.161] [FATAL] oth - 666666
[2018-07-12T02:23:52.185] [INFO] oth - 数据库连接成功：6666666
[2018-07-12T02:23:54.698] [ERROR] oth - 666666
[2018-07-12T02:23:54.699] [INFO] oth - 666666
[2018-07-12T02:23:54.699] [FATAL] oth - 666666
[2018-07-12T02:23:54.724] [INFO] oth - 数据库连接成功：6666666
[2018-07-12T02:23:57.160] [ERROR] oth - 666666
[2018-07-12T02:23:57.161] [INFO] oth - 666666
[2018-07-12T02:23:57.161] [FATAL] oth - 666666
[2018-07-12T02:23:57.186] [INFO] oth - 数据库连接成功：6666666
[2018-07-12T02:23:59.717] [ERROR] oth - 666666
[2018-07-12T02:23:59.718] [INFO] oth - 666666
[2018-07-12T02:23:59.718] [FATAL] oth - 666666
[2018-07-12T02:23:59.743] [INFO] oth - 数据库连接成功：6666666
[2018-07-12T02:24:02.196] [ERROR] oth - 666666
[2018-07-12T02:24:02.198] [INFO] oth - 666666
[2018-07-12T02:24:02.198] [FATAL] oth - 666666
[2018-07-12T02:24:02.227] [INFO] oth - 数据库连接成功：6666666
[2018-07-12T02:24:08.034] [ERROR] oth - 666666
[2018-07-12T02:24:08.035] [INFO] oth - 666666
[2018-07-12T02:24:08.035] [FATAL] oth - 666666
[2018-07-12T02:24:08.062] [INFO] oth - 数据库连接成功：6666666
[2018-07-12T02:24:09.625] [ERROR] oth - 666666
[2018-07-12T02:24:09.626] [INFO] oth - 666666
[2018-07-12T02:24:09.626] [FATAL] oth - 666666
[2018-07-12T02:24:09.649] [INFO] oth - 数据库连接成功：6666666
[2018-07-12T02:24:13.575] [ERROR] oth - 666666
[2018-07-12T02:24:13.577] [INFO] oth - 666666
[2018-07-12T02:24:13.577] [FATAL] oth - 666666
[2018-07-12T02:24:13.602] [INFO] oth - 数据库连接成功：6666666
[2018-07-12T02:24:14.838] [ERROR] oth - 666666
[2018-07-12T02:24:14.839] [INFO] oth - 666666
[2018-07-12T02:24:14.841] [FATAL] oth - 666666
[2018-07-12T02:24:14.856] [INFO] oth - 数据库连接成功：6666666
[2018-07-12T02:24:22.213] [ERROR] oth - 666666
[2018-07-12T02:24:22.214] [INFO] oth - 666666
[2018-07-12T02:24:22.214] [FATAL] oth - 666666
[2018-07-12T02:24:22.239] [INFO] oth - 数据库连接成功：6666666
[2018-07-12T02:24:27.250] [ERROR] oth - 666666
[2018-07-12T02:24:27.251] [INFO] oth - 666666
[2018-07-12T02:24:27.251] [FATAL] oth - 666666
[2018-07-12T02:24:27.275] [INFO] oth - 数据库连接成功：6666666
[2018-07-12T02:24:29.732] [ERROR] oth - 666666
[2018-07-12T02:24:29.733] [INFO] oth - 666666
[2018-07-12T02:24:29.734] [FATAL] oth - 666666
[2018-07-12T02:24:29.781] [INFO] oth - 数据库连接成功：6666666
[2018-07-12T02:24:32.273] [ERROR] oth - 666666
[2018-07-12T02:24:32.274] [INFO] oth - 666666
[2018-07-12T02:24:32.274] [FATAL] oth - 666666
[2018-07-12T02:24:32.299] [INFO] oth - 数据库连接成功：6666666
[2018-07-12T02:24:35.223] [ERROR] oth - 666666
[2018-07-12T02:24:35.224] [INFO] oth - 666666
[2018-07-12T02:24:35.225] [FATAL] oth - 666666
[2018-07-12T02:24:35.249] [INFO] oth - 数据库连接成功：6666666
[2018-07-12T02:24:37.507] [ERROR] oth - 666666
[2018-07-12T02:24:37.508] [INFO] oth - 666666
[2018-07-12T02:24:37.508] [FATAL] oth - 666666
[2018-07-12T02:24:37.532] [INFO] oth - 数据库连接成功：6666666
[2018-07-12T02:24:39.842] [ERROR] oth - 666666
[2018-07-12T02:24:39.844] [INFO] oth - 666666
[2018-07-12T02:24:39.844] [FATAL] oth - 666666
[2018-07-12T02:24:39.866] [INFO] oth - 数据库连接成功：6666666
[2018-07-12T02:24:41.351] [ERROR] oth - 666666
[2018-07-12T02:24:41.352] [INFO] oth - 666666
[2018-07-12T02:24:41.352] [FATAL] oth - 666666
[2018-07-12T02:24:41.378] [INFO] oth - 数据库连接成功：6666666
[2018-07-12T02:24:42.617] [ERROR] oth - 666666
[2018-07-12T02:24:42.618] [INFO] oth - 666666
[2018-07-12T02:24:42.618] [FATAL] oth - 666666
[2018-07-12T02:24:42.643] [INFO] oth - 数据库连接成功：6666666
[2018-07-12T02:24:56.040] [ERROR] oth - 666666
[2018-07-12T02:24:56.041] [INFO] oth - 666666
[2018-07-12T02:24:56.041] [FATAL] oth - 666666
[2018-07-12T02:24:56.065] [INFO] oth - 数据库连接成功：6666666
[2018-07-12T02:24:57.165] [ERROR] oth - 666666
[2018-07-12T02:24:57.166] [INFO] oth - 666666
[2018-07-12T02:24:57.166] [FATAL] oth - 666666
[2018-07-12T02:24:57.190] [INFO] oth - 数据库连接成功：6666666
[2018-07-12T02:25:12.282] [ERROR] oth - 666666
[2018-07-12T02:25:12.283] [INFO] oth - 666666
[2018-07-12T02:25:12.283] [FATAL] oth - 666666
[2018-07-12T02:25:12.311] [INFO] oth - 数据库连接成功：6666666
[2018-07-12T02:25:14.845] [ERROR] oth - 666666
[2018-07-12T02:25:14.846] [INFO] oth - 666666
[2018-07-12T02:25:14.846] [FATAL] oth - 666666
[2018-07-12T02:25:14.876] [INFO] oth - 数据库连接成功：6666666
[2018-07-12T02:25:17.314] [ERROR] oth - 666666
[2018-07-12T02:25:17.316] [INFO] oth - 666666
[2018-07-12T02:25:17.317] [FATAL] oth - 666666
[2018-07-12T02:25:17.366] [INFO] oth - 数据库连接成功：6666666
[2018-07-12T02:25:19.045] [ERROR] oth - 666666
[2018-07-12T02:25:19.046] [INFO] oth - 666666
[2018-07-12T02:25:19.046] [FATAL] oth - 666666
[2018-07-12T02:25:19.072] [INFO] oth - 数据库连接成功：6666666
[2018-07-12T02:25:19.763] [ERROR] oth - 666666
[2018-07-12T02:25:19.764] [INFO] oth - 666666
[2018-07-12T02:25:19.764] [FATAL] oth - 666666
[2018-07-12T02:25:19.788] [INFO] oth - 数据库连接成功：6666666
[2018-07-12T02:25:22.330] [ERROR] oth - 666666
[2018-07-12T02:25:22.331] [INFO] oth - 666666
[2018-07-12T02:25:22.331] [FATAL] oth - 666666
[2018-07-12T02:25:22.360] [INFO] oth - 数据库连接成功：6666666
[2018-07-12T02:25:23.892] [ERROR] oth - 666666
[2018-07-12T02:25:23.893] [INFO] oth - 666666
[2018-07-12T02:25:23.894] [FATAL] oth - 666666
[2018-07-12T02:25:23.929] [INFO] oth - 数据库连接成功：6666666
[2018-07-12T02:25:24.884] [ERROR] oth - 666666
[2018-07-12T02:25:24.885] [INFO] oth - 666666
[2018-07-12T02:25:24.886] [FATAL] oth - 666666
[2018-07-12T02:25:24.901] [INFO] oth - 数据库连接成功：6666666
[2018-07-12T02:25:27.281] [ERROR] oth - 666666
[2018-07-12T02:25:27.283] [INFO] oth - 666666
[2018-07-12T02:25:27.283] [FATAL] oth - 666666
[2018-07-12T02:25:27.319] [INFO] oth - 数据库连接成功：6666666
[2018-07-12T02:25:29.844] [ERROR] oth - 666666
[2018-07-12T02:25:29.845] [INFO] oth - 666666
[2018-07-12T02:25:29.845] [FATAL] oth - 666666
[2018-07-12T02:25:29.872] [INFO] oth - 数据库连接成功：6666666
[2018-07-12T02:25:32.313] [ERROR] oth - 666666
[2018-07-12T02:25:32.314] [INFO] oth - 666666
[2018-07-12T02:25:32.315] [FATAL] oth - 666666
[2018-07-12T02:25:32.341] [INFO] oth - 数据库连接成功：6666666
[2018-07-12T02:25:34.784] [ERROR] oth - 666666
[2018-07-12T02:25:34.785] [INFO] oth - 666666
[2018-07-12T02:25:34.786] [FATAL] oth - 666666
[2018-07-12T02:25:34.809] [INFO] oth - 数据库连接成功：6666666
[2018-07-12T02:25:37.309] [ERROR] oth - 666666
[2018-07-12T02:25:37.310] [INFO] oth - 666666
[2018-07-12T02:25:37.311] [FATAL] oth - 666666
[2018-07-12T02:25:37.335] [INFO] oth - 数据库连接成功：6666666
[2018-07-12T02:25:39.767] [ERROR] oth - 666666
[2018-07-12T02:25:39.768] [INFO] oth - 666666
[2018-07-12T02:25:39.769] [FATAL] oth - 666666
[2018-07-12T02:25:39.786] [INFO] oth - 数据库连接成功：6666666
[2018-07-12T02:25:42.431] [ERROR] oth - 666666
[2018-07-12T02:25:42.432] [INFO] oth - 666666
[2018-07-12T02:25:42.432] [FATAL] oth - 666666
[2018-07-12T02:25:42.460] [INFO] oth - 数据库连接成功：6666666
[2018-07-12T02:25:44.841] [ERROR] oth - 666666
[2018-07-12T02:25:44.842] [INFO] oth - 666666
[2018-07-12T02:25:44.842] [FATAL] oth - 666666
[2018-07-12T02:25:44.867] [INFO] oth - 数据库连接成功：6666666
[2018-07-12T02:25:47.300] [ERROR] oth - 666666
[2018-07-12T02:25:47.301] [INFO] oth - 666666
[2018-07-12T02:25:47.301] [FATAL] oth - 666666
[2018-07-12T02:25:47.324] [INFO] oth - 数据库连接成功：6666666
[2018-07-12T02:25:51.053] [ERROR] oth - 666666
[2018-07-12T02:25:51.054] [INFO] oth - 666666
[2018-07-12T02:25:51.054] [FATAL] oth - 666666
[2018-07-12T02:25:51.078] [INFO] oth - 数据库连接成功：6666666
[2018-07-12T02:25:52.290] [ERROR] oth - 666666
[2018-07-12T02:25:52.291] [INFO] oth - 666666
[2018-07-12T02:25:52.291] [FATAL] oth - 666666
[2018-07-12T02:25:52.316] [INFO] oth - 数据库连接成功：6666666
[2018-07-12T02:26:47.445] [ERROR] oth - 666666
[2018-07-12T02:26:47.446] [INFO] oth - 666666
[2018-07-12T02:26:47.446] [FATAL] oth - 666666
[2018-07-12T02:26:47.470] [INFO] oth - 数据库连接成功：6666666
[2018-07-12T02:26:49.963] [ERROR] oth - 666666
[2018-07-12T02:26:49.964] [INFO] oth - 666666
[2018-07-12T02:26:49.964] [FATAL] oth - 666666
[2018-07-12T02:26:49.978] [INFO] oth - 数据库连接成功：6666666
[2018-07-12T02:26:52.286] [ERROR] oth - 666666
[2018-07-12T02:26:52.287] [INFO] oth - 666666
[2018-07-12T02:26:52.287] [FATAL] oth - 666666
[2018-07-12T02:26:52.305] [INFO] oth - 数据库连接成功：6666666
[2018-07-12T02:27:25.452] [ERROR] oth - 666666
[2018-07-12T02:27:25.453] [INFO] oth - 666666
[2018-07-12T02:27:25.453] [FATAL] oth - 666666
[2018-07-12T02:27:25.478] [INFO] oth - 数据库连接成功：6666666
[2018-07-12T02:27:27.458] [ERROR] oth - 666666
[2018-07-12T02:27:27.459] [INFO] oth - 666666
[2018-07-12T02:27:27.459] [FATAL] oth - 666666
[2018-07-12T02:27:27.484] [INFO] oth - 数据库连接成功：6666666
[2018-07-12T02:27:29.915] [ERROR] oth - 666666
[2018-07-12T02:27:29.916] [INFO] oth - 666666
[2018-07-12T02:27:29.916] [FATAL] oth - 666666
[2018-07-12T02:27:29.941] [INFO] oth - 数据库连接成功：6666666
[2018-07-12T02:27:31.258] [ERROR] oth - 666666
[2018-07-12T02:27:31.259] [INFO] oth - 666666
[2018-07-12T02:27:31.259] [FATAL] oth - 666666
[2018-07-12T02:27:31.273] [INFO] oth - 数据库连接成功：6666666
[2018-07-12T02:27:32.432] [ERROR] oth - 666666
[2018-07-12T02:27:32.433] [INFO] oth - 666666
[2018-07-12T02:27:32.433] [FATAL] oth - 666666
[2018-07-12T02:27:32.456] [INFO] oth - 数据库连接成功：6666666
[2018-07-12T02:27:33.821] [ERROR] oth - 666666
[2018-07-12T02:27:33.822] [INFO] oth - 666666
[2018-07-12T02:27:33.822] [FATAL] oth - 666666
[2018-07-12T02:27:33.847] [INFO] oth - 数据库连接成功：6666666
[2018-07-12T02:27:34.973] [ERROR] oth - 666666
[2018-07-12T02:27:34.974] [INFO] oth - 666666
[2018-07-12T02:27:34.974] [FATAL] oth - 666666
[2018-07-12T02:27:34.987] [INFO] oth - 数据库连接成功：6666666
[2018-07-12T02:27:37.453] [ERROR] oth - 666666
[2018-07-12T02:27:37.454] [INFO] oth - 666666
[2018-07-12T02:27:37.454] [FATAL] oth - 666666
[2018-07-12T02:27:37.478] [INFO] oth - 数据库连接成功：6666666
[2018-07-12T02:27:39.937] [ERROR] oth - 666666
[2018-07-12T02:27:39.940] [INFO] oth - 666666
[2018-07-12T02:27:39.941] [FATAL] oth - 666666
[2018-07-12T02:27:39.967] [INFO] oth - 数据库连接成功：6666666
[2018-07-12T02:27:42.463] [ERROR] oth - 666666
[2018-07-12T02:27:42.465] [INFO] oth - 666666
[2018-07-12T02:27:42.465] [FATAL] oth - 666666
[2018-07-12T02:27:42.488] [INFO] oth - 数据库连接成功：6666666
[2018-07-12T02:27:44.998] [ERROR] oth - 666666
[2018-07-12T02:27:44.999] [INFO] oth - 666666
[2018-07-12T02:27:45.000] [FATAL] oth - 666666
[2018-07-12T02:27:45.018] [INFO] oth - 数据库连接成功：6666666
[2018-07-12T02:27:47.466] [ERROR] oth - 666666
[2018-07-12T02:27:47.468] [INFO] oth - 666666
[2018-07-12T02:27:47.468] [FATAL] oth - 666666
[2018-07-12T02:27:47.494] [INFO] oth - 数据库连接成功：6666666
[2018-07-12T02:27:50.015] [ERROR] oth - 666666
[2018-07-12T02:27:50.016] [INFO] oth - 666666
[2018-07-12T02:27:50.016] [FATAL] oth - 666666
[2018-07-12T02:27:50.042] [INFO] oth - 数据库连接成功：6666666
[2018-07-12T02:27:52.444] [ERROR] oth - 666666
[2018-07-12T02:27:52.446] [INFO] oth - 666666
[2018-07-12T02:27:52.446] [FATAL] oth - 666666
[2018-07-12T02:27:52.470] [INFO] oth - 数据库连接成功：6666666
[2018-07-12T02:27:55.371] [ERROR] oth - 666666
[2018-07-12T02:27:55.372] [INFO] oth - 666666
[2018-07-12T02:27:55.372] [FATAL] oth - 666666
[2018-07-12T02:27:55.405] [INFO] oth - 数据库连接成功：6666666
[2018-07-12T02:27:56.322] [ERROR] oth - 666666
[2018-07-12T02:27:56.324] [INFO] oth - 666666
[2018-07-12T02:27:56.324] [FATAL] oth - 666666
[2018-07-12T02:27:56.346] [INFO] oth - 数据库连接成功：6666666
[2018-07-12T02:27:57.386] [ERROR] oth - 666666
[2018-07-12T02:27:57.387] [INFO] oth - 666666
[2018-07-12T02:27:57.387] [FATAL] oth - 666666
[2018-07-12T02:27:57.411] [INFO] oth - 数据库连接成功：6666666
[2018-07-12T02:27:58.839] [ERROR] oth - 666666
[2018-07-12T02:27:58.840] [INFO] oth - 666666
[2018-07-12T02:27:58.840] [FATAL] oth - 666666
[2018-07-12T02:27:58.864] [INFO] oth - 数据库连接成功：6666666
[2018-07-12T02:27:59.842] [ERROR] oth - 666666
[2018-07-12T02:27:59.843] [INFO] oth - 666666
[2018-07-12T02:27:59.843] [FATAL] oth - 666666
[2018-07-12T02:27:59.868] [INFO] oth - 数据库连接成功：6666666
[2018-07-12T02:28:04.957] [ERROR] oth - 666666
[2018-07-12T02:28:04.958] [INFO] oth - 666666
[2018-07-12T02:28:04.959] [FATAL] oth - 666666
[2018-07-12T02:28:04.984] [INFO] oth - 数据库连接成功：6666666
[2018-07-12T02:28:29.916] [ERROR] oth - 666666
[2018-07-12T02:28:29.917] [INFO] oth - 666666
[2018-07-12T02:28:29.918] [FATAL] oth - 666666
[2018-07-12T02:28:29.937] [INFO] oth - 数据库连接成功：6666666
[2018-07-12T02:28:32.481] [ERROR] oth - 666666
[2018-07-12T02:28:32.482] [INFO] oth - 666666
[2018-07-12T02:28:32.482] [FATAL] oth - 666666
[2018-07-12T02:28:32.506] [INFO] oth - 数据库连接成功：6666666
[2018-07-12T02:28:35.049] [ERROR] oth - 666666
[2018-07-12T02:28:35.050] [INFO] oth - 666666
[2018-07-12T02:28:35.050] [FATAL] oth - 666666
[2018-07-12T02:28:35.066] [INFO] oth - 数据库连接成功：6666666
[2018-07-12T02:28:37.428] [ERROR] oth - 666666
[2018-07-12T02:28:37.429] [INFO] oth - 666666
[2018-07-12T02:28:37.429] [FATAL] oth - 666666
[2018-07-12T02:28:37.454] [INFO] oth - 数据库连接成功：6666666
[2018-07-12T02:28:38.970] [ERROR] oth - 666666
[2018-07-12T02:28:38.971] [INFO] oth - 666666
[2018-07-12T02:28:38.971] [FATAL] oth - 666666
[2018-07-12T02:28:38.998] [INFO] oth - 数据库连接成功：6666666
[2018-07-12T02:28:39.909] [ERROR] oth - 666666
[2018-07-12T02:28:39.910] [INFO] oth - 666666
[2018-07-12T02:28:39.910] [FATAL] oth - 666666
[2018-07-12T02:28:39.935] [INFO] oth - 数据库连接成功：6666666
[2018-07-12T02:29:02.644] [ERROR] oth - 666666
[2018-07-12T02:29:02.646] [INFO] oth - 666666
[2018-07-12T02:29:02.646] [FATAL] oth - 666666
[2018-07-12T02:29:02.670] [INFO] oth - 数据库连接成功：6666666
[2018-07-12T02:29:22.881] [ERROR] oth - 666666
[2018-07-12T02:29:22.882] [INFO] oth - 666666
[2018-07-12T02:29:22.882] [FATAL] oth - 666666
[2018-07-12T02:29:22.908] [INFO] oth - 数据库连接成功：6666666
[2018-07-12T02:29:25.075] [ERROR] oth - 666666
[2018-07-12T02:29:25.077] [INFO] oth - 666666
[2018-07-12T02:29:25.077] [FATAL] oth - 666666
[2018-07-12T02:29:25.102] [INFO] oth - 数据库连接成功：6666666
[2018-07-12T02:29:42.664] [ERROR] oth - 666666
[2018-07-12T02:29:42.666] [INFO] oth - 666666
[2018-07-12T02:29:42.666] [FATAL] oth - 666666
[2018-07-12T02:29:42.691] [INFO] oth - 数据库连接成功：6666666
[2018-07-12T02:29:45.062] [ERROR] oth - 666666
[2018-07-12T02:29:45.063] [INFO] oth - 666666
[2018-07-12T02:29:45.063] [FATAL] oth - 666666
[2018-07-12T02:29:45.096] [INFO] oth - 数据库连接成功：6666666
[2018-07-12T02:29:50.000] [ERROR] oth - 666666
[2018-07-12T02:29:50.001] [INFO] oth - 666666
[2018-07-12T02:29:50.001] [FATAL] oth - 666666
[2018-07-12T02:29:50.032] [INFO] oth - 数据库连接成功：6666666
[2018-07-12T02:29:52.584] [ERROR] oth - 666666
[2018-07-12T02:29:52.585] [INFO] oth - 666666
[2018-07-12T02:29:52.585] [FATAL] oth - 666666
[2018-07-12T02:29:52.610] [INFO] oth - 数据库连接成功：6666666
[2018-07-12T02:29:55.129] [ERROR] oth - 666666
[2018-07-12T02:29:55.130] [INFO] oth - 666666
[2018-07-12T02:29:55.130] [FATAL] oth - 666666
[2018-07-12T02:29:55.148] [INFO] oth - 数据库连接成功：6666666
[2018-07-12T02:29:57.517] [ERROR] oth - 666666
[2018-07-12T02:29:57.518] [INFO] oth - 666666
[2018-07-12T02:29:57.519] [FATAL] oth - 666666
[2018-07-12T02:29:57.544] [INFO] oth - 数据库连接成功：6666666
[2018-07-12T02:30:00.061] [ERROR] oth - 666666
[2018-07-12T02:30:00.062] [INFO] oth - 666666
[2018-07-12T02:30:00.062] [FATAL] oth - 666666
[2018-07-12T02:30:00.087] [INFO] oth - 数据库连接成功：6666666
[2018-07-12T02:30:05.090] [ERROR] oth - 666666
[2018-07-12T02:30:05.091] [INFO] oth - 666666
[2018-07-12T02:30:05.092] [FATAL] oth - 666666
[2018-07-12T02:30:05.116] [INFO] oth - 数据库连接成功：6666666
[2018-07-12T02:30:05.904] [ERROR] oth - 666666
[2018-07-12T02:30:05.906] [INFO] oth - 666666
[2018-07-12T02:30:05.906] [FATAL] oth - 666666
[2018-07-12T02:30:05.931] [INFO] oth - 数据库连接成功：6666666
[2018-07-12T02:30:07.654] [ERROR] oth - 666666
[2018-07-12T02:30:07.655] [INFO] oth - 666666
[2018-07-12T02:30:07.655] [FATAL] oth - 666666
[2018-07-12T02:30:07.689] [INFO] oth - 数据库连接成功：6666666
[2018-07-12T02:30:10.464] [ERROR] oth - 666666
[2018-07-12T02:30:10.466] [INFO] oth - 666666
[2018-07-12T02:30:10.466] [FATAL] oth - 666666
[2018-07-12T02:30:10.490] [INFO] oth - 数据库连接成功：6666666
[2018-07-12T02:30:12.601] [ERROR] oth - 666666
[2018-07-12T02:30:12.602] [INFO] oth - 666666
[2018-07-12T02:30:12.602] [FATAL] oth - 666666
[2018-07-12T02:30:12.629] [INFO] oth - 数据库连接成功：6666666
[2018-07-12T02:30:13.677] [ERROR] oth - 666666
[2018-07-12T02:30:13.678] [INFO] oth - 666666
[2018-07-12T02:30:13.678] [FATAL] oth - 666666
[2018-07-12T02:30:13.703] [INFO] oth - 数据库连接成功：6666666
[2018-07-12T02:30:17.591] [ERROR] oth - 666666
[2018-07-12T02:30:17.592] [INFO] oth - 666666
[2018-07-12T02:30:17.592] [FATAL] oth - 666666
[2018-07-12T02:30:17.617] [INFO] oth - 数据库连接成功：6666666
[2018-07-12T02:30:41.536] [ERROR] oth - 666666
[2018-07-12T02:30:41.537] [INFO] oth - 666666
[2018-07-12T02:30:41.537] [FATAL] oth - 666666
[2018-07-12T02:30:41.563] [INFO] oth - 数据库连接成功：6666666
[2018-07-12T02:30:42.684] [ERROR] oth - 666666
[2018-07-12T02:30:42.685] [INFO] oth - 666666
[2018-07-12T02:30:42.685] [FATAL] oth - 666666
[2018-07-12T02:30:42.699] [INFO] oth - 数据库连接成功：6666666
[2018-07-12T02:30:45.179] [ERROR] oth - 666666
[2018-07-12T02:30:45.180] [INFO] oth - 666666
[2018-07-12T02:30:45.180] [FATAL] oth - 666666
[2018-07-12T02:30:45.205] [INFO] oth - 数据库连接成功：6666666
[2018-07-12T02:30:47.505] [ERROR] oth - 666666
[2018-07-12T02:30:47.506] [INFO] oth - 666666
[2018-07-12T02:30:47.506] [FATAL] oth - 666666
[2018-07-12T02:30:47.531] [INFO] oth - 数据库连接成功：6666666
[2018-07-12T02:30:52.645] [ERROR] oth - 666666
[2018-07-12T02:30:52.646] [INFO] oth - 666666
[2018-07-12T02:30:52.646] [FATAL] oth - 666666
[2018-07-12T02:30:52.674] [INFO] oth - 数据库连接成功：6666666
[2018-07-12T02:30:55.161] [ERROR] oth - 666666
[2018-07-12T02:30:55.163] [INFO] oth - 666666
[2018-07-12T02:30:55.163] [FATAL] oth - 666666
[2018-07-12T02:30:55.177] [INFO] oth - 数据库连接成功：6666666
[2018-07-12T02:30:57.610] [ERROR] oth - 666666
[2018-07-12T02:30:57.611] [INFO] oth - 666666
[2018-07-12T02:30:57.611] [FATAL] oth - 666666
[2018-07-12T02:30:57.635] [INFO] oth - 数据库连接成功：6666666
[2018-07-12T02:31:07.563] [ERROR] oth - 666666
[2018-07-12T02:31:07.564] [INFO] oth - 666666
[2018-07-12T02:31:07.564] [FATAL] oth - 666666
[2018-07-12T02:31:07.596] [INFO] oth - 数据库连接成功：6666666
[2018-07-12T02:31:08.871] [ERROR] oth - 666666
[2018-07-12T02:31:08.872] [INFO] oth - 666666
[2018-07-12T02:31:08.872] [FATAL] oth - 666666
[2018-07-12T02:31:08.887] [INFO] oth - 数据库连接成功：6666666
[2018-07-12T02:31:12.680] [ERROR] oth - 666666
[2018-07-12T02:31:12.681] [INFO] oth - 666666
[2018-07-12T02:31:12.681] [FATAL] oth - 666666
[2018-07-12T02:31:12.718] [INFO] oth - 数据库连接成功：6666666
[2018-07-12T02:31:15.194] [ERROR] oth - 666666
[2018-07-12T02:31:15.195] [INFO] oth - 666666
[2018-07-12T02:31:15.195] [FATAL] oth - 666666
[2018-07-12T02:31:15.220] [INFO] oth - 数据库连接成功：6666666
[2018-07-12T02:31:20.193] [ERROR] oth - 666666
[2018-07-12T02:31:20.194] [INFO] oth - 666666
[2018-07-12T02:31:20.195] [FATAL] oth - 666666
[2018-07-12T02:31:20.219] [INFO] oth - 数据库连接成功：6666666
[2018-07-12T02:31:22.699] [ERROR] oth - 666666
[2018-07-12T02:31:22.701] [INFO] oth - 666666
[2018-07-12T02:31:22.701] [FATAL] oth - 666666
[2018-07-12T02:31:22.728] [INFO] oth - 数据库连接成功：6666666
[2018-07-12T02:31:23.969] [ERROR] oth - 666666
[2018-07-12T02:31:23.971] [INFO] oth - 666666
[2018-07-12T02:31:23.971] [FATAL] oth - 666666
[2018-07-12T02:31:23.996] [INFO] oth - 数据库连接成功：6666666
[2018-07-12T02:31:25.193] [ERROR] oth - 666666
[2018-07-12T02:31:25.195] [INFO] oth - 666666
[2018-07-12T02:31:25.195] [FATAL] oth - 666666
[2018-07-12T02:31:25.219] [INFO] oth - 数据库连接成功：6666666
[2018-07-12T02:31:27.752] [ERROR] oth - 666666
[2018-07-12T02:31:27.754] [INFO] oth - 666666
[2018-07-12T02:31:27.754] [FATAL] oth - 666666
[2018-07-12T02:31:27.780] [INFO] oth - 数据库连接成功：6666666
[2018-07-12T02:31:30.167] [ERROR] oth - 666666
[2018-07-12T02:31:30.169] [INFO] oth - 666666
[2018-07-12T02:31:30.169] [FATAL] oth - 666666
[2018-07-12T02:31:30.183] [INFO] oth - 数据库连接成功：6666666
[2018-07-12T02:31:40.238] [ERROR] oth - 666666
[2018-07-12T02:31:40.239] [INFO] oth - 666666
[2018-07-12T02:31:40.239] [FATAL] oth - 666666
[2018-07-12T02:31:40.264] [INFO] oth - 数据库连接成功：6666666
[2018-07-12T02:31:42.755] [ERROR] oth - 666666
[2018-07-12T02:31:42.756] [INFO] oth - 666666
[2018-07-12T02:31:42.756] [FATAL] oth - 666666
[2018-07-12T02:31:42.773] [INFO] oth - 数据库连接成功：6666666
[2018-07-12T02:31:45.710] [ERROR] oth - 666666
[2018-07-12T02:31:45.711] [INFO] oth - 666666
[2018-07-12T02:31:45.712] [FATAL] oth - 666666
[2018-07-12T02:31:45.735] [INFO] oth - 数据库连接成功：6666666
[2018-07-12T02:31:47.695] [ERROR] oth - 666666
[2018-07-12T02:31:47.697] [INFO] oth - 666666
[2018-07-12T02:31:47.697] [FATAL] oth - 666666
[2018-07-12T02:31:47.726] [INFO] oth - 数据库连接成功：6666666
[2018-07-12T02:31:50.300] [ERROR] oth - 666666
[2018-07-12T02:31:50.301] [INFO] oth - 666666
[2018-07-12T02:31:50.301] [FATAL] oth - 666666
[2018-07-12T02:31:50.315] [INFO] oth - 数据库连接成功：6666666
[2018-07-12T02:31:52.745] [ERROR] oth - 666666
[2018-07-12T02:31:52.746] [INFO] oth - 666666
[2018-07-12T02:31:52.746] [FATAL] oth - 666666
[2018-07-12T02:31:52.771] [INFO] oth - 数据库连接成功：6666666
[2018-07-12T02:31:57.396] [ERROR] oth - 666666
[2018-07-12T02:31:57.397] [INFO] oth - 666666
[2018-07-12T02:31:57.397] [FATAL] oth - 666666
[2018-07-12T02:31:57.422] [INFO] oth - 数据库连接成功：6666666
[2018-07-12T02:32:17.872] [ERROR] oth - 666666
[2018-07-12T02:32:17.873] [INFO] oth - 666666
[2018-07-12T02:32:17.873] [FATAL] oth - 666666
[2018-07-12T02:32:17.897] [INFO] oth - 数据库连接成功：6666666
[2018-07-12T02:32:58.316] [ERROR] oth - 666666
[2018-07-12T02:32:58.317] [INFO] oth - 666666
[2018-07-12T02:32:58.317] [FATAL] oth - 666666
[2018-07-12T02:32:58.331] [INFO] oth - 数据库连接成功：6666666
[2018-07-12T02:33:29.469] [ERROR] oth - 666666
[2018-07-12T02:33:29.470] [INFO] oth - 666666
[2018-07-12T02:33:29.470] [FATAL] oth - 666666
[2018-07-12T02:33:29.498] [INFO] oth - 数据库连接成功：6666666
[2018-07-12T02:33:30.422] [ERROR] oth - 666666
[2018-07-12T02:33:30.423] [INFO] oth - 666666
[2018-07-12T02:33:30.423] [FATAL] oth - 666666
[2018-07-12T02:33:30.438] [INFO] oth - 数据库连接成功：6666666
[2018-07-12T02:33:35.435] [ERROR] oth - 666666
[2018-07-12T02:33:35.436] [INFO] oth - 666666
[2018-07-12T02:33:35.436] [FATAL] oth - 666666
[2018-07-12T02:33:35.460] [INFO] oth - 数据库连接成功：6666666
[2018-07-12T02:33:37.907] [ERROR] oth - 666666
[2018-07-12T02:33:37.908] [INFO] oth - 666666
[2018-07-12T02:33:37.908] [FATAL] oth - 666666
[2018-07-12T02:33:37.932] [INFO] oth - 数据库连接成功：6666666
[2018-07-12T02:33:40.380] [ERROR] oth - 666666
[2018-07-12T02:33:40.381] [INFO] oth - 666666
[2018-07-12T02:33:40.381] [FATAL] oth - 666666
[2018-07-12T02:33:40.406] [INFO] oth - 数据库连接成功：6666666
[2018-07-12T02:33:42.918] [ERROR] oth - 666666
[2018-07-12T02:33:42.919] [INFO] oth - 666666
[2018-07-12T02:33:42.919] [FATAL] oth - 666666
[2018-07-12T02:33:42.954] [INFO] oth - 数据库连接成功：6666666
[2018-07-12T02:33:45.405] [ERROR] oth - 666666
[2018-07-12T02:33:45.406] [INFO] oth - 666666
[2018-07-12T02:33:45.406] [FATAL] oth - 666666
[2018-07-12T02:33:45.429] [INFO] oth - 数据库连接成功：6666666
[2018-07-12T02:33:47.914] [ERROR] oth - 666666
[2018-07-12T02:33:47.915] [INFO] oth - 666666
[2018-07-12T02:33:47.915] [FATAL] oth - 666666
[2018-07-12T02:33:47.941] [INFO] oth - 数据库连接成功：6666666
[2018-07-12T02:33:52.961] [ERROR] oth - 666666
[2018-07-12T02:33:52.962] [INFO] oth - 666666
[2018-07-12T02:33:52.962] [FATAL] oth - 666666
[2018-07-12T02:33:52.976] [INFO] oth - 数据库连接成功：6666666
[2018-07-12T02:33:55.939] [ERROR] oth - 666666
[2018-07-12T02:33:55.940] [INFO] oth - 666666
[2018-07-12T02:33:55.940] [FATAL] oth - 666666
[2018-07-12T02:33:55.963] [INFO] oth - 数据库连接成功：6666666
[2018-07-12T02:33:57.942] [ERROR] oth - 666666
[2018-07-12T02:33:57.943] [INFO] oth - 666666
[2018-07-12T02:33:57.943] [FATAL] oth - 666666
[2018-07-12T02:33:57.970] [INFO] oth - 数据库连接成功：6666666
[2018-07-12T02:33:59.317] [ERROR] oth - 666666
[2018-07-12T02:33:59.318] [INFO] oth - 666666
[2018-07-12T02:33:59.318] [FATAL] oth - 666666
[2018-07-12T02:33:59.343] [INFO] oth - 数据库连接成功：6666666
[2018-07-12T02:34:00.415] [ERROR] oth - 666666
[2018-07-12T02:34:00.416] [INFO] oth - 666666
[2018-07-12T02:34:00.416] [FATAL] oth - 666666
[2018-07-12T02:34:00.442] [INFO] oth - 数据库连接成功：6666666
[2018-07-12T02:34:08.030] [ERROR] oth - 666666
[2018-07-12T02:34:08.031] [INFO] oth - 666666
[2018-07-12T02:34:08.031] [FATAL] oth - 666666
[2018-07-12T02:34:08.061] [INFO] oth - 数据库连接成功：6666666
[2018-07-12T02:34:10.373] [ERROR] oth - 666666
[2018-07-12T02:34:10.374] [INFO] oth - 666666
[2018-07-12T02:34:10.374] [FATAL] oth - 666666
[2018-07-12T02:34:10.398] [INFO] oth - 数据库连接成功：6666666
[2018-07-12T02:34:12.927] [ERROR] oth - 666666
[2018-07-12T02:34:12.928] [INFO] oth - 666666
[2018-07-12T02:34:12.928] [FATAL] oth - 666666
[2018-07-12T02:34:12.960] [INFO] oth - 数据库连接成功：6666666
[2018-07-12T02:34:15.466] [ERROR] oth - 666666
[2018-07-12T02:34:15.467] [INFO] oth - 666666
[2018-07-12T02:34:15.467] [FATAL] oth - 666666
[2018-07-12T02:34:15.492] [INFO] oth - 数据库连接成功：6666666
[2018-07-12T02:34:17.993] [ERROR] oth - 666666
[2018-07-12T02:34:17.994] [INFO] oth - 666666
[2018-07-12T02:34:17.994] [FATAL] oth - 666666
[2018-07-12T02:34:18.020] [INFO] oth - 数据库连接成功：6666666
[2018-07-12T02:34:20.520] [ERROR] oth - 666666
[2018-07-12T02:34:20.521] [INFO] oth - 666666
[2018-07-12T02:34:20.521] [FATAL] oth - 666666
[2018-07-12T02:34:20.538] [INFO] oth - 数据库连接成功：6666666
[2018-07-12T02:34:21.992] [ERROR] oth - 666666
[2018-07-12T02:34:21.993] [INFO] oth - 666666
[2018-07-12T02:34:21.993] [FATAL] oth - 666666
[2018-07-12T02:34:22.019] [INFO] oth - 数据库连接成功：6666666
[2018-07-12T02:34:23.572] [ERROR] oth - 666666
[2018-07-12T02:34:23.573] [INFO] oth - 666666
[2018-07-12T02:34:23.574] [FATAL] oth - 666666
[2018-07-12T02:34:23.598] [INFO] oth - 数据库连接成功：6666666
[2018-07-12T02:34:26.127] [ERROR] oth - 666666
[2018-07-12T02:34:26.128] [INFO] oth - 666666
[2018-07-12T02:34:26.128] [FATAL] oth - 666666
[2018-07-12T02:34:26.152] [INFO] oth - 数据库连接成功：6666666
[2018-07-12T02:34:30.458] [ERROR] oth - 666666
[2018-07-12T02:34:30.459] [INFO] oth - 666666
[2018-07-12T02:34:30.459] [FATAL] oth - 666666
[2018-07-12T02:34:30.482] [INFO] oth - 数据库连接成功：6666666
[2018-07-12T02:34:33.004] [ERROR] oth - 666666
[2018-07-12T02:34:33.005] [INFO] oth - 666666
[2018-07-12T02:34:33.005] [FATAL] oth - 666666
[2018-07-12T02:34:33.030] [INFO] oth - 数据库连接成功：6666666
[2018-07-12T02:34:34.143] [ERROR] oth - 666666
[2018-07-12T02:34:34.144] [INFO] oth - 666666
[2018-07-12T02:34:34.144] [FATAL] oth - 666666
[2018-07-12T02:34:34.167] [INFO] oth - 数据库连接成功：6666666
[2018-07-12T02:34:35.482] [ERROR] oth - 666666
[2018-07-12T02:34:35.483] [INFO] oth - 666666
[2018-07-12T02:34:35.483] [FATAL] oth - 666666
[2018-07-12T02:34:35.507] [INFO] oth - 数据库连接成功：6666666
[2018-07-12T02:36:30.591] [ERROR] oth - 666666
[2018-07-12T02:36:30.593] [INFO] oth - 666666
[2018-07-12T02:36:30.593] [FATAL] oth - 666666
[2018-07-12T02:36:30.628] [INFO] oth - 数据库连接成功：6666666
[2018-07-12T02:36:47.289] [ERROR] oth - 666666
[2018-07-12T02:36:47.290] [INFO] oth - 666666
[2018-07-12T02:36:47.290] [FATAL] oth - 666666
[2018-07-12T02:36:47.317] [INFO] oth - 数据库连接成功：6666666
[2018-07-12T02:36:48.121] [ERROR] oth - 666666
[2018-07-12T02:36:48.123] [INFO] oth - 666666
[2018-07-12T02:36:48.123] [FATAL] oth - 666666
[2018-07-12T02:36:48.149] [INFO] oth - 数据库连接成功：6666666
[2018-07-12T02:36:50.555] [ERROR] oth - 666666
[2018-07-12T02:36:50.556] [INFO] oth - 666666
[2018-07-12T02:36:50.556] [FATAL] oth - 666666
[2018-07-12T02:36:50.581] [INFO] oth - 数据库连接成功：6666666
[2018-07-12T02:36:53.116] [ERROR] oth - 666666
[2018-07-12T02:36:53.117] [INFO] oth - 666666
[2018-07-12T02:36:53.117] [FATAL] oth - 666666
[2018-07-12T02:36:53.154] [INFO] oth - 数据库连接成功：6666666
[2018-07-12T02:36:55.611] [ERROR] oth - 666666
[2018-07-12T02:36:55.612] [INFO] oth - 666666
[2018-07-12T02:36:55.613] [FATAL] oth - 666666
[2018-07-12T02:36:55.638] [INFO] oth - 数据库连接成功：6666666
[2018-07-12T02:36:58.172] [ERROR] oth - 666666
[2018-07-12T02:36:58.173] [INFO] oth - 666666
[2018-07-12T02:36:58.174] [FATAL] oth - 666666
[2018-07-12T02:36:58.199] [INFO] oth - 数据库连接成功：6666666
[2018-07-12T02:37:00.647] [ERROR] oth - 666666
[2018-07-12T02:37:00.648] [INFO] oth - 666666
[2018-07-12T02:37:00.648] [FATAL] oth - 666666
[2018-07-12T02:37:00.662] [INFO] oth - 数据库连接成功：6666666
[2018-07-12T02:37:03.082] [ERROR] oth - 666666
[2018-07-12T02:37:03.083] [INFO] oth - 666666
[2018-07-12T02:37:03.083] [FATAL] oth - 666666
[2018-07-12T02:37:03.113] [INFO] oth - 数据库连接成功：6666666
[2018-07-12T02:37:05.599] [ERROR] oth - 666666
[2018-07-12T02:37:05.600] [INFO] oth - 666666
[2018-07-12T02:37:05.600] [FATAL] oth - 666666
[2018-07-12T02:37:05.622] [INFO] oth - 数据库连接成功：6666666
[2018-07-12T02:37:08.109] [ERROR] oth - 666666
[2018-07-12T02:37:08.110] [INFO] oth - 666666
[2018-07-12T02:37:08.110] [FATAL] oth - 666666
[2018-07-12T02:37:08.137] [INFO] oth - 数据库连接成功：6666666
[2018-07-12T02:37:10.612] [ERROR] oth - 666666
[2018-07-12T02:37:10.613] [INFO] oth - 666666
[2018-07-12T02:37:10.613] [FATAL] oth - 666666
[2018-07-12T02:37:10.637] [INFO] oth - 数据库连接成功：6666666
[2018-07-12T02:37:13.209] [ERROR] oth - 666666
[2018-07-12T02:37:13.210] [INFO] oth - 666666
[2018-07-12T02:37:13.210] [FATAL] oth - 666666
[2018-07-12T02:37:13.234] [INFO] oth - 数据库连接成功：6666666
[2018-07-12T02:37:15.660] [ERROR] oth - 666666
[2018-07-12T02:37:15.661] [INFO] oth - 666666
[2018-07-12T02:37:15.661] [FATAL] oth - 666666
[2018-07-12T02:37:15.686] [INFO] oth - 数据库连接成功：6666666
[2018-07-12T02:37:18.153] [ERROR] oth - 666666
[2018-07-12T02:37:18.154] [INFO] oth - 666666
[2018-07-12T02:37:18.154] [FATAL] oth - 666666
[2018-07-12T02:37:18.181] [INFO] oth - 数据库连接成功：6666666
[2018-07-12T02:37:20.681] [ERROR] oth - 666666
[2018-07-12T02:37:20.682] [INFO] oth - 666666
[2018-07-12T02:37:20.682] [FATAL] oth - 666666
[2018-07-12T02:37:20.708] [INFO] oth - 数据库连接成功：6666666
[2018-07-12T02:37:23.129] [ERROR] oth - 666666
[2018-07-12T02:37:23.130] [INFO] oth - 666666
[2018-07-12T02:37:23.131] [FATAL] oth - 666666
[2018-07-12T02:37:23.156] [INFO] oth - 数据库连接成功：6666666
[2018-07-12T02:37:25.578] [ERROR] oth - 666666
[2018-07-12T02:37:25.579] [INFO] oth - 666666
[2018-07-12T02:37:25.579] [FATAL] oth - 666666
[2018-07-12T02:37:25.624] [INFO] oth - 数据库连接成功：6666666
[2018-07-12T02:37:28.147] [ERROR] oth - 666666
[2018-07-12T02:37:28.148] [INFO] oth - 666666
[2018-07-12T02:37:28.148] [FATAL] oth - 666666
[2018-07-12T02:37:28.172] [INFO] oth - 数据库连接成功：6666666
[2018-07-12T02:37:35.706] [ERROR] oth - 666666
[2018-07-12T02:37:35.707] [INFO] oth - 666666
[2018-07-12T02:37:35.707] [FATAL] oth - 666666
[2018-07-12T02:37:35.731] [INFO] oth - 数据库连接成功：6666666
[2018-07-12T02:37:38.186] [ERROR] oth - 666666
[2018-07-12T02:37:38.187] [INFO] oth - 666666
[2018-07-12T02:37:38.187] [FATAL] oth - 666666
[2018-07-12T02:37:38.211] [INFO] oth - 数据库连接成功：6666666
[2018-07-12T02:37:39.889] [ERROR] oth - 666666
[2018-07-12T02:37:39.890] [INFO] oth - 666666
[2018-07-12T02:37:39.890] [FATAL] oth - 666666
[2018-07-12T02:37:39.913] [INFO] oth - 数据库连接成功：6666666
[2018-07-12T02:37:40.692] [ERROR] oth - 666666
[2018-07-12T02:37:40.693] [INFO] oth - 666666
[2018-07-12T02:37:40.693] [FATAL] oth - 666666
[2018-07-12T02:37:40.717] [INFO] oth - 数据库连接成功：6666666
[2018-07-12T02:37:43.091] [ERROR] oth - 666666
[2018-07-12T02:37:43.092] [INFO] oth - 666666
[2018-07-12T02:37:43.093] [FATAL] oth - 666666
[2018-07-12T02:37:43.118] [INFO] oth - 数据库连接成功：6666666
[2018-07-12T02:37:48.169] [ERROR] oth - 666666
[2018-07-12T02:37:48.170] [INFO] oth - 666666
[2018-07-12T02:37:48.170] [FATAL] oth - 666666
[2018-07-12T02:37:48.195] [INFO] oth - 数据库连接成功：6666666
[2018-07-12T02:37:49.331] [ERROR] oth - 666666
[2018-07-12T02:37:49.332] [INFO] oth - 666666
[2018-07-12T02:37:49.332] [FATAL] oth - 666666
[2018-07-12T02:37:49.361] [INFO] oth - 数据库连接成功：6666666
[2018-07-12T02:37:50.683] [ERROR] oth - 666666
[2018-07-12T02:37:50.685] [INFO] oth - 666666
[2018-07-12T02:37:50.685] [FATAL] oth - 666666
[2018-07-12T02:37:50.712] [INFO] oth - 数据库连接成功：6666666
[2018-07-12T02:38:13.194] [ERROR] oth - 666666
[2018-07-12T02:38:13.195] [INFO] oth - 666666
[2018-07-12T02:38:13.195] [FATAL] oth - 666666
[2018-07-12T02:38:13.221] [INFO] oth - 数据库连接成功：6666666
[2018-07-12T02:38:15.599] [ERROR] oth - 666666
[2018-07-12T02:38:15.600] [INFO] oth - 666666
[2018-07-12T02:38:15.600] [FATAL] oth - 666666
[2018-07-12T02:38:15.624] [INFO] oth - 数据库连接成功：6666666
[2018-07-12T02:38:16.715] [ERROR] oth - 666666
[2018-07-12T02:38:16.716] [INFO] oth - 666666
[2018-07-12T02:38:16.716] [FATAL] oth - 666666
[2018-07-12T02:38:16.739] [INFO] oth - 数据库连接成功：6666666
[2018-07-12T02:38:18.437] [ERROR] oth - 666666
[2018-07-12T02:38:18.438] [INFO] oth - 666666
[2018-07-12T02:38:18.438] [FATAL] oth - 666666
[2018-07-12T02:38:18.463] [INFO] oth - 数据库连接成功：6666666
[2018-07-12T02:38:24.254] [ERROR] oth - 666666
[2018-07-12T02:38:24.255] [INFO] oth - 666666
[2018-07-12T02:38:24.256] [FATAL] oth - 666666
[2018-07-12T02:38:24.281] [INFO] oth - 数据库连接成功：6666666
[2018-07-12T02:38:25.706] [ERROR] oth - 666666
[2018-07-12T02:38:25.707] [INFO] oth - 666666
[2018-07-12T02:38:25.707] [FATAL] oth - 666666
[2018-07-12T02:38:25.731] [INFO] oth - 数据库连接成功：6666666
[2018-07-12T02:38:30.710] [ERROR] oth - 666666
[2018-07-12T02:38:30.711] [INFO] oth - 666666
[2018-07-12T02:38:30.711] [FATAL] oth - 666666
[2018-07-12T02:38:30.736] [INFO] oth - 数据库连接成功：6666666
[2018-07-12T02:38:33.210] [ERROR] oth - 666666
[2018-07-12T02:38:33.211] [INFO] oth - 666666
[2018-07-12T02:38:33.211] [FATAL] oth - 666666
[2018-07-12T02:38:33.235] [INFO] oth - 数据库连接成功：6666666
[2018-07-12T02:38:35.726] [ERROR] oth - 666666
[2018-07-12T02:38:35.727] [INFO] oth - 666666
[2018-07-12T02:38:35.727] [FATAL] oth - 666666
[2018-07-12T02:38:35.754] [INFO] oth - 数据库连接成功：6666666
[2018-07-12T02:38:38.210] [ERROR] oth - 666666
[2018-07-12T02:38:38.211] [INFO] oth - 666666
[2018-07-12T02:38:38.211] [FATAL] oth - 666666
[2018-07-12T02:38:38.232] [INFO] oth - 数据库连接成功：6666666
[2018-07-12T02:39:08.718] [ERROR] oth - 666666
[2018-07-12T02:39:08.719] [INFO] oth - 666666
[2018-07-12T02:39:08.720] [FATAL] oth - 666666
[2018-07-12T02:39:08.747] [INFO] oth - 数据库连接成功：6666666
[2018-07-12T02:39:10.791] [ERROR] oth - 666666
[2018-07-12T02:39:10.792] [INFO] oth - 666666
[2018-07-12T02:39:10.792] [FATAL] oth - 666666
[2018-07-12T02:39:10.822] [INFO] oth - 数据库连接成功：6666666
[2018-07-12T02:39:13.264] [ERROR] oth - 666666
[2018-07-12T02:39:13.266] [INFO] oth - 666666
[2018-07-12T02:39:13.266] [FATAL] oth - 666666
[2018-07-12T02:39:13.291] [INFO] oth - 数据库连接成功：6666666
[2018-07-12T02:39:15.766] [ERROR] oth - 666666
[2018-07-12T02:39:15.767] [INFO] oth - 666666
[2018-07-12T02:39:15.767] [FATAL] oth - 666666
[2018-07-12T02:39:15.791] [INFO] oth - 数据库连接成功：6666666
[2018-07-12T02:39:18.292] [ERROR] oth - 666666
[2018-07-12T02:39:18.293] [INFO] oth - 666666
[2018-07-12T02:39:18.293] [FATAL] oth - 666666
[2018-07-12T02:39:18.317] [INFO] oth - 数据库连接成功：6666666
[2018-07-12T02:39:20.815] [ERROR] oth - 666666
[2018-07-12T02:39:20.816] [INFO] oth - 666666
[2018-07-12T02:39:20.816] [FATAL] oth - 666666
[2018-07-12T02:39:20.840] [INFO] oth - 数据库连接成功：6666666
[2018-07-12T02:39:23.261] [ERROR] oth - 666666
[2018-07-12T02:39:23.262] [INFO] oth - 666666
[2018-07-12T02:39:23.262] [FATAL] oth - 666666
[2018-07-12T02:39:23.286] [INFO] oth - 数据库连接成功：6666666
[2018-07-12T02:39:28.275] [ERROR] oth - 666666
[2018-07-12T02:39:28.276] [INFO] oth - 666666
[2018-07-12T02:39:28.277] [FATAL] oth - 666666
[2018-07-12T02:39:28.300] [INFO] oth - 数据库连接成功：6666666
[2018-07-12T02:39:30.815] [ERROR] oth - 666666
[2018-07-12T02:39:30.816] [INFO] oth - 666666
[2018-07-12T02:39:30.816] [FATAL] oth - 666666
[2018-07-12T02:39:30.841] [INFO] oth - 数据库连接成功：6666666
[2018-07-12T02:39:33.266] [ERROR] oth - 666666
[2018-07-12T02:39:33.267] [INFO] oth - 666666
[2018-07-12T02:39:33.267] [FATAL] oth - 666666
[2018-07-12T02:39:33.292] [INFO] oth - 数据库连接成功：6666666
[2018-07-12T02:39:34.567] [ERROR] oth - 666666
[2018-07-12T02:39:34.568] [INFO] oth - 666666
[2018-07-12T02:39:34.569] [FATAL] oth - 666666
[2018-07-12T02:39:34.594] [INFO] oth - 数据库连接成功：6666666
[2018-07-12T02:39:40.735] [ERROR] oth - 666666
[2018-07-12T02:39:40.737] [INFO] oth - 666666
[2018-07-12T02:39:40.737] [FATAL] oth - 666666
[2018-07-12T02:39:40.761] [INFO] oth - 数据库连接成功：6666666
[2018-07-12T02:39:45.822] [ERROR] oth - 666666
[2018-07-12T02:39:45.824] [INFO] oth - 666666
[2018-07-12T02:39:45.824] [FATAL] oth - 666666
[2018-07-12T02:39:45.850] [INFO] oth - 数据库连接成功：6666666
[2018-07-12T02:39:50.826] [ERROR] oth - 666666
[2018-07-12T02:39:50.828] [INFO] oth - 666666
[2018-07-12T02:39:50.828] [FATAL] oth - 666666
[2018-07-12T02:39:50.864] [INFO] oth - 数据库连接成功：6666666
[2018-07-12T02:40:18.970] [ERROR] oth - 666666
[2018-07-12T02:40:18.971] [INFO] oth - 666666
[2018-07-12T02:40:18.972] [FATAL] oth - 666666
[2018-07-12T02:40:18.996] [INFO] oth - 数据库连接成功：6666666
[2018-07-12T02:40:20.850] [ERROR] oth - 666666
[2018-07-12T02:40:20.851] [INFO] oth - 666666
[2018-07-12T02:40:20.851] [FATAL] oth - 666666
[2018-07-12T02:40:20.876] [INFO] oth - 数据库连接成功：6666666
[2018-07-12T02:40:23.353] [ERROR] oth - 666666
[2018-07-12T02:40:23.354] [INFO] oth - 666666
[2018-07-12T02:40:23.354] [FATAL] oth - 666666
[2018-07-12T02:40:23.379] [INFO] oth - 数据库连接成功：6666666
[2018-07-12T02:40:25.810] [ERROR] oth - 666666
[2018-07-12T02:40:25.811] [INFO] oth - 666666
[2018-07-12T02:40:25.811] [FATAL] oth - 666666
[2018-07-12T02:40:25.836] [INFO] oth - 数据库连接成功：6666666
[2018-07-12T02:40:27.582] [ERROR] oth - 666666
[2018-07-12T02:40:27.583] [INFO] oth - 666666
[2018-07-12T02:40:27.583] [FATAL] oth - 666666
[2018-07-12T02:40:27.597] [INFO] oth - 数据库连接成功：6666666
[2018-07-12T02:40:28.271] [ERROR] oth - 666666
[2018-07-12T02:40:28.272] [INFO] oth - 666666
[2018-07-12T02:40:28.272] [FATAL] oth - 666666
[2018-07-12T02:40:28.297] [INFO] oth - 数据库连接成功：6666666
[2018-07-12T02:40:30.779] [ERROR] oth - 666666
[2018-07-12T02:40:30.780] [INFO] oth - 666666
[2018-07-12T02:40:30.780] [FATAL] oth - 666666
[2018-07-12T02:40:30.804] [INFO] oth - 数据库连接成功：6666666
[2018-07-12T02:41:08.771] [ERROR] oth - 666666
[2018-07-12T02:41:08.772] [INFO] oth - 666666
[2018-07-12T02:41:08.773] [FATAL] oth - 666666
[2018-07-12T02:41:08.800] [INFO] oth - 数据库连接成功：6666666
[2018-07-12T02:41:18.370] [ERROR] oth - 666666
[2018-07-12T02:41:18.371] [INFO] oth - 666666
[2018-07-12T02:41:18.371] [FATAL] oth - 666666
[2018-07-12T02:41:18.396] [INFO] oth - 数据库连接成功：6666666
[2018-07-12T02:41:20.877] [ERROR] oth - 666666
[2018-07-12T02:41:20.879] [INFO] oth - 666666
[2018-07-12T02:41:20.879] [FATAL] oth - 666666
[2018-07-12T02:41:20.903] [INFO] oth - 数据库连接成功：6666666
[2018-07-12T02:41:21.865] [ERROR] oth - 666666
[2018-07-12T02:41:21.866] [INFO] oth - 666666
[2018-07-12T02:41:21.866] [FATAL] oth - 666666
[2018-07-12T02:41:21.893] [INFO] oth - 数据库连接成功：6666666
[2018-07-12T02:41:23.281] [ERROR] oth - 666666
[2018-07-12T02:41:23.282] [INFO] oth - 666666
[2018-07-12T02:41:23.282] [FATAL] oth - 666666
[2018-07-12T02:41:23.307] [INFO] oth - 数据库连接成功：6666666
[2018-07-12T02:41:26.407] [ERROR] oth - 666666
[2018-07-12T02:41:26.408] [INFO] oth - 666666
[2018-07-12T02:41:26.408] [FATAL] oth - 666666
[2018-07-12T02:41:26.432] [INFO] oth - 数据库连接成功：6666666
[2018-07-12T02:41:30.875] [ERROR] oth - 666666
[2018-07-12T02:41:30.876] [INFO] oth - 666666
[2018-07-12T02:41:30.877] [FATAL] oth - 666666
[2018-07-12T02:41:30.902] [INFO] oth - 数据库连接成功：6666666
[2018-07-12T02:41:33.451] [ERROR] oth - 666666
[2018-07-12T02:41:33.452] [INFO] oth - 666666
[2018-07-12T02:41:33.452] [FATAL] oth - 666666
[2018-07-12T02:41:33.476] [INFO] oth - 数据库连接成功：6666666
[2018-07-12T02:41:35.866] [ERROR] oth - 666666
[2018-07-12T02:41:35.867] [INFO] oth - 666666
[2018-07-12T02:41:35.867] [FATAL] oth - 666666
[2018-07-12T02:41:35.901] [INFO] oth - 数据库连接成功：6666666
[2018-07-12T02:41:43.392] [ERROR] oth - 666666
[2018-07-12T02:41:43.393] [INFO] oth - 666666
[2018-07-12T02:41:43.393] [FATAL] oth - 666666
[2018-07-12T02:41:43.417] [INFO] oth - 数据库连接成功：6666666
[2018-07-12T02:41:45.904] [ERROR] oth - 666666
[2018-07-12T02:41:45.905] [INFO] oth - 666666
[2018-07-12T02:41:45.906] [FATAL] oth - 666666
[2018-07-12T02:41:45.930] [INFO] oth - 数据库连接成功：6666666
[2018-07-12T02:41:47.608] [ERROR] oth - 666666
[2018-07-12T02:41:48.307] [ERROR] oth - 666666
[2018-07-12T02:41:48.308] [INFO] oth - 666666
[2018-07-12T02:41:48.308] [FATAL] oth - 666666
[2018-07-12T02:41:48.332] [INFO] oth - 数据库连接成功：6666666
[2018-07-12T02:41:50.937] [ERROR] oth - 666666
[2018-07-12T02:41:50.938] [INFO] oth - 666666
[2018-07-12T02:41:50.938] [FATAL] oth - 666666
[2018-07-12T02:41:50.968] [INFO] oth - 数据库连接成功：6666666
[2018-07-12T02:41:53.415] [ERROR] oth - 666666
[2018-07-12T02:41:53.416] [INFO] oth - 666666
[2018-07-12T02:41:53.416] [FATAL] oth - 666666
[2018-07-12T02:41:53.438] [INFO] oth - 数据库连接成功：6666666
[2018-07-12T02:42:07.369] [ERROR] oth - 666666
[2018-07-12T02:42:07.371] [INFO] oth - 666666
[2018-07-12T02:42:07.371] [FATAL] oth - 666666
[2018-07-12T02:42:07.396] [INFO] oth - 数据库连接成功：6666666
[2018-07-12T02:42:08.469] [ERROR] oth - 666666
[2018-07-12T02:42:08.470] [INFO] oth - 666666
[2018-07-12T02:42:08.470] [FATAL] oth - 666666
[2018-07-12T02:42:08.496] [INFO] oth - 数据库连接成功：6666666
[2018-07-12T02:42:10.925] [ERROR] oth - 666666
[2018-07-12T02:42:10.926] [INFO] oth - 666666
[2018-07-12T02:42:10.927] [FATAL] oth - 666666
[2018-07-12T02:42:10.944] [INFO] oth - 数据库连接成功：6666666
[2018-07-12T02:42:20.856] [ERROR] oth - 666666
[2018-07-12T02:42:20.858] [INFO] oth - 666666
[2018-07-12T02:42:20.858] [FATAL] oth - 666666
[2018-07-12T02:42:20.882] [INFO] oth - 数据库连接成功：6666666
[2018-07-12T02:42:38.603] [ERROR] oth - 666666
[2018-07-12T02:42:38.604] [INFO] oth - 666666
[2018-07-12T02:42:38.604] [FATAL] oth - 666666
[2018-07-12T02:42:38.630] [INFO] oth - 数据库连接成功：6666666
[2018-07-12T02:42:39.942] [ERROR] oth - 666666
[2018-07-12T02:42:39.943] [INFO] oth - 666666
[2018-07-12T02:42:39.943] [FATAL] oth - 666666
[2018-07-12T02:42:39.969] [INFO] oth - 数据库连接成功：6666666
[2018-07-12T02:42:48.468] [ERROR] oth - 666666
[2018-07-12T02:42:48.469] [INFO] oth - 666666
[2018-07-12T02:42:48.469] [FATAL] oth - 666666
[2018-07-12T02:42:48.494] [INFO] oth - 数据库连接成功：6666666
[2018-07-12T02:42:50.990] [ERROR] oth - 666666
[2018-07-12T02:42:50.991] [INFO] oth - 666666
[2018-07-12T02:42:50.991] [FATAL] oth - 666666
[2018-07-12T02:42:51.016] [INFO] oth - 数据库连接成功：6666666
[2018-07-12T02:42:53.524] [ERROR] oth - 666666
[2018-07-12T02:42:53.525] [INFO] oth - 666666
[2018-07-12T02:42:53.525] [FATAL] oth - 666666
[2018-07-12T02:42:53.550] [INFO] oth - 数据库连接成功：6666666
[2018-07-12T02:42:56.023] [ERROR] oth - 666666
[2018-07-12T02:42:56.024] [INFO] oth - 666666
[2018-07-12T02:42:56.025] [FATAL] oth - 666666
[2018-07-12T02:42:56.039] [INFO] oth - 数据库连接成功：6666666
[2018-07-12T02:42:58.489] [ERROR] oth - 666666
[2018-07-12T02:42:58.490] [INFO] oth - 666666
[2018-07-12T02:42:58.490] [FATAL] oth - 666666
[2018-07-12T02:42:58.513] [INFO] oth - 数据库连接成功：6666666
[2018-07-12T02:43:13.516] [ERROR] oth - 666666
[2018-07-12T02:43:13.517] [INFO] oth - 666666
[2018-07-12T02:43:13.517] [FATAL] oth - 666666
[2018-07-12T02:43:13.542] [INFO] oth - 数据库连接成功：6666666
[2018-07-12T02:43:21.027] [ERROR] oth - 666666
[2018-07-12T02:43:21.028] [INFO] oth - 666666
[2018-07-12T02:43:21.028] [FATAL] oth - 666666
[2018-07-12T02:43:21.052] [INFO] oth - 数据库连接成功：6666666
[2018-07-12T02:43:28.469] [ERROR] oth - 666666
[2018-07-12T02:43:28.470] [INFO] oth - 666666
[2018-07-12T02:43:28.470] [FATAL] oth - 666666
[2018-07-12T02:43:28.496] [INFO] oth - 数据库连接成功：6666666
[2018-07-12T02:43:54.125] [ERROR] oth - 666666
[2018-07-12T02:43:54.126] [INFO] oth - 666666
[2018-07-12T02:43:54.126] [FATAL] oth - 666666
[2018-07-12T02:43:54.155] [INFO] oth - 数据库连接成功：6666666
[2018-07-12T02:43:55.258] [ERROR] oth - 666666
[2018-07-12T02:43:55.259] [INFO] oth - 666666
[2018-07-12T02:43:55.259] [FATAL] oth - 666666
[2018-07-12T02:43:55.284] [INFO] oth - 数据库连接成功：6666666
[2018-07-12T02:44:00.955] [ERROR] oth - 666666
[2018-07-12T02:44:00.956] [INFO] oth - 666666
[2018-07-12T02:44:00.956] [FATAL] oth - 666666
[2018-07-12T02:44:00.981] [INFO] oth - 数据库连接成功：6666666
[2018-07-12T02:45:13.884] [ERROR] oth - 666666
[2018-07-12T02:45:13.885] [INFO] oth - 666666
[2018-07-12T02:45:13.886] [FATAL] oth - 666666
[2018-07-12T02:45:13.916] [INFO] oth - 数据库连接成功：6666666
[2018-07-12T02:45:16.091] [ERROR] oth - 666666
[2018-07-12T02:45:16.092] [INFO] oth - 666666
[2018-07-12T02:45:16.092] [FATAL] oth - 666666
[2018-07-12T02:45:16.116] [INFO] oth - 数据库连接成功：6666666
[2018-07-12T02:45:21.217] [ERROR] oth - 666666
[2018-07-12T02:45:21.219] [INFO] oth - 666666
[2018-07-12T02:45:21.219] [FATAL] oth - 666666
[2018-07-12T02:45:21.244] [INFO] oth - 数据库连接成功：6666666
[2018-07-12T02:45:23.750] [ERROR] oth - 666666
[2018-07-12T02:45:23.751] [INFO] oth - 666666
[2018-07-12T02:45:23.751] [FATAL] oth - 666666
[2018-07-12T02:45:23.765] [INFO] oth - 数据库连接成功：6666666
[2018-07-12T02:45:26.062] [ERROR] oth - 666666
[2018-07-12T02:45:26.063] [INFO] oth - 666666
[2018-07-12T02:45:26.063] [FATAL] oth - 666666
[2018-07-12T02:45:26.087] [INFO] oth - 数据库连接成功：6666666
[2018-07-12T02:45:28.628] [ERROR] oth - 666666
[2018-07-12T02:45:28.629] [INFO] oth - 666666
[2018-07-12T02:45:28.629] [FATAL] oth - 666666
[2018-07-12T02:45:28.654] [INFO] oth - 数据库连接成功：6666666
[2018-07-12T02:45:30.350] [ERROR] oth - 666666
[2018-07-12T02:45:30.351] [INFO] oth - 666666
[2018-07-12T02:45:30.352] [FATAL] oth - 666666
[2018-07-12T02:45:30.376] [INFO] oth - 数据库连接成功：6666666
[2018-07-12T02:45:36.149] [ERROR] oth - 666666
[2018-07-12T02:45:36.150] [INFO] oth - 666666
[2018-07-12T02:45:36.150] [FATAL] oth - 666666
[2018-07-12T02:45:36.177] [INFO] oth - 数据库连接成功：6666666
[2018-07-12T02:45:38.585] [ERROR] oth - 666666
[2018-07-12T02:45:38.586] [INFO] oth - 666666
[2018-07-12T02:45:38.586] [FATAL] oth - 666666
[2018-07-12T02:45:38.601] [INFO] oth - 数据库连接成功：6666666
[2018-07-12T02:45:41.141] [ERROR] oth - 666666
[2018-07-12T02:45:41.143] [INFO] oth - 666666
[2018-07-12T02:45:41.143] [FATAL] oth - 666666
[2018-07-12T02:45:41.167] [INFO] oth - 数据库连接成功：6666666
[2018-07-12T02:45:42.886] [ERROR] oth - 666666
[2018-07-12T02:45:42.887] [INFO] oth - 666666
[2018-07-12T02:45:42.887] [FATAL] oth - 666666
[2018-07-12T02:45:44.234] [ERROR] oth - 666666
[2018-07-12T02:45:44.235] [INFO] oth - 666666
[2018-07-12T02:45:44.235] [FATAL] oth - 666666
[2018-07-12T02:45:44.259] [INFO] oth - 数据库连接成功：6666666
[2018-07-12T02:45:46.726] [ERROR] oth - 666666
[2018-07-12T02:45:46.727] [INFO] oth - 666666
[2018-07-12T02:45:46.727] [FATAL] oth - 666666
[2018-07-12T02:45:46.753] [INFO] oth - 数据库连接成功：6666666
[2018-07-12T02:45:51.141] [ERROR] oth - 666666
[2018-07-12T02:45:51.143] [INFO] oth - 666666
[2018-07-12T02:45:51.143] [FATAL] oth - 666666
[2018-07-12T02:45:51.166] [INFO] oth - 数据库连接成功：6666666
[2018-07-12T02:45:52.095] [ERROR] oth - 666666
[2018-07-12T02:45:52.096] [INFO] oth - 666666
[2018-07-12T02:45:52.096] [FATAL] oth - 666666
[2018-07-12T02:45:52.113] [INFO] oth - 数据库连接成功：6666666
[2018-07-12T02:45:53.728] [ERROR] oth - 666666
[2018-07-12T02:45:53.729] [INFO] oth - 666666
[2018-07-12T02:45:53.729] [FATAL] oth - 666666
[2018-07-12T02:45:53.754] [INFO] oth - 数据库连接成功：6666666
[2018-07-12T02:49:41.235] [ERROR] oth - 666666
[2018-07-12T02:49:41.237] [INFO] oth - 666666
[2018-07-12T02:49:41.237] [FATAL] oth - 666666
[2018-07-12T02:49:41.264] [INFO] oth - 数据库连接成功：6666666
[2018-07-12T02:49:43.717] [ERROR] oth - 666666
[2018-07-12T02:49:43.719] [INFO] oth - 666666
[2018-07-12T02:49:43.719] [FATAL] oth - 666666
[2018-07-12T02:49:43.745] [INFO] oth - 数据库连接成功：6666666
[2018-07-12T02:49:46.251] [ERROR] oth - 666666
[2018-07-12T02:49:46.252] [INFO] oth - 666666
[2018-07-12T02:49:46.252] [FATAL] oth - 666666
[2018-07-12T02:49:46.277] [INFO] oth - 数据库连接成功：6666666
[2018-07-12T02:49:48.698] [ERROR] oth - 666666
[2018-07-12T02:49:48.699] [INFO] oth - 666666
[2018-07-12T02:49:48.699] [FATAL] oth - 666666
[2018-07-12T02:49:48.724] [INFO] oth - 数据库连接成功：6666666
[2018-07-12T02:49:49.705] [ERROR] oth - 666666
[2018-07-12T02:49:49.706] [INFO] oth - 666666
[2018-07-12T02:49:49.707] [FATAL] oth - 666666
[2018-07-12T02:49:49.731] [INFO] oth - 数据库连接成功：6666666
[2018-07-12T02:49:51.326] [ERROR] oth - 666666
[2018-07-12T02:49:51.328] [INFO] oth - 666666
[2018-07-12T02:49:51.328] [FATAL] oth - 666666
[2018-07-12T02:49:51.347] [INFO] oth - 数据库连接成功：6666666
[2018-07-12T02:49:52.134] [ERROR] oth - 666666
[2018-07-12T02:49:52.135] [INFO] oth - 666666
[2018-07-12T02:49:52.136] [FATAL] oth - 666666
[2018-07-12T02:49:52.161] [INFO] oth - 数据库连接成功：6666666
[2018-07-12T02:49:53.734] [ERROR] oth - 666666
[2018-07-12T02:49:53.735] [INFO] oth - 666666
[2018-07-12T02:49:53.735] [FATAL] oth - 666666
[2018-07-12T02:49:53.759] [INFO] oth - 数据库连接成功：6666666
[2018-07-12T02:49:58.744] [ERROR] oth - 666666
[2018-07-12T02:49:58.746] [INFO] oth - 666666
[2018-07-12T02:49:58.746] [FATAL] oth - 666666
[2018-07-12T02:49:58.768] [INFO] oth - 数据库连接成功：6666666
[2018-07-12T02:50:01.240] [ERROR] oth - 666666
[2018-07-12T02:50:01.241] [INFO] oth - 666666
[2018-07-12T02:50:01.241] [FATAL] oth - 666666
[2018-07-12T02:50:01.267] [INFO] oth - 数据库连接成功：6666666
[2018-07-12T02:50:08.717] [ERROR] oth - 666666
[2018-07-12T02:50:08.719] [INFO] oth - 666666
[2018-07-12T02:50:08.719] [FATAL] oth - 666666
[2018-07-12T02:50:08.746] [INFO] oth - 数据库连接成功：6666666
[2018-07-12T02:50:11.290] [ERROR] oth - 666666
[2018-07-12T02:50:11.291] [INFO] oth - 666666
[2018-07-12T02:50:11.291] [FATAL] oth - 666666
[2018-07-12T02:50:11.315] [INFO] oth - 数据库连接成功：6666666
[2018-07-12T02:55:51.933] [ERROR] oth - 666666
[2018-07-12T02:55:51.934] [INFO] oth - 666666
[2018-07-12T02:55:51.934] [FATAL] oth - 666666
[2018-07-12T02:55:51.951] [INFO] oth - 数据库连接成功：6666666
[2018-07-12T02:55:54.187] [ERROR] oth - 666666
[2018-07-12T02:55:54.188] [INFO] oth - 666666
[2018-07-12T02:55:54.188] [FATAL] oth - 666666
[2018-07-12T02:55:54.202] [INFO] oth - 数据库连接成功：6666666
[2018-07-12T02:55:56.584] [ERROR] oth - 666666
[2018-07-12T02:55:56.586] [INFO] oth - 666666
[2018-07-12T02:55:56.586] [FATAL] oth - 666666
[2018-07-12T02:55:56.613] [INFO] oth - 数据库连接成功：6666666
[2018-07-12T02:55:59.012] [ERROR] oth - 666666
[2018-07-12T02:55:59.013] [INFO] oth - 666666
[2018-07-12T02:55:59.013] [FATAL] oth - 666666
[2018-07-12T02:55:59.038] [INFO] oth - 数据库连接成功：6666666
[2018-07-12T02:56:01.487] [ERROR] oth - 666666
[2018-07-12T02:56:01.488] [INFO] oth - 666666
[2018-07-12T02:56:01.488] [FATAL] oth - 666666
[2018-07-12T02:56:01.514] [INFO] oth - 数据库连接成功：6666666
[2018-07-12T02:56:06.529] [ERROR] oth - 666666
[2018-07-12T02:56:06.530] [INFO] oth - 666666
[2018-07-12T02:56:06.530] [FATAL] oth - 666666
[2018-07-12T02:56:06.557] [INFO] oth - 数据库连接成功：6666666
[2018-07-12T02:56:11.638] [ERROR] oth - 666666
[2018-07-12T02:56:11.639] [INFO] oth - 666666
[2018-07-12T02:56:11.639] [FATAL] oth - 666666
[2018-07-12T02:56:11.670] [INFO] oth - 数据库连接成功：6666666
[2018-07-12T02:56:54.685] [ERROR] oth - 666666
[2018-07-12T02:56:54.686] [INFO] oth - 666666
[2018-07-12T02:56:54.686] [FATAL] oth - 666666
[2018-07-12T02:56:54.711] [INFO] oth - 数据库连接成功：6666666
[2018-07-12T02:56:56.547] [ERROR] oth - 666666
[2018-07-12T02:56:56.548] [INFO] oth - 666666
[2018-07-12T02:56:56.548] [FATAL] oth - 666666
[2018-07-12T02:56:56.572] [INFO] oth - 数据库连接成功：6666666
[2018-07-12T02:56:58.994] [ERROR] oth - 666666
[2018-07-12T02:56:58.995] [INFO] oth - 666666
[2018-07-12T02:56:58.995] [FATAL] oth - 666666
[2018-07-12T02:56:59.021] [INFO] oth - 数据库连接成功：6666666
[2018-07-12T02:57:01.505] [ERROR] oth - 666666
[2018-07-12T02:57:01.506] [INFO] oth - 666666
[2018-07-12T02:57:01.506] [FATAL] oth - 666666
[2018-07-12T02:57:01.529] [INFO] oth - 数据库连接成功：6666666
[2018-07-12T02:57:04.112] [ERROR] oth - 666666
[2018-07-12T02:57:04.113] [INFO] oth - 666666
[2018-07-12T02:57:04.113] [FATAL] oth - 666666
[2018-07-12T02:57:04.137] [INFO] oth - 数据库连接成功：6666666
[2018-07-12T02:57:09.632] [ERROR] oth - 666666
[2018-07-12T02:57:09.633] [INFO] oth - 666666
[2018-07-12T02:57:09.633] [FATAL] oth - 666666
[2018-07-12T02:57:09.648] [INFO] oth - 数据库连接成功：6666666
[2018-07-12T02:57:16.566] [ERROR] oth - 666666
[2018-07-12T02:57:16.567] [INFO] oth - 666666
[2018-07-12T02:57:16.567] [FATAL] oth - 666666
[2018-07-12T02:57:16.592] [INFO] oth - 数据库连接成功：6666666
[2018-07-12T02:57:21.632] [ERROR] oth - 666666
[2018-07-12T02:57:21.633] [INFO] oth - 666666
[2018-07-12T02:57:21.633] [FATAL] oth - 666666
[2018-07-12T02:57:21.659] [INFO] oth - 数据库连接成功：6666666
[2018-07-12T02:57:24.137] [ERROR] oth - 666666
[2018-07-12T02:57:24.138] [INFO] oth - 666666
[2018-07-12T02:57:24.139] [FATAL] oth - 666666
[2018-07-12T02:57:24.167] [INFO] oth - 数据库连接成功：6666666
[2018-07-12T02:57:26.627] [ERROR] oth - 666666
[2018-07-12T02:57:26.628] [INFO] oth - 666666
[2018-07-12T02:57:26.628] [FATAL] oth - 666666
[2018-07-12T02:57:26.652] [INFO] oth - 数据库连接成功：6666666
[2018-07-12T02:57:39.244] [ERROR] oth - 666666
[2018-07-12T02:57:39.245] [INFO] oth - 666666
[2018-07-12T02:57:39.245] [FATAL] oth - 666666
[2018-07-12T02:57:39.268] [INFO] oth - 数据库连接成功：6666666
[2018-07-12T02:57:41.689] [ERROR] oth - 666666
[2018-07-12T02:57:41.690] [INFO] oth - 666666
[2018-07-12T02:57:41.690] [FATAL] oth - 666666
[2018-07-12T02:57:41.715] [INFO] oth - 数据库连接成功：6666666
[2018-07-12T02:57:42.998] [ERROR] oth - 666666
[2018-07-12T02:57:42.999] [INFO] oth - 666666
[2018-07-12T02:57:42.999] [FATAL] oth - 666666
[2018-07-12T02:57:43.015] [INFO] oth - 数据库连接成功：6666666
[2018-07-12T02:57:46.730] [ERROR] oth - 666666
[2018-07-12T02:57:46.731] [INFO] oth - 666666
[2018-07-12T02:57:46.731] [FATAL] oth - 666666
[2018-07-12T02:57:46.755] [INFO] oth - 数据库连接成功：6666666
[2018-07-12T02:57:49.238] [ERROR] oth - 666666
[2018-07-12T02:57:49.239] [INFO] oth - 666666
[2018-07-12T02:57:49.239] [FATAL] oth - 666666
[2018-07-12T02:57:49.263] [INFO] oth - 数据库连接成功：6666666
[2018-07-12T02:57:51.755] [ERROR] oth - 666666
[2018-07-12T02:57:51.757] [INFO] oth - 666666
[2018-07-12T02:57:51.757] [FATAL] oth - 666666
[2018-07-12T02:57:51.781] [INFO] oth - 数据库连接成功：6666666
[2018-07-12T02:57:54.191] [ERROR] oth - 666666
[2018-07-12T02:57:54.192] [INFO] oth - 666666
[2018-07-12T02:57:54.192] [FATAL] oth - 666666
[2018-07-12T02:57:54.218] [INFO] oth - 数据库连接成功：6666666
[2018-07-12T02:57:56.695] [ERROR] oth - 666666
[2018-07-12T02:57:56.696] [INFO] oth - 666666
[2018-07-12T02:57:56.696] [FATAL] oth - 666666
[2018-07-12T02:57:56.723] [INFO] oth - 数据库连接成功：6666666
[2018-07-12T02:57:59.243] [ERROR] oth - 666666
[2018-07-12T02:57:59.244] [INFO] oth - 666666
[2018-07-12T02:57:59.244] [FATAL] oth - 666666
[2018-07-12T02:57:59.269] [INFO] oth - 数据库连接成功：6666666
[2018-07-12T02:58:01.707] [ERROR] oth - 666666
[2018-07-12T02:58:01.708] [INFO] oth - 666666
[2018-07-12T02:58:01.708] [FATAL] oth - 666666
[2018-07-12T02:58:01.734] [INFO] oth - 数据库连接成功：6666666
[2018-07-12T02:58:04.297] [ERROR] oth - 666666
[2018-07-12T02:58:04.298] [INFO] oth - 666666
[2018-07-12T02:58:04.299] [FATAL] oth - 666666
[2018-07-12T02:58:04.314] [INFO] oth - 数据库连接成功：6666666
[2018-07-12T02:58:06.632] [ERROR] oth - 666666
[2018-07-12T02:58:06.633] [INFO] oth - 666666
[2018-07-12T02:58:06.633] [FATAL] oth - 666666
[2018-07-12T02:58:06.657] [INFO] oth - 数据库连接成功：6666666
[2018-07-12T02:58:16.801] [ERROR] oth - 666666
[2018-07-12T02:58:16.802] [INFO] oth - 666666
[2018-07-12T02:58:16.802] [FATAL] oth - 666666
[2018-07-12T02:58:16.826] [INFO] oth - 数据库连接成功：6666666
[2018-07-12T02:58:19.189] [ERROR] oth - 666666
[2018-07-12T02:58:19.190] [INFO] oth - 666666
[2018-07-12T02:58:19.190] [FATAL] oth - 666666
[2018-07-12T02:58:19.215] [INFO] oth - 数据库连接成功：6666666
[2018-07-12T02:58:22.249] [ERROR] oth - 666666
[2018-07-12T02:58:22.250] [INFO] oth - 666666
[2018-07-12T02:58:22.250] [FATAL] oth - 666666
[2018-07-12T02:58:22.269] [INFO] oth - 数据库连接成功：6666666
[2018-07-12T02:58:26.621] [ERROR] oth - 666666
[2018-07-12T02:58:26.623] [INFO] oth - 666666
[2018-07-12T02:58:26.623] [FATAL] oth - 666666
[2018-07-12T02:58:26.647] [INFO] oth - 数据库连接成功：6666666
[2018-07-12T02:59:24.708] [ERROR] oth - 666666
[2018-07-12T02:59:24.710] [INFO] oth - 666666
[2018-07-12T02:59:24.710] [FATAL] oth - 666666
[2018-07-12T02:59:24.733] [INFO] oth - 数据库连接成功：6666666
[2018-07-12T02:59:26.652] [ERROR] oth - 666666
[2018-07-12T02:59:26.653] [INFO] oth - 666666
[2018-07-12T02:59:26.653] [FATAL] oth - 666666
[2018-07-12T02:59:26.677] [INFO] oth - 数据库连接成功：6666666
[2018-07-12T02:59:41.685] [ERROR] oth - 666666
[2018-07-12T02:59:41.686] [INFO] oth - 666666
[2018-07-12T02:59:41.686] [FATAL] oth - 666666
[2018-07-12T02:59:41.711] [INFO] oth - 数据库连接成功：6666666
