[2018-07-12T03:00:01.848] [ERROR] oth - 666666
[2018-07-12T03:00:01.850] [INFO] oth - 666666
[2018-07-12T03:00:01.850] [FATAL] oth - 666666
[2018-07-12T03:00:01.873] [INFO] oth - 数据库连接成功：6666666
[2018-07-12T03:00:03.085] [ERROR] oth - 666666
[2018-07-12T03:00:03.086] [INFO] oth - 666666
[2018-07-12T03:00:03.086] [FATAL] oth - 666666
[2018-07-12T03:00:03.113] [INFO] oth - 数据库连接成功：6666666
[2018-07-12T03:00:04.293] [ERROR] oth - 666666
[2018-07-12T03:00:04.294] [INFO] oth - 666666
[2018-07-12T03:00:04.294] [FATAL] oth - 666666
[2018-07-12T03:00:04.318] [INFO] oth - 数据库连接成功：6666666
[2018-07-12T03:00:05.226] [ERROR] oth - 666666
[2018-07-12T03:00:05.227] [INFO] oth - 666666
[2018-07-12T03:00:05.228] [FATAL] oth - 666666
[2018-07-12T03:00:05.256] [INFO] oth - 数据库连接成功：6666666
[2018-07-12T03:00:05.956] [ERROR] oth - 666666
[2018-07-12T03:00:05.957] [INFO] oth - 666666
[2018-07-12T03:00:05.957] [FATAL] oth - 666666
[2018-07-12T03:00:05.986] [INFO] oth - 数据库连接成功：6666666
[2018-07-12T03:00:06.808] [ERROR] oth - 666666
[2018-07-12T03:00:06.809] [INFO] oth - 666666
[2018-07-12T03:00:06.809] [FATAL] oth - 666666
[2018-07-12T03:00:06.823] [INFO] oth - 数据库连接成功：6666666
[2018-07-12T03:00:07.737] [ERROR] oth - 666666
[2018-07-12T03:00:07.738] [INFO] oth - 666666
[2018-07-12T03:00:07.738] [FATAL] oth - 666666
[2018-07-12T03:00:07.763] [INFO] oth - 数据库连接成功：6666666
[2018-07-12T03:00:11.815] [ERROR] oth - 666666
[2018-07-12T03:00:11.816] [INFO] oth - 666666
[2018-07-12T03:00:11.816] [FATAL] oth - 666666
[2018-07-12T03:00:11.840] [INFO] oth - 数据库连接成功：6666666
[2018-07-12T03:00:13.590] [ERROR] oth - 666666
[2018-07-12T03:00:13.591] [INFO] oth - 666666
[2018-07-12T03:00:13.591] [FATAL] oth - 666666
[2018-07-12T03:00:13.615] [INFO] oth - 数据库连接成功：6666666
[2018-07-12T03:00:14.300] [ERROR] oth - 666666
[2018-07-12T03:00:14.301] [INFO] oth - 666666
[2018-07-12T03:00:14.301] [FATAL] oth - 666666
[2018-07-12T03:00:14.326] [INFO] oth - 数据库连接成功：6666666
[2018-07-12T03:00:16.983] [ERROR] oth - 666666
[2018-07-12T03:00:16.984] [INFO] oth - 666666
[2018-07-12T03:00:16.984] [FATAL] oth - 666666
[2018-07-12T03:00:17.010] [INFO] oth - 数据库连接成功：6666666
[2018-07-12T03:00:19.305] [ERROR] oth - 666666
[2018-07-12T03:00:19.306] [INFO] oth - 666666
[2018-07-12T03:00:19.306] [FATAL] oth - 666666
[2018-07-12T03:00:19.330] [INFO] oth - 数据库连接成功：6666666
[2018-07-12T03:00:22.488] [ERROR] oth - 666666
[2018-07-12T03:00:22.489] [INFO] oth - 666666
[2018-07-12T03:00:22.489] [FATAL] oth - 666666
[2018-07-12T03:00:22.513] [INFO] oth - 数据库连接成功：6666666
[2018-07-12T03:00:42.823] [ERROR] oth - 666666
[2018-07-12T03:00:42.824] [INFO] oth - 666666
[2018-07-12T03:00:42.824] [FATAL] oth - 666666
[2018-07-12T03:00:42.838] [INFO] oth - 数据库连接成功：6666666
[2018-07-12T03:00:44.327] [ERROR] oth - 666666
[2018-07-12T03:00:44.328] [INFO] oth - 666666
[2018-07-12T03:00:44.328] [FATAL] oth - 666666
[2018-07-12T03:00:44.352] [INFO] oth - 数据库连接成功：6666666
[2018-07-12T03:00:59.402] [ERROR] oth - 666666
[2018-07-12T03:00:59.403] [INFO] oth - 666666
[2018-07-12T03:00:59.403] [FATAL] oth - 666666
[2018-07-12T03:00:59.435] [INFO] oth - 数据库连接成功：6666666
[2018-07-12T03:01:00.458] [ERROR] oth - 666666
[2018-07-12T03:01:00.459] [INFO] oth - 666666
[2018-07-12T03:01:00.459] [FATAL] oth - 666666
[2018-07-12T03:01:00.479] [INFO] oth - 数据库连接成功：6666666
[2018-07-12T03:01:01.866] [ERROR] oth - 666666
[2018-07-12T03:01:01.867] [INFO] oth - 666666
[2018-07-12T03:01:01.867] [FATAL] oth - 666666
[2018-07-12T03:01:01.891] [INFO] oth - 数据库连接成功：6666666
[2018-07-12T03:01:22.178] [ERROR] oth - 666666
[2018-07-12T03:01:22.179] [INFO] oth - 666666
[2018-07-12T03:01:22.180] [FATAL] oth - 666666
[2018-07-12T03:01:22.207] [INFO] oth - 数据库连接成功：6666666
[2018-07-12T03:01:25.046] [ERROR] oth - 666666
[2018-07-12T03:01:25.047] [INFO] oth - 666666
[2018-07-12T03:01:25.048] [FATAL] oth - 666666
[2018-07-12T03:01:25.072] [INFO] oth - 数据库连接成功：6666666
[2018-07-12T03:01:26.929] [ERROR] oth - 666666
[2018-07-12T03:01:26.930] [INFO] oth - 666666
[2018-07-12T03:01:26.930] [FATAL] oth - 666666
[2018-07-12T03:01:26.955] [INFO] oth - 数据库连接成功：6666666
[2018-07-12T03:01:29.418] [ERROR] oth - 666666
[2018-07-12T03:01:29.419] [INFO] oth - 666666
[2018-07-12T03:01:29.420] [FATAL] oth - 666666
[2018-07-12T03:01:29.447] [INFO] oth - 数据库连接成功：6666666
[2018-07-12T03:01:31.913] [ERROR] oth - 666666
[2018-07-12T03:01:31.914] [INFO] oth - 666666
[2018-07-12T03:01:31.914] [FATAL] oth - 666666
[2018-07-12T03:01:31.939] [INFO] oth - 数据库连接成功：6666666
[2018-07-12T03:01:34.408] [ERROR] oth - 666666
[2018-07-12T03:01:34.410] [INFO] oth - 666666
[2018-07-12T03:01:34.411] [FATAL] oth - 666666
[2018-07-12T03:01:34.449] [INFO] oth - 数据库连接成功：6666666
[2018-07-12T03:01:56.865] [ERROR] oth - 666666
[2018-07-12T03:01:56.866] [INFO] oth - 666666
[2018-07-12T03:01:56.866] [FATAL] oth - 666666
[2018-07-12T03:01:56.890] [INFO] oth - 数据库连接成功：6666666
[2018-07-12T03:02:01.962] [ERROR] oth - 666666
[2018-07-12T03:02:01.963] [INFO] oth - 666666
[2018-07-12T03:02:01.963] [FATAL] oth - 666666
[2018-07-12T03:02:01.988] [INFO] oth - 数据库连接成功：6666666
[2018-07-12T03:02:04.322] [ERROR] oth - 666666
[2018-07-12T03:02:04.324] [INFO] oth - 666666
[2018-07-12T03:02:04.324] [FATAL] oth - 666666
[2018-07-12T03:02:04.348] [INFO] oth - 数据库连接成功：6666666
[2018-07-12T03:02:06.922] [ERROR] oth - 666666
[2018-07-12T03:02:06.924] [INFO] oth - 666666
[2018-07-12T03:02:06.924] [FATAL] oth - 666666
[2018-07-12T03:02:06.939] [INFO] oth - 数据库连接成功：6666666
[2018-07-12T03:02:11.895] [ERROR] oth - 666666
[2018-07-12T03:02:11.897] [INFO] oth - 666666
[2018-07-12T03:02:11.897] [FATAL] oth - 666666
[2018-07-12T03:02:11.920] [INFO] oth - 数据库连接成功：6666666
[2018-07-12T03:02:14.620] [ERROR] oth - 666666
[2018-07-12T03:02:14.621] [INFO] oth - 666666
[2018-07-12T03:02:14.621] [FATAL] oth - 666666
[2018-07-12T03:02:14.636] [INFO] oth - 数据库连接成功：6666666
[2018-07-12T03:02:19.420] [ERROR] oth - 666666
[2018-07-12T03:02:19.421] [INFO] oth - 666666
[2018-07-12T03:02:19.421] [FATAL] oth - 666666
[2018-07-12T03:02:19.446] [INFO] oth - 数据库连接成功：6666666
[2018-07-12T03:02:22.374] [ERROR] oth - 666666
[2018-07-12T03:02:22.375] [INFO] oth - 666666
[2018-07-12T03:02:22.375] [FATAL] oth - 666666
[2018-07-12T03:02:22.402] [INFO] oth - 数据库连接成功：6666666
[2018-07-12T03:02:26.848] [ERROR] oth - 666666
[2018-07-12T03:02:26.849] [INFO] oth - 666666
[2018-07-12T03:02:26.850] [FATAL] oth - 666666
[2018-07-12T03:02:26.875] [INFO] oth - 数据库连接成功：6666666
[2018-07-12T03:02:32.003] [ERROR] oth - 666666
[2018-07-12T03:02:32.004] [INFO] oth - 666666
[2018-07-12T03:02:32.005] [FATAL] oth - 666666
[2018-07-12T03:02:32.028] [INFO] oth - 数据库连接成功：6666666
[2018-07-12T03:02:34.491] [ERROR] oth - 666666
[2018-07-12T03:02:34.492] [INFO] oth - 666666
[2018-07-12T03:02:34.492] [FATAL] oth - 666666
[2018-07-12T03:02:34.518] [INFO] oth - 数据库连接成功：6666666
[2018-07-12T03:06:52.652] [ERROR] oth - 666666
[2018-07-12T03:06:52.653] [INFO] oth - 666666
[2018-07-12T03:06:52.653] [FATAL] oth - 666666
[2018-07-12T03:06:52.678] [INFO] oth - 数据库连接成功：6666666
[2018-07-12T03:07:10.335] [ERROR] oth - 666666
[2018-07-12T03:07:10.336] [INFO] oth - 666666
[2018-07-12T03:07:10.336] [FATAL] oth - 666666
[2018-07-12T03:07:10.363] [INFO] oth - 数据库连接成功：6666666
[2018-07-12T03:07:12.571] [ERROR] oth - 666666
[2018-07-12T03:07:12.572] [INFO] oth - 666666
[2018-07-12T03:07:12.572] [FATAL] oth - 666666
[2018-07-12T03:07:12.598] [INFO] oth - 数据库连接成功：6666666
[2018-07-12T03:07:15.049] [ERROR] oth - 666666
[2018-07-12T03:07:15.051] [INFO] oth - 666666
[2018-07-12T03:07:15.051] [FATAL] oth - 666666
[2018-07-12T03:07:15.076] [INFO] oth - 数据库连接成功：6666666
[2018-07-12T03:07:17.600] [ERROR] oth - 666666
[2018-07-12T03:07:17.601] [INFO] oth - 666666
[2018-07-12T03:07:17.601] [FATAL] oth - 666666
[2018-07-12T03:07:17.624] [INFO] oth - 数据库连接成功：6666666
[2018-07-12T03:07:18.865] [ERROR] oth - 666666
[2018-07-12T03:07:18.867] [INFO] oth - 666666
[2018-07-12T03:07:18.867] [FATAL] oth - 666666
[2018-07-12T03:07:18.901] [INFO] oth - 数据库连接成功：6666666
[2018-07-12T03:10:00.034] [ERROR] oth - 666666
[2018-07-12T03:10:00.036] [INFO] oth - 666666
[2018-07-12T03:10:00.036] [FATAL] oth - 666666
[2018-07-12T03:10:00.059] [INFO] oth - 数据库连接成功：6666666
[2018-07-12T03:10:02.531] [ERROR] oth - 666666
[2018-07-12T03:10:02.532] [INFO] oth - 666666
[2018-07-12T03:10:02.532] [FATAL] oth - 666666
[2018-07-12T03:10:02.560] [INFO] oth - 数据库连接成功：6666666
[2018-07-12T03:10:03.852] [ERROR] oth - 666666
[2018-07-12T03:10:03.853] [INFO] oth - 666666
[2018-07-12T03:10:03.853] [FATAL] oth - 666666
[2018-07-12T03:10:03.878] [INFO] oth - 数据库连接成功：6666666
[2018-07-12T03:10:05.049] [ERROR] oth - 666666
[2018-07-12T03:10:05.050] [INFO] oth - 666666
[2018-07-12T03:10:05.050] [FATAL] oth - 666666
[2018-07-12T03:10:05.064] [INFO] oth - 数据库连接成功：6666666
[2018-07-12T03:10:07.633] [ERROR] oth - 666666
[2018-07-12T03:10:07.634] [INFO] oth - 666666
[2018-07-12T03:10:07.634] [FATAL] oth - 666666
[2018-07-12T03:10:07.649] [INFO] oth - 数据库连接成功：6666666
[2018-07-12T03:10:08.926] [ERROR] oth - 666666
[2018-07-12T03:10:08.927] [INFO] oth - 666666
[2018-07-12T03:10:08.927] [FATAL] oth - 666666
[2018-07-12T03:10:08.948] [INFO] oth - 数据库连接成功：6666666
[2018-07-12T03:10:55.922] [ERROR] oth - 666666
[2018-07-12T03:10:55.923] [INFO] oth - 666666
[2018-07-12T03:10:55.923] [FATAL] oth - 666666
[2018-07-12T03:10:55.948] [INFO] oth - 数据库连接成功：6666666
[2018-07-12T03:11:02.552] [ERROR] oth - 666666
[2018-07-12T03:11:02.553] [INFO] oth - 666666
[2018-07-12T03:11:02.554] [FATAL] oth - 666666
[2018-07-12T03:11:02.583] [INFO] oth - 数据库连接成功：6666666
[2018-07-12T03:11:07.564] [ERROR] oth - 666666
[2018-07-12T03:11:07.566] [INFO] oth - 666666
[2018-07-12T03:11:07.566] [FATAL] oth - 666666
[2018-07-12T03:11:07.594] [INFO] oth - 数据库连接成功：6666666
[2018-07-12T03:11:09.985] [ERROR] oth - 666666
[2018-07-12T03:11:09.986] [INFO] oth - 666666
[2018-07-12T03:11:09.986] [FATAL] oth - 666666
[2018-07-12T03:11:10.010] [INFO] oth - 数据库连接成功：6666666
[2018-07-12T03:11:14.238] [ERROR] oth - 666666
[2018-07-12T03:11:14.239] [INFO] oth - 666666
[2018-07-12T03:11:14.239] [FATAL] oth - 666666
[2018-07-12T03:11:14.271] [INFO] oth - 数据库连接成功：6666666
[2018-07-12T03:11:15.091] [ERROR] oth - 666666
[2018-07-12T03:11:15.092] [INFO] oth - 666666
[2018-07-12T03:11:15.092] [FATAL] oth - 666666
[2018-07-12T03:11:15.117] [INFO] oth - 数据库连接成功：6666666
[2018-07-12T03:11:19.998] [ERROR] oth - 666666
[2018-07-12T03:11:19.999] [INFO] oth - 666666
[2018-07-12T03:11:19.999] [FATAL] oth - 666666
[2018-07-12T03:11:20.024] [INFO] oth - 数据库连接成功：6666666
[2018-07-12T03:11:22.633] [ERROR] oth - 666666
[2018-07-12T03:11:22.634] [INFO] oth - 666666
[2018-07-12T03:11:22.634] [FATAL] oth - 666666
[2018-07-12T03:11:22.659] [INFO] oth - 数据库连接成功：6666666
[2018-07-12T03:11:25.058] [ERROR] oth - 666666
[2018-07-12T03:11:25.060] [INFO] oth - 666666
[2018-07-12T03:11:25.060] [FATAL] oth - 666666
[2018-07-12T03:11:25.084] [INFO] oth - 数据库连接成功：6666666
[2018-07-12T03:11:27.607] [ERROR] oth - 666666
[2018-07-12T03:11:27.608] [INFO] oth - 666666
[2018-07-12T03:11:27.608] [FATAL] oth - 666666
[2018-07-12T03:11:27.634] [INFO] oth - 数据库连接成功：6666666
[2018-07-12T03:11:30.122] [ERROR] oth - 666666
[2018-07-12T03:11:30.123] [INFO] oth - 666666
[2018-07-12T03:11:30.123] [FATAL] oth - 666666
[2018-07-12T03:11:30.151] [INFO] oth - 数据库连接成功：6666666
[2018-07-12T03:11:32.618] [ERROR] oth - 666666
[2018-07-12T03:11:32.620] [INFO] oth - 666666
[2018-07-12T03:11:32.620] [FATAL] oth - 666666
[2018-07-12T03:11:32.643] [INFO] oth - 数据库连接成功：6666666
[2018-07-12T03:11:33.739] [ERROR] oth - 666666
[2018-07-12T03:11:33.740] [INFO] oth - 666666
[2018-07-12T03:11:33.740] [FATAL] oth - 666666
[2018-07-12T03:11:33.765] [INFO] oth - 数据库连接成功：6666666
[2018-07-12T03:11:35.113] [ERROR] oth - 666666
[2018-07-12T03:11:35.114] [INFO] oth - 666666
[2018-07-12T03:11:35.114] [FATAL] oth - 666666
[2018-07-12T03:11:35.156] [INFO] oth - 数据库连接成功：6666666
[2018-07-12T03:11:37.498] [ERROR] oth - 666666
[2018-07-12T03:11:37.499] [INFO] oth - 666666
[2018-07-12T03:11:37.500] [FATAL] oth - 666666
[2018-07-12T03:11:37.525] [INFO] oth - 数据库连接成功：6666666
[2018-07-12T03:11:40.135] [ERROR] oth - 666666
[2018-07-12T03:11:40.137] [INFO] oth - 666666
[2018-07-12T03:11:40.137] [FATAL] oth - 666666
[2018-07-12T03:11:40.161] [INFO] oth - 数据库连接成功：6666666
[2018-07-12T03:11:42.579] [ERROR] oth - 666666
[2018-07-12T03:11:42.580] [INFO] oth - 666666
[2018-07-12T03:11:42.580] [FATAL] oth - 666666
[2018-07-12T03:11:42.604] [INFO] oth - 数据库连接成功：6666666
[2018-07-12T03:11:43.625] [ERROR] oth - 666666
[2018-07-12T03:11:43.626] [INFO] oth - 666666
[2018-07-12T03:11:43.626] [FATAL] oth - 666666
[2018-07-12T03:11:43.650] [INFO] oth - 数据库连接成功：6666666
[2018-07-12T03:11:45.116] [ERROR] oth - 666666
[2018-07-12T03:11:45.117] [INFO] oth - 666666
[2018-07-12T03:11:45.117] [FATAL] oth - 666666
[2018-07-12T03:11:45.140] [INFO] oth - 数据库连接成功：6666666
[2018-07-12T03:11:47.500] [ERROR] oth - 666666
[2018-07-12T03:11:47.501] [INFO] oth - 666666
[2018-07-12T03:11:47.501] [FATAL] oth - 666666
[2018-07-12T03:11:47.525] [INFO] oth - 数据库连接成功：6666666
[2018-07-12T03:11:50.119] [ERROR] oth - 666666
[2018-07-12T03:11:50.120] [INFO] oth - 666666
[2018-07-12T03:11:50.120] [FATAL] oth - 666666
[2018-07-12T03:11:50.142] [INFO] oth - 数据库连接成功：6666666
[2018-07-12T03:11:51.932] [ERROR] oth - 666666
[2018-07-12T03:11:51.933] [INFO] oth - 666666
[2018-07-12T03:11:51.933] [FATAL] oth - 666666
[2018-07-12T03:11:51.966] [INFO] oth - 数据库连接成功：6666666
[2018-07-12T03:11:53.464] [ERROR] oth - 666666
[2018-07-12T03:11:53.465] [INFO] oth - 666666
[2018-07-12T03:11:53.466] [FATAL] oth - 666666
[2018-07-12T03:11:53.490] [INFO] oth - 数据库连接成功：6666666
[2018-07-12T03:11:55.038] [ERROR] oth - 666666
[2018-07-12T03:11:55.039] [INFO] oth - 666666
[2018-07-12T03:11:55.039] [FATAL] oth - 666666
[2018-07-12T03:11:55.064] [INFO] oth - 数据库连接成功：6666666
[2018-07-12T03:11:57.562] [ERROR] oth - 666666
[2018-07-12T03:11:57.563] [INFO] oth - 666666
[2018-07-12T03:11:57.564] [FATAL] oth - 666666
[2018-07-12T03:11:57.612] [INFO] oth - 数据库连接成功：6666666
[2018-07-12T03:12:00.100] [ERROR] oth - 666666
[2018-07-12T03:12:00.101] [INFO] oth - 666666
[2018-07-12T03:12:00.101] [FATAL] oth - 666666
[2018-07-12T03:12:00.129] [INFO] oth - 数据库连接成功：6666666
[2018-07-12T03:12:02.524] [ERROR] oth - 666666
[2018-07-12T03:12:02.525] [INFO] oth - 666666
[2018-07-12T03:12:02.525] [FATAL] oth - 666666
[2018-07-12T03:12:02.550] [INFO] oth - 数据库连接成功：6666666
[2018-07-12T03:12:05.219] [ERROR] oth - 666666
[2018-07-12T03:12:05.220] [INFO] oth - 666666
[2018-07-12T03:12:05.220] [FATAL] oth - 666666
[2018-07-12T03:12:05.245] [INFO] oth - 数据库连接成功：6666666
[2018-07-12T03:12:07.666] [ERROR] oth - 666666
[2018-07-12T03:12:07.667] [INFO] oth - 666666
[2018-07-12T03:12:07.667] [FATAL] oth - 666666
[2018-07-12T03:12:07.694] [INFO] oth - 数据库连接成功：6666666
[2018-07-12T03:12:08.874] [ERROR] oth - 666666
[2018-07-12T03:12:08.875] [INFO] oth - 666666
[2018-07-12T03:12:08.875] [FATAL] oth - 666666
[2018-07-12T03:12:08.888] [INFO] oth - 数据库连接成功：6666666
[2018-07-12T03:12:10.531] [ERROR] oth - 666666
[2018-07-12T03:12:10.532] [INFO] oth - 666666
[2018-07-12T03:12:10.533] [FATAL] oth - 666666
[2018-07-12T03:12:10.558] [INFO] oth - 数据库连接成功：6666666
[2018-07-12T03:12:15.157] [ERROR] oth - 666666
[2018-07-12T03:12:15.158] [INFO] oth - 666666
[2018-07-12T03:12:15.158] [FATAL] oth - 666666
[2018-07-12T03:12:15.182] [INFO] oth - 数据库连接成功：6666666
[2018-07-12T03:12:26.021] [ERROR] oth - 666666
[2018-07-12T03:12:26.023] [INFO] oth - 666666
[2018-07-12T03:12:26.023] [FATAL] oth - 666666
[2018-07-12T03:12:26.048] [INFO] oth - 数据库连接成功：6666666
[2018-07-12T03:12:27.605] [ERROR] oth - 666666
[2018-07-12T03:12:27.606] [INFO] oth - 666666
[2018-07-12T03:12:27.606] [FATAL] oth - 666666
[2018-07-12T03:12:27.638] [INFO] oth - 数据库连接成功：6666666
[2018-07-12T03:12:30.225] [ERROR] oth - 666666
[2018-07-12T03:12:30.226] [INFO] oth - 666666
[2018-07-12T03:12:30.226] [FATAL] oth - 666666
[2018-07-12T03:12:30.251] [INFO] oth - 数据库连接成功：6666666
[2018-07-12T03:12:31.317] [ERROR] oth - 666666
[2018-07-12T03:12:31.318] [INFO] oth - 666666
[2018-07-12T03:12:31.319] [FATAL] oth - 666666
[2018-07-12T03:12:31.343] [INFO] oth - 数据库连接成功：6666666
[2018-07-12T03:12:32.646] [ERROR] oth - 666666
[2018-07-12T03:12:32.647] [INFO] oth - 666666
[2018-07-12T03:12:32.647] [FATAL] oth - 666666
[2018-07-12T03:12:32.673] [INFO] oth - 数据库连接成功：6666666
[2018-07-12T03:12:37.695] [ERROR] oth - 666666
[2018-07-12T03:12:37.696] [INFO] oth - 666666
[2018-07-12T03:12:37.696] [FATAL] oth - 666666
[2018-07-12T03:12:37.723] [INFO] oth - 数据库连接成功：6666666
[2018-07-12T03:12:40.242] [ERROR] oth - 666666
[2018-07-12T03:12:40.243] [INFO] oth - 666666
[2018-07-12T03:12:40.244] [FATAL] oth - 666666
[2018-07-12T03:12:40.268] [INFO] oth - 数据库连接成功：6666666
[2018-07-12T03:12:41.944] [ERROR] oth - 666666
[2018-07-12T03:12:41.945] [INFO] oth - 666666
[2018-07-12T03:12:41.945] [FATAL] oth - 666666
[2018-07-12T03:12:41.974] [INFO] oth - 数据库连接成功：6666666
[2018-07-12T03:12:45.145] [ERROR] oth - 666666
[2018-07-12T03:12:45.146] [INFO] oth - 666666
[2018-07-12T03:12:45.147] [FATAL] oth - 666666
[2018-07-12T03:12:45.170] [INFO] oth - 数据库连接成功：6666666
[2018-07-12T03:12:50.261] [ERROR] oth - 666666
[2018-07-12T03:12:50.262] [INFO] oth - 666666
[2018-07-12T03:12:50.263] [FATAL] oth - 666666
[2018-07-12T03:12:50.288] [INFO] oth - 数据库连接成功：6666666
[2018-07-12T03:13:05.206] [ERROR] oth - 666666
[2018-07-12T03:13:05.207] [INFO] oth - 666666
[2018-07-12T03:13:05.207] [FATAL] oth - 666666
[2018-07-12T03:13:05.233] [INFO] oth - 数据库连接成功：6666666
[2018-07-12T03:13:06.437] [ERROR] oth - 666666
[2018-07-12T03:13:06.438] [INFO] oth - 666666
[2018-07-12T03:13:06.438] [FATAL] oth - 666666
[2018-07-12T03:13:06.465] [INFO] oth - 数据库连接成功：6666666
[2018-07-12T03:13:58.085] [ERROR] oth - 666666
[2018-07-12T03:13:58.086] [INFO] oth - 666666
[2018-07-12T03:13:58.086] [FATAL] oth - 666666
[2018-07-12T03:13:58.110] [INFO] oth - 数据库连接成功：6666666
[2018-07-12T03:14:00.192] [ERROR] oth - 666666
[2018-07-12T03:14:00.193] [INFO] oth - 666666
[2018-07-12T03:14:00.193] [FATAL] oth - 666666
[2018-07-12T03:14:00.221] [INFO] oth - 数据库连接成功：6666666
[2018-07-12T03:14:20.335] [ERROR] oth - 666666
[2018-07-12T03:14:20.336] [INFO] oth - 666666
[2018-07-12T03:14:20.336] [FATAL] oth - 666666
[2018-07-12T03:14:20.350] [INFO] oth - 数据库连接成功：6666666
[2018-07-12T03:14:22.790] [ERROR] oth - 666666
[2018-07-12T03:14:22.791] [INFO] oth - 666666
[2018-07-12T03:14:22.791] [FATAL] oth - 666666
[2018-07-12T03:14:22.820] [INFO] oth - 数据库连接成功：6666666
[2018-07-12T03:14:47.707] [ERROR] oth - 666666
[2018-07-12T03:14:47.708] [INFO] oth - 666666
[2018-07-12T03:14:47.709] [FATAL] oth - 666666
[2018-07-12T03:14:47.741] [INFO] oth - 数据库连接成功：6666666
[2018-07-12T03:14:50.374] [ERROR] oth - 666666
[2018-07-12T03:14:50.375] [INFO] oth - 666666
[2018-07-12T03:14:50.376] [FATAL] oth - 666666
[2018-07-12T03:14:50.402] [INFO] oth - 数据库连接成功：6666666
[2018-07-12T03:14:51.783] [ERROR] oth - 666666
[2018-07-12T03:14:51.784] [INFO] oth - 666666
[2018-07-12T03:14:51.784] [FATAL] oth - 666666
[2018-07-12T03:14:51.814] [INFO] oth - 数据库连接成功：6666666
[2018-07-12T03:15:05.378] [ERROR] oth - 666666
[2018-07-12T03:15:05.379] [INFO] oth - 666666
[2018-07-12T03:15:05.379] [FATAL] oth - 666666
[2018-07-12T03:15:05.403] [INFO] oth - 数据库连接成功：6666666
[2018-07-12T03:15:09.470] [ERROR] oth - 666666
[2018-07-12T03:15:09.471] [INFO] oth - 666666
[2018-07-12T03:15:09.471] [FATAL] oth - 666666
[2018-07-12T03:15:09.502] [INFO] oth - 数据库连接成功：6666666
[2018-07-12T03:15:10.313] [ERROR] oth - 666666
[2018-07-12T03:15:10.314] [INFO] oth - 666666
[2018-07-12T03:15:10.315] [FATAL] oth - 666666
[2018-07-12T03:15:10.339] [INFO] oth - 数据库连接成功：6666666
[2018-07-12T03:15:25.401] [ERROR] oth - 666666
[2018-07-12T03:15:25.402] [INFO] oth - 666666
[2018-07-12T03:15:25.402] [FATAL] oth - 666666
[2018-07-12T03:15:25.427] [INFO] oth - 数据库连接成功：6666666
[2018-07-12T03:15:26.720] [ERROR] oth - 666666
[2018-07-12T03:15:26.722] [INFO] oth - 666666
[2018-07-12T03:15:26.722] [FATAL] oth - 666666
[2018-07-12T03:15:26.747] [INFO] oth - 数据库连接成功：6666666
[2018-07-12T03:15:27.856] [ERROR] oth - 666666
[2018-07-12T03:15:27.857] [INFO] oth - 666666
[2018-07-12T03:15:27.858] [FATAL] oth - 666666
[2018-07-12T03:15:27.889] [INFO] oth - 数据库连接成功：6666666
[2018-07-12T03:15:30.707] [ERROR] oth - 666666
[2018-07-12T03:15:30.708] [INFO] oth - 666666
[2018-07-12T03:15:30.708] [FATAL] oth - 666666
[2018-07-12T03:15:30.734] [INFO] oth - 数据库连接成功：6666666
[2018-07-12T03:15:32.838] [ERROR] oth - 666666
[2018-07-12T03:15:32.839] [INFO] oth - 666666
[2018-07-12T03:15:32.840] [FATAL] oth - 666666
[2018-07-12T03:15:32.864] [INFO] oth - 数据库连接成功：6666666
[2018-07-12T03:15:40.911] [ERROR] oth - 666666
[2018-07-12T03:15:40.912] [INFO] oth - 666666
[2018-07-12T03:15:40.912] [FATAL] oth - 666666
[2018-07-12T03:15:40.936] [INFO] oth - 数据库连接成功：6666666
[2018-07-12T03:15:48.045] [ERROR] oth - 666666
[2018-07-12T03:15:48.046] [INFO] oth - 666666
[2018-07-12T03:15:48.046] [FATAL] oth - 666666
[2018-07-12T03:15:48.072] [INFO] oth - 数据库连接成功：6666666
[2018-07-12T03:15:57.123] [ERROR] oth - 666666
[2018-07-12T03:15:57.124] [INFO] oth - 666666
[2018-07-12T03:15:57.124] [FATAL] oth - 666666
[2018-07-12T03:15:57.149] [INFO] oth - 数据库连接成功：6666666
[2018-07-12T03:15:59.615] [ERROR] oth - 666666
[2018-07-12T03:15:59.616] [INFO] oth - 666666
[2018-07-12T03:15:59.616] [FATAL] oth - 666666
[2018-07-12T03:15:59.641] [INFO] oth - 数据库连接成功：6666666
[2018-07-12T03:16:02.135] [ERROR] oth - 666666
[2018-07-12T03:16:02.136] [INFO] oth - 666666
[2018-07-12T03:16:02.136] [FATAL] oth - 666666
[2018-07-12T03:16:02.167] [INFO] oth - 数据库连接成功：6666666
[2018-07-12T03:16:03.858] [ERROR] oth - 666666
[2018-07-12T03:16:03.859] [INFO] oth - 666666
[2018-07-12T03:16:03.859] [FATAL] oth - 666666
[2018-07-12T03:16:03.884] [INFO] oth - 数据库连接成功：6666666
[2018-07-12T03:16:05.810] [ERROR] oth - 666666
[2018-07-12T03:16:05.811] [INFO] oth - 666666
[2018-07-12T03:16:05.811] [FATAL] oth - 666666
[2018-07-12T03:16:05.836] [INFO] oth - 数据库连接成功：6666666
[2018-07-12T03:16:15.002] [ERROR] oth - 666666
[2018-07-12T03:16:15.003] [INFO] oth - 666666
[2018-07-12T03:16:15.003] [FATAL] oth - 666666
[2018-07-12T03:16:15.026] [INFO] oth - 数据库连接成功：6666666
[2018-07-12T03:16:38.813] [ERROR] oth - 666666
[2018-07-12T03:16:38.814] [INFO] oth - 666666
[2018-07-12T03:16:38.814] [FATAL] oth - 666666
[2018-07-12T03:16:38.838] [INFO] oth - 数据库连接成功：6666666
[2018-07-12T03:16:41.282] [ERROR] oth - 666666
[2018-07-12T03:16:41.283] [INFO] oth - 666666
[2018-07-12T03:16:41.283] [FATAL] oth - 666666
[2018-07-12T03:16:41.311] [INFO] oth - 数据库连接成功：6666666
[2018-07-12T03:16:49.101] [ERROR] oth - 666666
[2018-07-12T03:16:49.102] [INFO] oth - 666666
[2018-07-12T03:16:49.102] [FATAL] oth - 666666
[2018-07-12T03:16:49.127] [INFO] oth - 数据库连接成功：6666666
[2018-07-12T03:16:51.986] [ERROR] oth - 666666
[2018-07-12T03:16:51.987] [INFO] oth - 666666
[2018-07-12T03:16:51.987] [FATAL] oth - 666666
[2018-07-12T03:16:52.002] [INFO] oth - 数据库连接成功：6666666
[2018-07-12T03:16:54.108] [ERROR] oth - 666666
[2018-07-12T03:16:54.110] [INFO] oth - 666666
[2018-07-12T03:16:54.110] [FATAL] oth - 666666
[2018-07-12T03:16:54.135] [INFO] oth - 数据库连接成功：6666666
[2018-07-12T03:17:02.266] [ERROR] oth - 666666
[2018-07-12T03:17:02.267] [INFO] oth - 666666
[2018-07-12T03:17:02.267] [FATAL] oth - 666666
[2018-07-12T03:17:02.292] [INFO] oth - 数据库连接成功：6666666
[2018-07-12T03:17:04.751] [ERROR] oth - 666666
[2018-07-12T03:17:04.752] [INFO] oth - 666666
[2018-07-12T03:17:04.753] [FATAL] oth - 666666
[2018-07-12T03:17:04.777] [INFO] oth - 数据库连接成功：6666666
[2018-07-12T03:17:10.295] [ERROR] oth - 666666
[2018-07-12T03:17:10.297] [INFO] oth - 666666
[2018-07-12T03:17:10.297] [FATAL] oth - 666666
[2018-07-12T03:17:10.322] [INFO] oth - 数据库连接成功：6666666
[2018-07-12T03:17:15.577] [ERROR] oth - 666666
[2018-07-12T03:17:15.578] [INFO] oth - 666666
[2018-07-12T03:17:15.578] [FATAL] oth - 666666
[2018-07-12T03:17:15.602] [INFO] oth - 数据库连接成功：6666666
[2018-07-12T03:17:23.222] [ERROR] oth - 666666
[2018-07-12T03:17:23.223] [INFO] oth - 666666
[2018-07-12T03:17:23.223] [FATAL] oth - 666666
[2018-07-12T03:17:23.247] [INFO] oth - 数据库连接成功：6666666
[2018-07-12T03:17:24.025] [ERROR] oth - 666666
[2018-07-12T03:17:24.026] [INFO] oth - 666666
[2018-07-12T03:17:24.026] [FATAL] oth - 666666
[2018-07-12T03:17:24.051] [INFO] oth - 数据库连接成功：6666666
[2018-07-12T03:17:46.937] [ERROR] oth - 666666
[2018-07-12T03:17:46.938] [INFO] oth - 666666
[2018-07-12T03:17:46.938] [FATAL] oth - 666666
[2018-07-12T03:17:46.964] [INFO] oth - 数据库连接成功：6666666
[2018-07-12T03:18:12.548] [ERROR] oth - 666666
[2018-07-12T03:18:12.549] [INFO] oth - 666666
[2018-07-12T03:18:12.550] [FATAL] oth - 666666
[2018-07-12T03:18:12.574] [INFO] oth - 数据库连接成功：6666666
[2018-07-12T03:18:13.613] [ERROR] oth - 666666
[2018-07-12T03:18:13.614] [INFO] oth - 666666
[2018-07-12T03:18:13.614] [FATAL] oth - 666666
[2018-07-12T03:18:13.638] [INFO] oth - 数据库连接成功：6666666
[2018-07-12T03:18:15.602] [ERROR] oth - 666666
[2018-07-12T03:18:15.604] [INFO] oth - 666666
[2018-07-12T03:18:15.604] [FATAL] oth - 666666
[2018-07-12T03:18:15.631] [INFO] oth - 数据库连接成功：6666666
[2018-07-12T03:19:02.829] [ERROR] oth - 666666
[2018-07-12T03:19:02.830] [INFO] oth - 666666
[2018-07-12T03:19:02.830] [FATAL] oth - 666666
[2018-07-12T03:19:02.857] [INFO] oth - 数据库连接成功：6666666
[2018-07-12T03:19:03.934] [ERROR] oth - 666666
[2018-07-12T03:19:03.935] [INFO] oth - 666666
[2018-07-12T03:19:03.936] [FATAL] oth - 666666
[2018-07-12T03:19:03.960] [INFO] oth - 数据库连接成功：6666666
[2018-07-12T03:19:05.398] [ERROR] oth - 666666
[2018-07-12T03:19:05.399] [INFO] oth - 666666
[2018-07-12T03:19:05.400] [FATAL] oth - 666666
[2018-07-12T03:19:05.425] [INFO] oth - undefined
[2018-07-12T03:19:05.426] [INFO] oth - 数据库连接成功：6666666
[2018-07-12T03:19:07.240] [ERROR] oth - 666666
[2018-07-12T03:19:07.241] [INFO] oth - 666666
[2018-07-12T03:19:07.241] [FATAL] oth - 666666
[2018-07-12T03:19:07.271] [INFO] oth - undefined
[2018-07-12T03:19:07.272] [INFO] oth - 数据库连接成功：6666666
[2018-07-12T03:19:22.362] [ERROR] oth - 666666
[2018-07-12T03:19:22.363] [INFO] oth - 666666
[2018-07-12T03:19:22.363] [FATAL] oth - 666666
[2018-07-12T03:19:22.389] [INFO] oth - undefined
[2018-07-12T03:19:22.390] [INFO] oth - 数据库连接成功：6666666
[2018-07-12T03:19:24.897] [ERROR] oth - 666666
[2018-07-12T03:19:24.898] [INFO] oth - 666666
[2018-07-12T03:19:24.898] [FATAL] oth - 666666
[2018-07-12T03:19:24.926] [INFO] oth - undefined
[2018-07-12T03:19:24.927] [INFO] oth - 数据库连接成功：6666666
[2018-07-12T03:19:26.074] [ERROR] oth - 666666
[2018-07-12T03:19:26.075] [INFO] oth - 666666
[2018-07-12T03:19:26.075] [FATAL] oth - 666666
[2018-07-12T03:19:26.110] [INFO] oth - undefined
[2018-07-12T03:19:26.111] [INFO] oth - 数据库连接成功：6666666
[2018-07-12T03:19:27.869] [ERROR] oth - 666666
[2018-07-12T03:19:27.870] [INFO] oth - 666666
[2018-07-12T03:19:27.870] [FATAL] oth - 666666
[2018-07-12T03:19:27.887] [INFO] oth - undefined
[2018-07-12T03:19:27.888] [INFO] oth - 数据库连接成功：6666666
[2018-07-12T03:19:55.467] [ERROR] oth - 666666
[2018-07-12T03:19:55.468] [INFO] oth - 666666
[2018-07-12T03:19:55.469] [FATAL] oth - 666666
[2018-07-12T03:19:55.484] [INFO] oth - undefined
[2018-07-12T03:19:55.484] [INFO] oth - 数据库连接成功：6666666
[2018-07-12T03:19:56.501] [ERROR] oth - 666666
[2018-07-12T03:19:56.503] [INFO] oth - 666666
[2018-07-12T03:19:56.503] [FATAL] oth - 666666
[2018-07-12T03:19:56.529] [INFO] oth - undefined
[2018-07-12T03:19:56.529] [INFO] oth - 数据库连接成功：6666666
[2018-07-12T03:20:06.534] [ERROR] oth - 666666
[2018-07-12T03:20:06.535] [INFO] oth - 666666
[2018-07-12T03:20:06.535] [FATAL] oth - 666666
[2018-07-12T03:20:06.558] [INFO] oth - undefined
[2018-07-12T03:20:06.559] [INFO] oth - 数据库连接成功：6666666
[2018-07-12T03:20:27.258] [ERROR] oth - 666666
[2018-07-12T03:20:27.260] [INFO] oth - 666666
[2018-07-12T03:20:27.260] [FATAL] oth - 666666
[2018-07-12T03:20:27.279] [INFO] oth - undefined
[2018-07-12T03:20:27.279] [INFO] oth - 数据库连接成功：6666666
[2018-07-12T03:20:43.747] [ERROR] oth - 666666
[2018-07-12T03:20:43.748] [INFO] oth - 666666
[2018-07-12T03:20:43.749] [FATAL] oth - 666666
[2018-07-12T03:20:43.776] [INFO] oth - undefined
[2018-07-12T03:20:43.776] [INFO] oth - 数据库连接成功：6666666
[2018-07-12T03:20:50.018] [ERROR] oth - 666666
[2018-07-12T03:20:50.020] [INFO] oth - 666666
[2018-07-12T03:20:50.020] [FATAL] oth - 666666
[2018-07-12T03:20:50.042] [INFO] oth - undefined
[2018-07-12T03:20:50.042] [INFO] oth - 数据库连接成功：6666666
[2018-07-12T03:20:56.424] [ERROR] oth - 666666
[2018-07-12T03:20:56.425] [INFO] oth - 666666
[2018-07-12T03:20:56.425] [FATAL] oth - 666666
[2018-07-12T03:20:56.451] [INFO] oth - undefined
[2018-07-12T03:20:56.452] [INFO] oth - 数据库连接成功：6666666
[2018-07-12T03:20:57.613] [ERROR] oth - 666666
[2018-07-12T03:20:57.614] [INFO] oth - 666666
[2018-07-12T03:20:57.614] [FATAL] oth - 666666
[2018-07-12T03:20:57.640] [INFO] oth - undefined
[2018-07-12T03:20:57.640] [INFO] oth - 数据库连接成功：6666666
[2018-07-12T03:21:04.994] [ERROR] oth - 666666
[2018-07-12T03:21:04.995] [INFO] oth - 666666
[2018-07-12T03:21:04.995] [FATAL] oth - 666666
[2018-07-12T03:21:05.021] [INFO] oth - undefined
[2018-07-12T03:21:05.022] [INFO] oth - 数据库连接成功：6666666
[2018-07-12T03:21:07.154] [ERROR] oth - 666666
[2018-07-12T03:21:07.155] [INFO] oth - 666666
[2018-07-12T03:21:07.155] [FATAL] oth - 666666
[2018-07-12T03:21:07.179] [INFO] oth - undefined
[2018-07-12T03:21:07.180] [INFO] oth - 数据库连接成功：6666666
[2018-07-12T03:21:17.669] [ERROR] oth - 666666
[2018-07-12T03:21:17.671] [INFO] oth - 666666
[2018-07-12T03:21:17.671] [FATAL] oth - 666666
[2018-07-12T03:21:17.700] [INFO] oth - undefined
[2018-07-12T03:21:17.701] [INFO] oth - 数据库连接成功：6666666
[2018-07-12T03:21:18.857] [ERROR] oth - 666666
[2018-07-12T03:21:18.858] [INFO] oth - 666666
[2018-07-12T03:21:18.858] [FATAL] oth - 666666
[2018-07-12T03:21:18.884] [INFO] oth - undefined
[2018-07-12T03:21:18.884] [INFO] oth - 数据库连接成功：6666666
[2018-07-12T03:21:27.096] [ERROR] oth - 666666
[2018-07-12T03:21:27.097] [INFO] oth - 666666
[2018-07-12T03:21:27.097] [FATAL] oth - 666666
[2018-07-12T03:21:27.126] [INFO] oth - undefined
[2018-07-12T03:21:27.127] [INFO] oth - 数据库连接成功：6666666
[2018-07-12T03:21:29.142] [ERROR] oth - 666666
[2018-07-12T03:21:29.143] [INFO] oth - 666666
[2018-07-12T03:21:29.144] [FATAL] oth - 666666
[2018-07-12T03:21:29.170] [INFO] oth - undefined
[2018-07-12T03:21:29.170] [INFO] oth - 数据库连接成功：6666666
[2018-07-12T03:21:40.903] [ERROR] oth - 666666
[2018-07-12T03:21:40.904] [INFO] oth - 666666
[2018-07-12T03:21:40.904] [FATAL] oth - 666666
[2018-07-12T03:21:40.934] [INFO] oth - undefined
[2018-07-12T03:21:40.934] [INFO] oth - 数据库连接成功：6666666
[2018-07-12T03:21:49.184] [ERROR] oth - 666666
[2018-07-12T03:21:49.186] [INFO] oth - 666666
[2018-07-12T03:21:49.186] [FATAL] oth - 666666
[2018-07-12T03:21:49.218] [INFO] oth - undefined
[2018-07-12T03:21:49.218] [INFO] oth - 数据库连接成功：6666666
[2018-07-12T03:21:51.517] [ERROR] oth - 666666
[2018-07-12T03:21:51.519] [INFO] oth - 666666
[2018-07-12T03:21:51.519] [FATAL] oth - 666666
[2018-07-12T03:21:51.544] [INFO] oth - undefined
[2018-07-12T03:21:51.544] [INFO] oth - 数据库连接成功：6666666
[2018-07-12T03:21:59.590] [ERROR] oth - 666666
[2018-07-12T03:21:59.592] [INFO] oth - 666666
[2018-07-12T03:21:59.592] [FATAL] oth - 666666
[2018-07-12T03:21:59.620] [INFO] oth - undefined
[2018-07-12T03:21:59.621] [INFO] oth - 数据库连接成功：6666666
[2018-07-12T03:22:01.517] [ERROR] oth - 666666
[2018-07-12T03:22:01.519] [INFO] oth - 666666
[2018-07-12T03:22:01.520] [FATAL] oth - 666666
[2018-07-12T03:22:01.546] [INFO] oth - undefined
[2018-07-12T03:22:01.547] [INFO] oth - 数据库连接成功：6666666
[2018-07-12T03:22:16.466] [ERROR] oth - 666666
[2018-07-12T03:22:16.467] [INFO] oth - 666666
[2018-07-12T03:22:16.467] [FATAL] oth - 666666
[2018-07-12T03:22:16.493] [INFO] oth - undefined
[2018-07-12T03:22:16.494] [INFO] oth - 数据库连接成功：6666666
[2018-07-12T03:22:21.265] [ERROR] oth - 666666
[2018-07-12T03:22:21.267] [INFO] oth - 666666
[2018-07-12T03:22:21.267] [FATAL] oth - 666666
[2018-07-12T03:22:26.232] [ERROR] oth - 666666
[2018-07-12T03:22:26.233] [INFO] oth - 666666
[2018-07-12T03:22:26.233] [FATAL] oth - 666666
[2018-07-12T03:22:30.879] [ERROR] oth - 666666
[2018-07-12T03:22:30.880] [INFO] oth - 666666
[2018-07-12T03:22:30.881] [FATAL] oth - 666666
[2018-07-12T03:22:39.496] [ERROR] oth - 666666
[2018-07-12T03:22:39.498] [INFO] oth - 666666
[2018-07-12T03:22:39.498] [FATAL] oth - 666666
[2018-07-12T03:22:42.189] [ERROR] oth - 666666
[2018-07-12T03:22:42.190] [INFO] oth - 666666
[2018-07-12T03:22:42.190] [FATAL] oth - 666666
[2018-07-12T03:22:43.019] [ERROR] oth - 666666
[2018-07-12T03:22:43.020] [INFO] oth - 666666
[2018-07-12T03:22:43.020] [FATAL] oth - 666666
[2018-07-12T03:22:45.137] [ERROR] oth - 666666
[2018-07-12T03:22:45.138] [INFO] oth - 666666
[2018-07-12T03:22:45.138] [FATAL] oth - 666666
[2018-07-12T03:22:48.432] [ERROR] oth - 666666
[2018-07-12T03:22:48.433] [INFO] oth - 666666
[2018-07-12T03:22:48.433] [FATAL] oth - 666666
[2018-07-12T03:22:49.248] [ERROR] oth - 666666
[2018-07-12T03:22:49.249] [INFO] oth - 666666
[2018-07-12T03:22:49.250] [FATAL] oth - 666666
[2018-07-12T03:22:55.901] [ERROR] oth - 666666
[2018-07-12T03:22:55.902] [INFO] oth - 666666
[2018-07-12T03:22:55.902] [FATAL] oth - 666666
[2018-07-12T03:22:57.150] [ERROR] oth - 666666
[2018-07-12T03:22:57.151] [INFO] oth - 666666
[2018-07-12T03:22:57.151] [FATAL] oth - 666666
[2018-07-12T03:23:00.280] [ERROR] oth - 666666
[2018-07-12T03:23:00.281] [INFO] oth - 666666
[2018-07-12T03:23:00.281] [FATAL] oth - 666666
[2018-07-12T03:23:06.072] [ERROR] oth - 666666
[2018-07-12T03:23:06.073] [INFO] oth - 666666
[2018-07-12T03:23:06.073] [FATAL] oth - 666666
[2018-07-12T03:23:06.098] [INFO] oth - undefined
[2018-07-12T03:23:06.100] [INFO] oth - 数据库连接成功：6666666
[2018-07-12T03:23:07.645] [ERROR] oth - 666666
[2018-07-12T03:23:07.647] [INFO] oth - 666666
[2018-07-12T03:23:07.647] [FATAL] oth - 666666
[2018-07-12T03:23:07.671] [INFO] oth - undefined
[2018-07-12T03:23:07.672] [INFO] oth - 数据库连接成功：6666666
[2018-07-12T03:23:26.807] [ERROR] oth - 666666
[2018-07-12T03:23:26.808] [INFO] oth - 666666
[2018-07-12T03:23:26.808] [FATAL] oth - 666666
[2018-07-12T03:23:26.834] [INFO] oth - undefined
[2018-07-12T03:23:26.835] [INFO] oth - 数据库连接成功：6666666
[2018-07-12T03:23:31.394] [ERROR] oth - 666666
[2018-07-12T03:23:31.395] [INFO] oth - 666666
[2018-07-12T03:23:31.395] [FATAL] oth - 666666
[2018-07-12T03:23:31.419] [INFO] oth - 数据库连接成功：6666666
[2018-07-12T03:23:32.641] [ERROR] oth - 666666
[2018-07-12T03:23:32.642] [INFO] oth - 666666
[2018-07-12T03:23:32.642] [FATAL] oth - 666666
[2018-07-12T03:23:32.667] [INFO] oth - undefined
[2018-07-12T03:23:32.669] [INFO] oth - 数据库连接成功：6666666
[2018-07-12T03:23:34.206] [ERROR] oth - 666666
[2018-07-12T03:23:34.207] [INFO] oth - 666666
[2018-07-12T03:23:34.207] [FATAL] oth - 666666
[2018-07-12T03:23:34.233] [INFO] oth - undefined
[2018-07-12T03:23:34.234] [INFO] oth - 数据库连接成功：6666666
[2018-07-12T03:23:48.308] [ERROR] oth - 666666
[2018-07-12T03:23:48.309] [INFO] oth - 666666
[2018-07-12T03:23:48.309] [FATAL] oth - 666666
[2018-07-12T03:23:48.336] [INFO] oth - undefined
[2018-07-12T03:23:48.337] [INFO] oth - 数据库连接成功：6666666
[2018-07-12T03:23:50.897] [ERROR] oth - 666666
[2018-07-12T03:23:50.898] [INFO] oth - 666666
[2018-07-12T03:23:50.898] [FATAL] oth - 666666
[2018-07-12T03:23:50.925] [INFO] oth - undefined
[2018-07-12T03:23:50.926] [INFO] oth - 数据库连接成功：6666666
[2018-07-12T03:23:53.387] [ERROR] oth - 666666
[2018-07-12T03:23:53.389] [INFO] oth - 666666
[2018-07-12T03:23:53.389] [FATAL] oth - 666666
[2018-07-12T03:23:53.422] [INFO] oth - undefined
[2018-07-12T03:23:53.422] [INFO] oth - 数据库连接成功：6666666
[2018-07-12T03:23:55.448] [ERROR] oth - 666666
[2018-07-12T03:23:55.450] [INFO] oth - 666666
[2018-07-12T03:23:55.450] [FATAL] oth - 666666
[2018-07-12T03:23:55.475] [INFO] oth - undefined
[2018-07-12T03:23:55.475] [INFO] oth - 数据库连接成功：6666666
[2018-07-12T03:24:12.630] [ERROR] oth - 666666
[2018-07-12T03:24:12.631] [INFO] oth - 666666
[2018-07-12T03:24:12.631] [FATAL] oth - 666666
[2018-07-12T03:24:12.658] [INFO] oth - ------2222------
[2018-07-12T03:24:12.659] [INFO] oth - 数据库连接成功：6666666
[2018-07-12T03:24:14.632] [ERROR] oth - 666666
[2018-07-12T03:24:14.633] [INFO] oth - 666666
[2018-07-12T03:24:14.633] [FATAL] oth - 666666
[2018-07-12T03:24:14.663] [INFO] oth - ------2222------
[2018-07-12T03:24:14.663] [INFO] oth - 数据库连接成功：6666666
[2018-07-12T03:24:25.944] [ERROR] oth - 666666
[2018-07-12T03:24:25.945] [INFO] oth - 666666
[2018-07-12T03:24:25.945] [FATAL] oth - 666666
[2018-07-12T03:24:25.971] [INFO] oth - 数据库连接成功：6666666
[2018-07-12T03:24:50.559] [ERROR] oth - 666666
[2018-07-12T03:24:50.561] [INFO] oth - 666666
[2018-07-12T03:24:50.561] [FATAL] oth - 666666
[2018-07-12T03:24:50.586] [INFO] oth - 数据库连接成功：6666666
[2018-07-12T03:24:52.029] [ERROR] oth - 666666
[2018-07-12T03:24:52.030] [INFO] oth - 666666
[2018-07-12T03:24:52.030] [FATAL] oth - 666666
[2018-07-12T03:24:52.055] [INFO] oth - 数据库连接成功：6666666
[2018-07-12T03:25:01.978] [ERROR] oth - 666666
[2018-07-12T03:25:01.979] [INFO] oth - 666666
[2018-07-12T03:25:01.979] [FATAL] oth - 666666
[2018-07-12T03:25:02.008] [INFO] oth - 数据库连接成功：6666666
[2018-07-12T03:25:06.494] [ERROR] oth - 666666
[2018-07-12T03:25:06.495] [INFO] oth - 666666
[2018-07-12T03:25:06.495] [FATAL] oth - 666666
[2018-07-12T03:25:06.520] [INFO] oth - 数据库连接成功：6666666
[2018-07-12T03:25:21.975] [ERROR] oth - 666666
[2018-07-12T03:25:21.976] [INFO] oth - 666666
[2018-07-12T03:25:21.976] [FATAL] oth - 666666
[2018-07-12T03:25:21.999] [INFO] oth - 数据库连接成功：6666666
[2018-07-12T03:25:24.796] [ERROR] oth - 666666
[2018-07-12T03:25:24.797] [INFO] oth - 666666
[2018-07-12T03:25:24.797] [FATAL] oth - 666666
[2018-07-12T03:25:24.822] [INFO] oth - 数据库连接成功：6666666
[2018-07-12T03:25:26.521] [ERROR] oth - 666666
[2018-07-12T03:25:26.522] [INFO] oth - 666666
[2018-07-12T03:25:26.523] [FATAL] oth - 666666
[2018-07-12T03:25:26.538] [INFO] oth - 数据库连接成功：6666666
[2018-07-12T03:25:27.627] [ERROR] oth - 666666
[2018-07-12T03:25:27.628] [INFO] oth - 666666
[2018-07-12T03:25:27.628] [FATAL] oth - 666666
[2018-07-12T03:25:27.651] [INFO] oth - 数据库连接成功：6666666
[2018-07-12T03:25:28.707] [ERROR] oth - 666666
[2018-07-12T03:25:28.708] [INFO] oth - 666666
[2018-07-12T03:25:28.708] [FATAL] oth - 666666
[2018-07-12T03:25:28.732] [INFO] oth - 数据库连接成功：6666666
[2018-07-12T03:25:30.769] [ERROR] oth - 666666
[2018-07-12T03:25:30.770] [INFO] oth - 666666
[2018-07-12T03:25:30.770] [FATAL] oth - 666666
[2018-07-12T03:25:30.794] [INFO] oth - 数据库连接成功：6666666
[2018-07-12T03:25:37.575] [ERROR] oth - 666666
[2018-07-12T03:25:37.576] [INFO] oth - 666666
[2018-07-12T03:25:37.576] [FATAL] oth - 666666
[2018-07-12T03:25:37.600] [INFO] oth - 数据库连接成功：6666666
[2018-07-12T03:25:41.352] [ERROR] oth - 666666
[2018-07-12T03:25:41.353] [INFO] oth - 666666
[2018-07-12T03:25:41.353] [FATAL] oth - 666666
[2018-07-12T03:25:41.377] [INFO] oth - 数据库连接成功：6666666
[2018-07-12T03:25:46.480] [ERROR] oth - 666666
[2018-07-12T03:25:46.481] [INFO] oth - 666666
[2018-07-12T03:25:46.481] [FATAL] oth - 666666
[2018-07-12T03:25:46.507] [INFO] oth - 数据库连接成功：6666666
[2018-07-12T03:25:47.240] [ERROR] oth - 666666
[2018-07-12T03:25:47.242] [INFO] oth - 666666
[2018-07-12T03:25:47.242] [FATAL] oth - 666666
[2018-07-12T03:25:47.269] [INFO] oth - 数据库连接成功：6666666
[2018-07-12T03:25:51.272] [ERROR] oth - 666666
[2018-07-12T03:25:51.273] [INFO] oth - 666666
[2018-07-12T03:25:51.273] [FATAL] oth - 666666
[2018-07-12T03:25:51.299] [INFO] oth - 数据库连接成功：6666666
[2018-07-12T03:25:53.102] [ERROR] oth - 666666
[2018-07-12T03:25:53.103] [INFO] oth - 666666
[2018-07-12T03:25:53.103] [FATAL] oth - 666666
[2018-07-12T03:25:53.130] [INFO] oth - 数据库连接成功：6666666
[2018-07-12T03:26:03.526] [ERROR] oth - 666666
[2018-07-12T03:26:03.527] [INFO] oth - 666666
[2018-07-12T03:26:03.527] [FATAL] oth - 666666
[2018-07-12T03:26:03.541] [INFO] oth - 数据库连接成功：6666666
[2018-07-12T03:26:05.696] [ERROR] oth - 666666
[2018-07-12T03:26:05.698] [INFO] oth - 666666
[2018-07-12T03:26:05.698] [FATAL] oth - 666666
[2018-07-12T03:26:05.726] [INFO] oth - 数据库连接成功：6666666
[2018-07-12T03:26:08.156] [ERROR] oth - 666666
[2018-07-12T03:26:08.157] [INFO] oth - 666666
[2018-07-12T03:26:08.157] [FATAL] oth - 666666
[2018-07-12T03:26:08.181] [INFO] oth - 数据库连接成功：6666666
[2018-07-12T03:26:09.161] [ERROR] oth - 666666
[2018-07-12T03:26:09.162] [INFO] oth - 666666
[2018-07-12T03:26:09.163] [FATAL] oth - 666666
[2018-07-12T03:26:09.187] [INFO] oth - 数据库连接成功：6666666
[2018-07-12T03:26:10.713] [ERROR] oth - 666666
[2018-07-12T03:26:10.714] [INFO] oth - 666666
[2018-07-12T03:26:10.715] [FATAL] oth - 666666
[2018-07-12T03:26:10.728] [INFO] oth - 数据库连接成功：6666666
