[2018-11-14T14:35:00.453] [ERROR] oth - 666666
[2018-11-14T14:35:00.455] [INFO] oth - 666666
[2018-11-14T14:35:00.456] [FATAL] oth - 666666
[2018-11-14T14:35:00.482] [INFO] oth - 数据库连接成功：6666666
[2018-11-14T14:35:16.294] [ERROR] oth - 666666
[2018-11-14T14:35:16.295] [INFO] oth - 666666
[2018-11-14T14:35:16.296] [FATAL] oth - 666666
[2018-11-14T14:35:16.311] [INFO] oth - 数据库连接成功：6666666
[2018-11-14T14:35:28.860] [ERROR] oth - 666666
[2018-11-14T14:35:28.861] [INFO] oth - 666666
[2018-11-14T14:35:28.862] [FATAL] oth - 666666
[2018-11-14T14:35:28.877] [INFO] oth - 数据库连接成功：6666666
[2018-11-14T14:36:04.846] [ERROR] oth - 666666
[2018-11-14T14:36:04.849] [INFO] oth - 666666
[2018-11-14T14:36:04.851] [FATAL] oth - 666666
[2018-11-14T14:36:04.870] [INFO] oth - 数据库连接成功：6666666
[2018-11-14T14:37:19.534] [ERROR] oth - 666666
[2018-11-14T14:37:19.540] [INFO] oth - 666666
[2018-11-14T14:37:19.541] [FATAL] oth - 666666
[2018-11-14T14:37:19.564] [INFO] oth - 数据库连接成功：6666666
[2018-11-14T14:37:31.594] [ERROR] oth - 666666
[2018-11-14T14:37:31.595] [INFO] oth - 666666
[2018-11-14T14:37:31.596] [FATAL] oth - 666666
[2018-11-14T14:37:31.617] [INFO] oth - 数据库连接成功：6666666
[2018-11-14T14:37:56.384] [ERROR] oth - 666666
[2018-11-14T14:37:56.386] [INFO] oth - 666666
[2018-11-14T14:37:56.386] [FATAL] oth - 666666
[2018-11-14T14:37:56.406] [INFO] oth - 数据库连接成功：6666666
[2018-11-14T14:37:59.442] [ERROR] oth - 666666
[2018-11-14T14:37:59.445] [INFO] oth - 666666
[2018-11-14T14:37:59.446] [FATAL] oth - 666666
[2018-11-14T14:37:59.468] [INFO] oth - 数据库连接成功：6666666
[2018-11-14T14:38:01.994] [ERROR] oth - 666666
[2018-11-14T14:38:01.996] [INFO] oth - 666666
[2018-11-14T14:38:01.996] [FATAL] oth - 666666
[2018-11-14T14:38:02.014] [INFO] oth - 数据库连接成功：6666666
[2018-11-14T14:38:05.129] [ERROR] oth - 666666
[2018-11-14T14:38:05.131] [INFO] oth - 666666
[2018-11-14T14:38:05.132] [FATAL] oth - 666666
[2018-11-14T14:38:05.151] [INFO] oth - 数据库连接成功：6666666
[2018-11-14T14:38:27.864] [ERROR] oth - 666666
[2018-11-14T14:38:27.866] [INFO] oth - 666666
[2018-11-14T14:38:27.871] [FATAL] oth - 666666
[2018-11-14T14:38:27.887] [INFO] oth - 数据库连接成功：6666666
[2018-11-14T14:38:39.826] [ERROR] oth - 666666
[2018-11-14T14:38:39.828] [INFO] oth - 666666
[2018-11-14T14:38:39.828] [FATAL] oth - 666666
[2018-11-14T14:38:39.847] [INFO] oth - 数据库连接成功：6666666
[2018-11-14T14:39:14.026] [ERROR] oth - 666666
[2018-11-14T14:39:14.028] [INFO] oth - 666666
[2018-11-14T14:39:14.030] [FATAL] oth - 666666
[2018-11-14T14:39:14.047] [INFO] oth - 数据库连接成功：6666666
[2018-11-14T14:49:40.372] [INFO] oth - 111111111
[2018-11-14T14:49:40.390] [ERROR] oth - 666666
[2018-11-14T14:49:40.391] [INFO] oth - 666666
[2018-11-14T14:49:40.412] [FATAL] oth - 666666
[2018-11-14T14:49:40.457] [INFO] oth - 数据库连接成功：6666666
[2018-11-14T14:49:50.809] [INFO] oth - 111111111
[2018-11-14T14:49:50.812] [ERROR] oth - 666666
[2018-11-14T14:49:50.813] [INFO] oth - 666666
[2018-11-14T14:49:50.814] [FATAL] oth - 666666
[2018-11-14T14:49:50.844] [INFO] oth - 数据库连接成功：6666666
[2018-11-14T14:50:17.992] [INFO] oth - 111111111
[2018-11-14T14:50:17.996] [ERROR] oth - 666666
[2018-11-14T14:50:17.997] [INFO] oth - 666666
[2018-11-14T14:50:17.998] [FATAL] oth - 666666
[2018-11-14T14:50:18.023] [INFO] oth - 数据库连接成功：6666666
[2018-11-14T14:50:41.508] [ERROR] err - 666666
[2018-11-14T14:50:41.511] [FATAL] err - 666666
[2018-11-14T14:50:41.531] [INFO] oth - 数据库连接成功：6666666
[2018-11-14T14:51:04.003] [ERROR] err - 666666
[2018-11-14T14:51:04.006] [FATAL] err - 666666
[2018-11-14T14:51:04.026] [INFO] oth - 数据库连接成功：6666666
[2018-11-14T14:51:32.494] [INFO] oth - 111111111
[2018-11-14T14:51:32.501] [ERROR] oth - 666666
[2018-11-14T14:51:32.503] [INFO] oth - 666666
[2018-11-14T14:51:32.514] [FATAL] oth - 666666
[2018-11-14T14:51:32.559] [INFO] oth - 数据库连接成功：6666666
[2018-11-14T14:52:36.688] [INFO] oth - 111111111
[2018-11-14T14:52:36.691] [ERROR] oth - 666666
[2018-11-14T14:52:36.693] [INFO] oth - 666666
[2018-11-14T14:52:36.693] [FATAL] oth - 666666
[2018-11-14T14:52:36.713] [INFO] oth - 数据库连接成功：6666666
[2018-11-14T14:52:39.140] [INFO] oth - 111111111
[2018-11-14T14:52:39.143] [ERROR] oth - 666666
[2018-11-14T14:52:39.144] [INFO] oth - 666666
[2018-11-14T14:52:39.151] [FATAL] oth - 666666
[2018-11-14T14:52:39.194] [INFO] oth - 数据库连接成功：6666666
[2018-11-14T14:52:41.811] [INFO] oth - 111111111
[2018-11-14T14:52:41.816] [ERROR] oth - 666666
[2018-11-14T14:52:41.817] [INFO] oth - 666666
[2018-11-14T14:52:41.818] [FATAL] oth - 666666
[2018-11-14T14:52:41.844] [INFO] oth - 数据库连接成功：6666666
[2018-11-14T14:52:44.328] [INFO] oth - 111111111
[2018-11-14T14:52:44.332] [ERROR] oth - 666666
[2018-11-14T14:52:44.334] [INFO] oth - 666666
[2018-11-14T14:52:44.335] [FATAL] oth - 666666
[2018-11-14T14:52:44.352] [INFO] oth - 数据库连接成功：6666666
[2018-11-14T14:52:46.552] [INFO] oth - 111111111
[2018-11-14T14:52:46.556] [ERROR] oth - 666666
[2018-11-14T14:52:46.557] [INFO] oth - 666666
[2018-11-14T14:52:46.558] [FATAL] oth - 666666
[2018-11-14T14:52:46.586] [INFO] oth - 数据库连接成功：6666666
[2018-11-14T14:52:49.688] [INFO] oth - 111111111
[2018-11-14T14:52:49.690] [ERROR] oth - 666666
[2018-11-14T14:52:49.692] [INFO] oth - 666666
[2018-11-14T14:52:49.694] [FATAL] oth - 666666
[2018-11-14T14:52:49.708] [INFO] oth - 数据库连接成功：6666666
[2018-11-14T14:59:21.502] [INFO] oth - 111111111
[2018-11-14T14:59:21.505] [ERROR] oth - 666666
[2018-11-14T14:59:21.506] [INFO] oth - 666666
[2018-11-14T14:59:21.508] [FATAL] oth - 666666
[2018-11-14T14:59:21.524] [INFO] oth - 数据库连接成功：6666666
