[2018-11-26T11:13:07.869] [INFO] oth - 数据库连接成功：6666666
[2018-11-26T11:13:19.460] [INFO] oth - 数据库连接成功：6666666
[2018-11-26T11:18:46.104] [INFO] oth - 数据库连接成功：6666666
[2018-11-26T11:18:53.333] [INFO] oth - 数据库连接成功：6666666
[2018-11-26T11:18:53.956] [INFO] oth - 66666-------666666 { request:
   { method: 'GET',
     url: '/api/upload?name=6666777788889999',
     header:
      { host: '127.0.0.1:3000',
        connection: 'keep-alive',
        'cache-control': 'max-age=0',
        'upgrade-insecure-requests': '1',
        'user-agent':
         'Mozilla/5.0 (Windows NT 10.0; WOW64) AppleWebKit/537.36 (KHTML, like Gecko) Chrome/65.0.3325.181 Safari/537.36',
        accept:
         'text/html,application/xhtml+xml,application/xml;q=0.9,image/webp,image/apng,*/*;q=0.8',
        'accept-encoding': 'gzip, deflate, br',
        'accept-language': 'zh-CN,zh;q=0.9' } },
  response: { status: 404, message: 'Not Found', header: {} },
  app: { subdomainOffset: 2, proxy: false, env: 'development' },
  originalUrl: '/api/upload?name=6666777788889999',
  req: '<original node req>',
  res: '<original node res>',
  socket: '<original node socket>' }
[2018-11-26T11:21:16.645] [INFO] oth - 数据库连接成功：6666666
[2018-11-26T11:21:25.641] [INFO] oth - 数据库连接成功：6666666
[2018-11-26T11:21:40.326] [INFO] oth - 数据库连接成功：6666666
[2018-11-26T11:21:52.984] [INFO] oth - 数据库连接成功：6666666
[2018-11-26T11:21:57.016] [INFO] oth - 数据库连接成功：6666666
[2018-11-26T11:22:16.940] [INFO] oth - 数据库连接成功：6666666
[2018-11-26T11:22:47.404] [INFO] oth - 数据库连接成功：6666666
[2018-11-26T11:23:04.600] [INFO] oth - 数据库连接成功：6666666
[2018-11-26T11:23:08.385] [INFO] oth - 数据库连接成功：6666666
[2018-11-26T11:23:17.955] [INFO] oth - 数据库连接成功：6666666
[2018-11-26T11:23:21.781] [INFO] oth - 数据库连接成功：6666666
[2018-11-26T11:23:35.164] [INFO] oth - 数据库连接成功：6666666
[2018-11-26T11:23:39.758] [INFO] oth - 数据库连接成功：6666666
[2018-11-26T11:23:49.370] [INFO] oth - 数据库连接成功：6666666
[2018-11-26T11:24:03.371] [INFO] oth - 数据库连接成功：6666666
[2018-11-26T11:25:31.064] [INFO] oth - 数据库连接成功：6666666
[2018-11-26T11:25:45.254] [INFO] oth - 数据库连接成功：6666666
[2018-11-26T11:26:10.789] [INFO] oth - 数据库连接成功：6666666
[2018-11-26T11:27:44.326] [INFO] oth - 数据库连接成功：6666666
[2018-11-26T11:28:44.029] [INFO] oth - 数据库连接成功：6666666
[2018-11-26T11:28:55.948] [INFO] oth - 数据库连接成功：6666666
[2018-11-26T11:29:02.309] [INFO] oth - 数据库连接成功：6666666
[2018-11-26T11:29:06.960] [INFO] oth - 数据库连接成功：6666666
[2018-11-26T11:29:54.674] [INFO] oth - 数据库连接成功：6666666
[2018-11-26T11:30:00.671] [INFO] oth - 数据库连接成功：6666666
[2018-11-26T11:30:09.740] [INFO] oth - 数据库连接成功：6666666
[2018-11-26T11:30:22.668] [INFO] oth - 数据库连接成功：6666666
[2018-11-26T11:30:28.996] [INFO] oth - 数据库连接成功：6666666
[2018-11-26T11:37:29.699] [INFO] oth - 数据库连接成功：6666666
[2018-11-26T11:37:40.219] [INFO] oth - 数据库连接成功：6666666
[2018-11-26T11:42:16.199] [INFO] oth - 数据库连接成功：6666666
[2018-11-26T11:42:22.970] [INFO] oth - 数据库连接成功：6666666
[2018-11-26T11:42:35.824] [INFO] oth - 数据库连接成功：6666666
[2018-11-26T11:50:04.987] [INFO] oth - 数据库连接成功：6666666
[2018-11-26T11:50:39.145] [INFO] oth - 数据库连接成功：6666666
[2018-11-26T11:50:42.951] [INFO] oth - 数据库连接成功：6666666
[2018-11-26T11:50:48.436] [INFO] oth - 数据库连接成功：6666666
[2018-11-26T11:50:54.809] [INFO] oth - 数据库连接成功：6666666
[2018-11-26T11:52:16.190] [INFO] oth - 数据库连接成功：mongodb://127.0.0.1:27017/admin
[2018-11-26T11:53:46.046] [INFO] oth - 数据库连接成功：mongodb://127.0.0.1:27017/admin
[2018-11-26T11:56:22.187] [INFO] oth - 数据库连接成功：mongodb://127.0.0.1:27017/admin
[2018-11-26T11:56:31.148] [INFO] oth - 数据库连接成功：mongodb://127.0.0.1:27017/admin
[2018-11-26T11:56:36.751] [INFO] oth - 数据库连接成功：mongodb://127.0.0.1:27017/admin
[2018-11-26T11:56:55.900] [INFO] oth - 数据库连接成功：mongodb://127.0.0.1:27017/admin
[2018-11-26T11:58:39.814] [INFO] oth - 数据库连接成功：mongodb://127.0.0.1:27017/admin
[2018-11-26T11:59:07.858] [INFO] oth - 数据库连接成功：mongodb://127.0.0.1:27017/admin
[2018-11-26T11:59:11.254] [INFO] oth - 数据库连接成功：mongodb://127.0.0.1:27017/admin
[2018-11-26T11:59:18.532] [INFO] oth - 数据库连接成功：mongodb://127.0.0.1:27017/admin
[2018-11-26T11:59:23.639] [INFO] oth - 数据库连接成功：mongodb://127.0.0.1:27017/admin
[2018-11-26T11:59:36.580] [INFO] oth - 数据库连接成功：mongodb://127.0.0.1:27017/admin
[2018-11-26T11:59:51.552] [INFO] oth - 数据库连接成功：mongodb://127.0.0.1:27017/admin
