[2018-07-11T02:00:44.379] [ERROR] default - 666666
[2018-07-11T02:00:44.381] [INFO] default - 666666
[2018-07-11T02:00:44.382] [DEBUG] default - 666666
[2018-07-11T02:00:44.382] [FATAL] default - 666666
[2018-07-11T02:00:57.885] [ERROR] default - 666666
[2018-07-11T02:00:57.887] [INFO] default - 666666
[2018-07-11T02:00:57.887] [DEBUG] default - 666666
[2018-07-11T02:00:57.887] [FATAL] default - 666666
[2018-07-11T02:01:10.961] [ERROR] default - 666666
[2018-07-11T02:01:10.963] [INFO] default - 666666
[2018-07-11T02:01:10.963] [DEBUG] default - 666666
[2018-07-11T02:01:10.963] [FATAL] default - 666666
[2018-07-11T02:01:16.442] [ERROR] default - 666666
[2018-07-11T02:01:16.443] [INFO] default - 666666
[2018-07-11T02:01:16.443] [DEBUG] default - 666666
[2018-07-11T02:01:16.444] [FATAL] default - 666666
[2018-07-11T02:02:39.469] [ERROR] default - 666666
[2018-07-11T02:02:39.471] [INFO] default - 666666
[2018-07-11T02:02:39.471] [DEBUG] default - 666666
[2018-07-11T02:02:39.471] [FATAL] default - 666666
[2018-07-11T02:02:40.341] [ERROR] default - 666666
[2018-07-11T02:02:40.342] [INFO] default - 666666
[2018-07-11T02:02:40.342] [DEBUG] default - 666666
[2018-07-11T02:02:40.342] [FATAL] default - 666666
[2018-07-11T02:06:24.922] [ERROR] default - 666666
[2018-07-11T02:06:24.923] [INFO] default - 666666
[2018-07-11T02:06:24.923] [DEBUG] default - 666666
[2018-07-11T02:06:24.923] [FATAL] default - 666666
[2018-07-11T02:06:27.806] [ERROR] default - 666666
[2018-07-11T02:06:27.808] [INFO] default - 666666
[2018-07-11T02:06:27.808] [DEBUG] default - 666666
[2018-07-11T02:06:27.808] [FATAL] default - 666666
[2018-07-11T02:06:39.777] [ERROR] default - 666666
[2018-07-11T02:06:39.778] [INFO] default - 666666
[2018-07-11T02:06:39.778] [DEBUG] default - 666666
[2018-07-11T02:06:39.778] [FATAL] default - 666666
[2018-07-11T02:06:42.066] [ERROR] default - 666666
[2018-07-11T02:06:42.068] [INFO] default - 666666
[2018-07-11T02:06:42.068] [DEBUG] default - 666666
[2018-07-11T02:06:42.068] [FATAL] default - 666666
[2018-07-11T02:07:16.615] [ERROR] default - 666666
[2018-07-11T02:07:16.616] [INFO] default - 666666
[2018-07-11T02:07:16.616] [DEBUG] default - 666666
[2018-07-11T02:07:16.616] [FATAL] default - 666666
[2018-07-11T02:07:18.554] [ERROR] default - 666666
[2018-07-11T02:07:18.555] [INFO] default - 666666
[2018-07-11T02:07:18.555] [DEBUG] default - 666666
[2018-07-11T02:07:18.555] [FATAL] default - 666666
[2018-07-11T02:07:21.423] [ERROR] default - 666666
[2018-07-11T02:07:21.425] [INFO] default - 666666
[2018-07-11T02:07:21.425] [DEBUG] default - 666666
[2018-07-11T02:07:21.425] [FATAL] default - 666666
[2018-07-11T02:07:23.476] [ERROR] default - 666666
[2018-07-11T02:07:23.478] [INFO] default - 666666
[2018-07-11T02:07:23.479] [DEBUG] default - 666666
[2018-07-11T02:07:23.479] [FATAL] default - 666666
[2018-07-11T02:07:24.139] [ERROR] default - 666666
[2018-07-11T02:07:24.141] [INFO] default - 666666
[2018-07-11T02:07:24.141] [DEBUG] default - 666666
[2018-07-11T02:07:24.141] [FATAL] default - 666666
[2018-07-11T02:07:26.342] [ERROR] default - 666666
[2018-07-11T02:07:26.344] [INFO] default - 666666
[2018-07-11T02:07:26.344] [DEBUG] default - 666666
[2018-07-11T02:07:26.344] [FATAL] default - 666666
[2018-07-11T02:07:44.888] [ERROR] default - 666666
[2018-07-11T02:07:44.890] [INFO] default - 666666
[2018-07-11T02:07:44.890] [DEBUG] default - 666666
[2018-07-11T02:07:44.890] [FATAL] default - 666666
[2018-07-11T02:07:47.003] [ERROR] default - 666666
[2018-07-11T02:07:47.005] [INFO] default - 666666
[2018-07-11T02:07:47.005] [DEBUG] default - 666666
[2018-07-11T02:07:47.005] [FATAL] default - 666666
[2018-07-11T02:08:40.192] [ERROR] default - 666666
[2018-07-11T02:08:40.194] [INFO] default - 666666
[2018-07-11T02:08:40.194] [DEBUG] default - 666666
[2018-07-11T02:08:40.194] [FATAL] default - 666666
[2018-07-11T02:08:41.313] [ERROR] default - 666666
[2018-07-11T02:08:41.316] [INFO] default - 666666
[2018-07-11T02:08:41.316] [DEBUG] default - 666666
[2018-07-11T02:08:41.316] [FATAL] default - 666666
[2018-07-11T02:08:43.985] [ERROR] default - 666666
[2018-07-11T02:08:43.986] [INFO] default - 666666
[2018-07-11T02:08:43.986] [DEBUG] default - 666666
[2018-07-11T02:08:43.986] [FATAL] default - 666666
[2018-07-11T02:08:45.026] [ERROR] default - 666666
[2018-07-11T02:08:45.027] [INFO] default - 666666
[2018-07-11T02:08:45.027] [DEBUG] default - 666666
[2018-07-11T02:08:45.027] [FATAL] default - 666666
[2018-07-11T02:08:46.085] [ERROR] default - 666666
[2018-07-11T02:08:46.087] [INFO] default - 666666
[2018-07-11T02:08:46.087] [DEBUG] default - 666666
[2018-07-11T02:08:46.087] [FATAL] default - 666666
[2018-07-11T02:08:48.004] [ERROR] default - 666666
[2018-07-11T02:08:48.005] [INFO] default - 666666
[2018-07-11T02:08:48.005] [DEBUG] default - 666666
[2018-07-11T02:08:48.005] [FATAL] default - 666666
[2018-07-11T02:09:04.499] [ERROR] default - 666666
[2018-07-11T02:09:04.501] [INFO] default - 666666
[2018-07-11T02:09:04.501] [DEBUG] default - 666666
[2018-07-11T02:09:04.501] [FATAL] default - 666666
[2018-07-11T02:09:05.720] [ERROR] default - 666666
[2018-07-11T02:09:05.721] [INFO] default - 666666
[2018-07-11T02:09:05.721] [DEBUG] default - 666666
[2018-07-11T02:09:05.721] [FATAL] default - 666666
[2018-07-11T02:09:06.740] [ERROR] default - 666666
[2018-07-11T02:09:06.742] [INFO] default - 666666
[2018-07-11T02:09:06.742] [DEBUG] default - 666666
[2018-07-11T02:09:06.742] [FATAL] default - 666666
[2018-07-11T02:09:07.573] [ERROR] default - 666666
[2018-07-11T02:09:07.574] [INFO] default - 666666
[2018-07-11T02:09:07.574] [DEBUG] default - 666666
[2018-07-11T02:09:07.575] [FATAL] default - 666666
[2018-07-11T02:09:10.020] [ERROR] default - 666666
[2018-07-11T02:09:10.022] [INFO] default - 666666
[2018-07-11T02:09:10.022] [DEBUG] default - 666666
[2018-07-11T02:09:10.022] [FATAL] default - 666666
[2018-07-11T02:09:12.259] [ERROR] default - 666666
[2018-07-11T02:09:12.260] [INFO] default - 666666
[2018-07-11T02:09:12.260] [DEBUG] default - 666666
[2018-07-11T02:09:12.261] [FATAL] default - 666666
[2018-07-11T02:09:56.613] [ERROR] default - 666666
[2018-07-11T02:09:56.614] [INFO] default - 666666
[2018-07-11T02:09:56.615] [DEBUG] default - 666666
[2018-07-11T02:09:56.615] [FATAL] default - 666666
[2018-07-11T02:10:58.011] [ERROR] default - 666666
[2018-07-11T02:10:58.014] [INFO] default - 666666
[2018-07-11T02:10:58.014] [DEBUG] default - 666666
[2018-07-11T02:10:58.014] [FATAL] default - 666666
[2018-07-11T02:10:58.711] [ERROR] default - 666666
[2018-07-11T02:10:58.714] [INFO] default - 666666
[2018-07-11T02:10:58.714] [DEBUG] default - 666666
[2018-07-11T02:10:58.714] [FATAL] default - 666666
[2018-07-11T02:11:52.706] [ERROR] default - 666666
[2018-07-11T02:11:52.708] [INFO] default - 666666
[2018-07-11T02:11:52.709] [DEBUG] default - 666666
[2018-07-11T02:11:52.709] [FATAL] default - 666666
[2018-07-11T02:11:54.801] [ERROR] default - 666666
[2018-07-11T02:11:54.804] [INFO] default - 666666
[2018-07-11T02:11:54.804] [DEBUG] default - 666666
[2018-07-11T02:11:54.804] [FATAL] default - 666666
[2018-07-11T02:11:56.857] [ERROR] default - 666666
[2018-07-11T02:11:56.859] [INFO] default - 666666
[2018-07-11T02:11:56.859] [DEBUG] default - 666666
[2018-07-11T02:11:56.859] [FATAL] default - 666666
[2018-07-11T02:11:57.812] [ERROR] default - 666666
[2018-07-11T02:11:57.814] [INFO] default - 666666
[2018-07-11T02:11:57.814] [DEBUG] default - 666666
[2018-07-11T02:11:57.814] [FATAL] default - 666666
[2018-07-11T02:12:15.554] [ERROR] default - 666666
[2018-07-11T02:12:15.556] [INFO] default - 666666
[2018-07-11T02:12:15.556] [DEBUG] default - 666666
[2018-07-11T02:12:15.556] [FATAL] default - 666666
[2018-07-11T02:12:15.873] [ERROR] default - 666666
[2018-07-11T02:12:15.875] [INFO] default - 666666
[2018-07-11T02:12:15.875] [DEBUG] default - 666666
[2018-07-11T02:12:15.875] [FATAL] default - 666666
[2018-07-11T02:12:26.735] [ERROR] default - 666666
[2018-07-11T02:12:26.737] [INFO] default - 666666
[2018-07-11T02:12:26.738] [DEBUG] default - 666666
[2018-07-11T02:12:26.738] [FATAL] default - 666666
[2018-07-11T02:12:39.300] [ERROR] default - 666666
[2018-07-11T02:12:39.305] [INFO] default - 666666
[2018-07-11T02:12:39.306] [DEBUG] default - 666666
[2018-07-11T02:12:39.306] [FATAL] default - 666666
[2018-07-11T02:12:42.363] [ERROR] default - 666666
[2018-07-11T02:12:42.367] [INFO] default - 666666
[2018-07-11T02:12:42.367] [DEBUG] default - 666666
[2018-07-11T02:12:42.367] [FATAL] default - 666666
[2018-07-11T02:12:50.541] [ERROR] default - 666666
[2018-07-11T02:12:50.543] [INFO] default - 666666
[2018-07-11T02:12:50.544] [DEBUG] default - 666666
[2018-07-11T02:12:50.544] [FATAL] default - 666666
[2018-07-11T02:13:00.470] [ERROR] default - 666666
[2018-07-11T02:13:00.473] [INFO] default - 666666
[2018-07-11T02:13:00.473] [DEBUG] default - 666666
[2018-07-11T02:13:00.473] [FATAL] default - 666666
[2018-07-11T02:13:35.131] [ERROR] default - 666666
[2018-07-11T02:13:35.133] [INFO] default - 666666
[2018-07-11T02:13:35.134] [DEBUG] default - 666666
[2018-07-11T02:13:35.134] [FATAL] default - 666666
[2018-07-11T02:13:39.459] [ERROR] default - 666666
[2018-07-11T02:13:39.462] [INFO] default - 666666
[2018-07-11T02:13:39.462] [DEBUG] default - 666666
[2018-07-11T02:13:39.462] [FATAL] default - 666666
[2018-07-11T02:13:41.986] [ERROR] default - 666666
[2018-07-11T02:13:41.988] [INFO] default - 666666
[2018-07-11T02:13:41.988] [DEBUG] default - 666666
[2018-07-11T02:13:41.988] [FATAL] default - 666666
[2018-07-11T02:13:42.478] [ERROR] default - 666666
[2018-07-11T02:13:42.481] [INFO] default - 666666
[2018-07-11T02:13:42.481] [DEBUG] default - 666666
[2018-07-11T02:13:42.481] [FATAL] default - 666666
[2018-07-11T02:13:58.905] [ERROR] default - 666666
[2018-07-11T02:13:58.907] [INFO] default - 666666
[2018-07-11T02:13:58.908] [DEBUG] default - 666666
[2018-07-11T02:13:58.908] [FATAL] default - 666666
[2018-07-11T02:14:02.226] [ERROR] default - 666666
[2018-07-11T02:14:02.229] [INFO] default - 666666
[2018-07-11T02:14:02.229] [DEBUG] default - 666666
[2018-07-11T02:14:02.229] [FATAL] default - 666666
[2018-07-11T02:14:09.263] [ERROR] default - 666666
[2018-07-11T02:14:09.265] [INFO] default - 666666
[2018-07-11T02:14:09.266] [DEBUG] default - 666666
[2018-07-11T02:14:09.266] [FATAL] default - 666666
[2018-07-11T02:14:12.921] [ERROR] default - 666666
[2018-07-11T02:14:12.924] [INFO] default - 666666
[2018-07-11T02:14:12.924] [DEBUG] default - 666666
[2018-07-11T02:14:12.924] [FATAL] default - 666666
[2018-07-11T02:14:27.061] [ERROR] default - 666666
[2018-07-11T02:14:27.064] [INFO] default - 666666
[2018-07-11T02:14:27.065] [DEBUG] default - 666666
[2018-07-11T02:14:27.065] [FATAL] default - 666666
[2018-07-11T02:14:32.130] [ERROR] default - 666666
[2018-07-11T02:14:32.133] [INFO] default - 666666
[2018-07-11T02:14:32.133] [DEBUG] default - 666666
[2018-07-11T02:14:32.133] [FATAL] default - 666666
[2018-07-11T02:14:34.511] [ERROR] default - 666666
[2018-07-11T02:14:34.513] [INFO] default - 666666
[2018-07-11T02:14:34.514] [DEBUG] default - 666666
[2018-07-11T02:14:34.514] [FATAL] default - 666666
[2018-07-11T02:14:34.717] [ERROR] default - 666666
[2018-07-11T02:14:34.720] [INFO] default - 666666
[2018-07-11T02:14:34.720] [DEBUG] default - 666666
[2018-07-11T02:14:34.720] [FATAL] default - 666666
[2018-07-11T02:15:05.349] [ERROR] default - 666666
[2018-07-11T02:15:05.351] [INFO] default - 666666
[2018-07-11T02:15:05.351] [DEBUG] default - 666666
[2018-07-11T02:15:05.351] [FATAL] default - 666666
[2018-07-11T02:15:07.185] [ERROR] default - 666666
[2018-07-11T02:15:07.189] [INFO] default - 666666
[2018-07-11T02:15:07.189] [DEBUG] default - 666666
[2018-07-11T02:15:07.190] [FATAL] default - 666666
[2018-07-11T02:15:07.830] [ERROR] default - 666666
[2018-07-11T02:15:07.832] [INFO] default - 666666
[2018-07-11T02:15:07.832] [DEBUG] default - 666666
[2018-07-11T02:15:07.832] [FATAL] default - 666666
[2018-07-11T02:15:09.921] [ERROR] default - 666666
[2018-07-11T02:15:09.924] [INFO] default - 666666
[2018-07-11T02:15:09.924] [DEBUG] default - 666666
[2018-07-11T02:15:09.924] [FATAL] default - 666666
[2018-07-11T02:19:49.883] [ERROR] default - 666666
[2018-07-11T02:19:49.886] [INFO] default - 666666
[2018-07-11T02:19:49.886] [DEBUG] default - 666666
[2018-07-11T02:19:49.886] [FATAL] default - 666666
[2018-07-11T02:19:53.058] [ERROR] default - 666666
[2018-07-11T02:19:53.060] [INFO] default - 666666
[2018-07-11T02:19:53.061] [DEBUG] default - 666666
[2018-07-11T02:19:53.061] [FATAL] default - 666666
[2018-07-11T02:19:55.063] [ERROR] default - 666666
[2018-07-11T02:19:55.065] [INFO] default - 666666
[2018-07-11T02:19:55.065] [DEBUG] default - 666666
[2018-07-11T02:19:55.065] [FATAL] default - 666666
[2018-07-11T02:19:55.602] [ERROR] default - 666666
[2018-07-11T02:19:55.605] [INFO] default - 666666
[2018-07-11T02:19:55.605] [DEBUG] default - 666666
[2018-07-11T02:19:55.605] [FATAL] default - 666666
[2018-07-11T02:20:17.231] [ERROR] default - 666666
[2018-07-11T02:20:17.233] [INFO] default - 666666
[2018-07-11T02:20:17.234] [DEBUG] default - 666666
[2018-07-11T02:20:17.234] [FATAL] default - 666666
[2018-07-11T02:20:18.493] [ERROR] default - 666666
[2018-07-11T02:20:18.495] [INFO] default - 666666
[2018-07-11T02:20:18.496] [DEBUG] default - 666666
[2018-07-11T02:20:18.496] [FATAL] default - 666666
[2018-07-11T02:20:21.672] [ERROR] default - 666666
[2018-07-11T02:20:21.675] [INFO] default - 666666
[2018-07-11T02:20:21.675] [DEBUG] default - 666666
[2018-07-11T02:20:21.675] [FATAL] default - 666666
[2018-07-11T02:20:22.844] [ERROR] default - 666666
[2018-07-11T02:20:22.846] [INFO] default - 666666
[2018-07-11T02:20:22.846] [DEBUG] default - 666666
[2018-07-11T02:20:22.846] [FATAL] default - 666666
[2018-07-11T02:20:24.840] [ERROR] default - 666666
[2018-07-11T02:20:24.842] [INFO] default - 666666
[2018-07-11T02:20:24.842] [DEBUG] default - 666666
[2018-07-11T02:20:24.843] [FATAL] default - 666666
[2018-07-11T02:21:22.861] [ERROR] default - 666666
[2018-07-11T02:21:22.864] [INFO] default - 666666
[2018-07-11T02:21:22.864] [DEBUG] default - 666666
[2018-07-11T02:21:22.864] [FATAL] default - 666666
[2018-07-11T02:21:24.504] [ERROR] default - 666666
[2018-07-11T02:21:24.507] [INFO] default - 666666
[2018-07-11T02:21:24.507] [DEBUG] default - 666666
[2018-07-11T02:21:24.508] [FATAL] default - 666666
[2018-07-11T02:21:26.970] [ERROR] default - 666666
[2018-07-11T02:21:26.972] [INFO] default - 666666
[2018-07-11T02:21:26.972] [DEBUG] default - 666666
[2018-07-11T02:21:26.972] [FATAL] default - 666666
[2018-07-11T02:21:27.159] [ERROR] default - 666666
[2018-07-11T02:21:27.163] [INFO] default - 666666
[2018-07-11T02:21:27.163] [DEBUG] default - 666666
[2018-07-11T02:21:27.164] [FATAL] default - 666666
[2018-07-11T02:21:31.939] [ERROR] default - 666666
[2018-07-11T02:21:31.942] [INFO] default - 666666
[2018-07-11T02:21:31.942] [DEBUG] default - 666666
[2018-07-11T02:21:31.942] [FATAL] default - 666666
[2018-07-11T02:21:32.793] [ERROR] default - 666666
[2018-07-11T02:21:32.798] [INFO] default - 666666
[2018-07-11T02:21:32.799] [DEBUG] default - 666666
[2018-07-11T02:21:32.799] [FATAL] default - 666666
[2018-07-11T02:21:39.662] [ERROR] default - 666666
[2018-07-11T02:21:39.665] [INFO] default - 666666
[2018-07-11T02:21:39.665] [DEBUG] default - 666666
[2018-07-11T02:21:39.665] [FATAL] default - 666666
[2018-07-11T02:21:41.075] [ERROR] default - 666666
[2018-07-11T02:21:41.077] [INFO] default - 666666
[2018-07-11T02:21:41.078] [DEBUG] default - 666666
[2018-07-11T02:21:41.078] [FATAL] default - 666666
[2018-07-11T02:21:45.841] [ERROR] default - 666666
[2018-07-11T02:21:45.843] [INFO] default - 666666
[2018-07-11T02:21:45.843] [DEBUG] default - 666666
[2018-07-11T02:21:45.843] [FATAL] default - 666666
[2018-07-11T02:21:47.346] [ERROR] default - 666666
[2018-07-11T02:21:47.349] [INFO] default - 666666
[2018-07-11T02:21:47.349] [DEBUG] default - 666666
[2018-07-11T02:21:47.349] [FATAL] default - 666666
[2018-07-11T02:21:52.554] [ERROR] default - 666666
[2018-07-11T02:21:52.556] [INFO] default - 666666
[2018-07-11T02:21:52.556] [DEBUG] default - 666666
[2018-07-11T02:21:52.556] [FATAL] default - 666666
[2018-07-11T02:21:54.495] [ERROR] default - 666666
[2018-07-11T02:21:54.496] [INFO] default - 666666
[2018-07-11T02:21:54.496] [DEBUG] default - 666666
[2018-07-11T02:21:54.497] [FATAL] default - 666666
[2018-07-11T02:23:19.269] [ERROR] default - 666666
[2018-07-11T02:23:19.271] [INFO] default - 666666
[2018-07-11T02:23:19.271] [DEBUG] default - 666666
[2018-07-11T02:23:19.271] [FATAL] default - 666666
[2018-07-11T02:23:21.601] [ERROR] default - 666666
[2018-07-11T02:23:21.604] [INFO] default - 666666
[2018-07-11T02:23:21.604] [DEBUG] default - 666666
[2018-07-11T02:23:21.604] [FATAL] default - 666666
[2018-07-11T02:23:32.323] [ERROR] default - 666666
[2018-07-11T02:23:32.325] [INFO] default - 666666
[2018-07-11T02:23:32.325] [DEBUG] default - 666666
[2018-07-11T02:23:32.325] [FATAL] default - 666666
[2018-07-11T02:23:35.173] [ERROR] default - 666666
[2018-07-11T02:23:35.174] [INFO] default - 666666
[2018-07-11T02:23:35.175] [DEBUG] default - 666666
[2018-07-11T02:23:35.175] [FATAL] default - 666666
[2018-07-11T02:23:40.773] [ERROR] default - 666666
[2018-07-11T02:23:40.774] [INFO] default - 666666
[2018-07-11T02:23:40.774] [DEBUG] default - 666666
[2018-07-11T02:23:40.774] [FATAL] default - 666666
[2018-07-11T02:23:47.469] [ERROR] default - 666666
[2018-07-11T02:23:47.470] [INFO] default - 666666
[2018-07-11T02:23:47.470] [DEBUG] default - 666666
[2018-07-11T02:23:47.471] [FATAL] default - 666666
[2018-07-11T02:23:54.669] [ERROR] default - 666666
[2018-07-11T02:23:54.672] [INFO] default - 666666
[2018-07-11T02:23:54.672] [DEBUG] default - 666666
[2018-07-11T02:23:54.673] [FATAL] default - 666666
[2018-07-11T02:23:57.565] [ERROR] default - 666666
[2018-07-11T02:23:57.567] [INFO] default - 666666
[2018-07-11T02:23:57.568] [DEBUG] default - 666666
[2018-07-11T02:23:57.568] [FATAL] default - 666666
[2018-07-11T02:24:01.962] [ERROR] default - 666666
[2018-07-11T02:24:01.964] [INFO] default - 666666
[2018-07-11T02:24:01.964] [DEBUG] default - 666666
[2018-07-11T02:24:01.964] [FATAL] default - 666666
[2018-07-11T02:24:05.180] [ERROR] default - 666666
[2018-07-11T02:24:05.182] [INFO] default - 666666
[2018-07-11T02:24:05.182] [DEBUG] default - 666666
[2018-07-11T02:24:05.182] [FATAL] default - 666666
[2018-07-11T02:24:07.660] [ERROR] default - 666666
[2018-07-11T02:24:07.662] [INFO] default - 666666
[2018-07-11T02:24:07.662] [DEBUG] default - 666666
[2018-07-11T02:24:07.662] [FATAL] default - 666666
[2018-07-11T02:24:09.799] [ERROR] default - 666666
[2018-07-11T02:24:09.802] [INFO] default - 666666
[2018-07-11T02:24:09.803] [DEBUG] default - 666666
[2018-07-11T02:24:09.803] [FATAL] default - 666666
[2018-07-11T02:24:11.849] [ERROR] default - 666666
[2018-07-11T02:24:11.851] [INFO] default - 666666
[2018-07-11T02:24:11.851] [DEBUG] default - 666666
[2018-07-11T02:24:11.851] [FATAL] default - 666666
[2018-07-11T02:24:13.691] [ERROR] default - 666666
[2018-07-11T02:24:13.693] [INFO] default - 666666
[2018-07-11T02:24:13.693] [DEBUG] default - 666666
[2018-07-11T02:24:13.693] [FATAL] default - 666666
[2018-07-11T02:24:15.260] [ERROR] default - 666666
[2018-07-11T02:24:15.263] [INFO] default - 666666
[2018-07-11T02:24:15.263] [DEBUG] default - 666666
[2018-07-11T02:24:15.263] [FATAL] default - 666666
[2018-07-11T02:24:17.434] [ERROR] default - 666666
[2018-07-11T02:24:17.437] [INFO] default - 666666
[2018-07-11T02:24:17.437] [DEBUG] default - 666666
[2018-07-11T02:24:17.437] [FATAL] default - 666666
[2018-07-11T02:24:19.420] [ERROR] default - 666666
[2018-07-11T02:24:19.421] [INFO] default - 666666
[2018-07-11T02:24:19.422] [DEBUG] default - 666666
[2018-07-11T02:24:19.422] [FATAL] default - 666666
[2018-07-11T02:24:42.197] [ERROR] default - 666666
[2018-07-11T02:24:42.200] [INFO] default - 666666
[2018-07-11T02:24:42.200] [DEBUG] default - 666666
[2018-07-11T02:24:42.200] [FATAL] default - 666666
[2018-07-11T02:24:45.001] [ERROR] default - 666666
[2018-07-11T02:24:45.003] [INFO] default - 666666
[2018-07-11T02:24:45.003] [DEBUG] default - 666666
[2018-07-11T02:24:45.003] [FATAL] default - 666666
[2018-07-11T02:24:47.496] [ERROR] default - 666666
[2018-07-11T02:24:47.498] [INFO] default - 666666
[2018-07-11T02:24:47.498] [DEBUG] default - 666666
[2018-07-11T02:24:47.498] [FATAL] default - 666666
[2018-07-11T02:24:53.797] [ERROR] default - 666666
[2018-07-11T02:24:53.799] [INFO] default - 666666
[2018-07-11T02:24:53.799] [DEBUG] default - 666666
[2018-07-11T02:24:53.799] [FATAL] default - 666666
[2018-07-11T02:24:55.280] [ERROR] default - 666666
[2018-07-11T02:24:55.283] [INFO] default - 666666
[2018-07-11T02:24:55.283] [DEBUG] default - 666666
[2018-07-11T02:24:55.283] [FATAL] default - 666666
[2018-07-11T02:24:57.800] [ERROR] default - 666666
[2018-07-11T02:24:57.802] [INFO] default - 666666
[2018-07-11T02:24:57.802] [DEBUG] default - 666666
[2018-07-11T02:24:57.802] [FATAL] default - 666666
[2018-07-11T02:25:03.685] [ERROR] default - 666666
[2018-07-11T02:25:03.687] [INFO] default - 666666
[2018-07-11T02:25:03.687] [DEBUG] default - 666666
[2018-07-11T02:25:03.687] [FATAL] default - 666666
[2018-07-11T02:25:24.173] [ERROR] default - 666666
[2018-07-11T02:25:24.175] [INFO] default - 666666
[2018-07-11T02:25:24.175] [DEBUG] default - 666666
[2018-07-11T02:25:24.175] [FATAL] default - 666666
[2018-07-11T02:25:25.228] [ERROR] default - 666666
[2018-07-11T02:25:25.230] [INFO] default - 666666
[2018-07-11T02:25:25.230] [DEBUG] default - 666666
[2018-07-11T02:25:25.230] [FATAL] default - 666666
[2018-07-11T02:25:32.213] [ERROR] default - 666666
[2018-07-11T02:25:32.216] [INFO] default - 666666
[2018-07-11T02:25:32.216] [DEBUG] default - 666666
[2018-07-11T02:25:32.216] [FATAL] default - 666666
[2018-07-11T02:25:46.425] [ERROR] default - 666666
[2018-07-11T02:25:46.427] [INFO] default - 666666
[2018-07-11T02:25:46.427] [DEBUG] default - 666666
[2018-07-11T02:25:46.427] [FATAL] default - 666666
[2018-07-11T02:25:48.052] [ERROR] default - 666666
[2018-07-11T02:25:48.053] [INFO] default - 666666
[2018-07-11T02:25:48.054] [DEBUG] default - 666666
[2018-07-11T02:25:48.054] [FATAL] default - 666666
[2018-07-11T02:34:32.817] [ERROR] default - 666666
[2018-07-11T02:34:32.820] [INFO] default - 666666
[2018-07-11T02:34:32.821] [DEBUG] default - 666666
[2018-07-11T02:34:32.821] [FATAL] default - 666666
[2018-07-11T02:36:15.569] [ERROR] default - 666666
[2018-07-11T02:36:15.571] [INFO] default - 666666
[2018-07-11T02:36:15.571] [DEBUG] default - 666666
[2018-07-11T02:36:15.571] [FATAL] default - 666666
[2018-07-11T02:37:07.022] [ERROR] default - 666666
[2018-07-11T02:37:07.024] [INFO] default - 666666
[2018-07-11T02:37:07.024] [DEBUG] default - 666666
[2018-07-11T02:37:07.024] [FATAL] default - 666666
[2018-07-11T02:37:09.140] [ERROR] default - 666666
[2018-07-11T02:37:09.142] [INFO] default - 666666
[2018-07-11T02:37:09.142] [DEBUG] default - 666666
[2018-07-11T02:37:09.142] [FATAL] default - 666666
[2018-07-11T02:37:12.852] [ERROR] default - 666666
[2018-07-11T02:37:12.855] [INFO] default - 666666
[2018-07-11T02:37:12.855] [DEBUG] default - 666666
[2018-07-11T02:37:12.855] [FATAL] default - 666666
[2018-07-11T02:37:14.377] [ERROR] default - 666666
[2018-07-11T02:37:14.380] [INFO] default - 666666
[2018-07-11T02:37:14.380] [DEBUG] default - 666666
[2018-07-11T02:37:14.380] [FATAL] default - 666666
[2018-07-11T02:37:31.359] [ERROR] default - 666666
[2018-07-11T02:37:31.361] [INFO] default - 666666
[2018-07-11T02:37:31.361] [DEBUG] default - 666666
[2018-07-11T02:37:31.361] [FATAL] default - 666666
[2018-07-11T02:37:32.305] [ERROR] default - 666666
[2018-07-11T02:37:32.307] [INFO] default - 666666
[2018-07-11T02:37:32.307] [DEBUG] default - 666666
[2018-07-11T02:37:32.307] [FATAL] default - 666666
[2018-07-11T02:37:43.964] [ERROR] default - 666666
[2018-07-11T02:37:43.966] [INFO] default - 666666
[2018-07-11T02:37:43.966] [DEBUG] default - 666666
[2018-07-11T02:37:43.966] [FATAL] default - 666666
[2018-07-11T02:37:45.239] [ERROR] default - 666666
[2018-07-11T02:37:45.241] [INFO] default - 666666
[2018-07-11T02:37:45.241] [DEBUG] default - 666666
[2018-07-11T02:37:45.241] [FATAL] default - 666666
[2018-07-11T02:42:21.105] [ERROR] default - 666666
[2018-07-11T02:42:21.106] [INFO] default - 666666
[2018-07-11T02:42:21.107] [DEBUG] default - 666666
[2018-07-11T02:42:21.107] [FATAL] default - 666666
[2018-07-11T02:42:25.340] [ERROR] default - 666666
[2018-07-11T02:42:25.341] [INFO] default - 666666
[2018-07-11T02:42:25.341] [DEBUG] default - 666666
[2018-07-11T02:42:25.341] [FATAL] default - 666666
[2018-07-11T02:42:29.537] [ERROR] default - 666666
[2018-07-11T02:42:29.539] [INFO] default - 666666
[2018-07-11T02:42:29.539] [DEBUG] default - 666666
[2018-07-11T02:42:29.539] [FATAL] default - 666666
[2018-07-11T02:42:32.310] [ERROR] default - 666666
[2018-07-11T02:42:32.312] [INFO] default - 666666
[2018-07-11T02:42:32.312] [DEBUG] default - 666666
[2018-07-11T02:42:32.312] [FATAL] default - 666666
[2018-07-11T02:42:35.959] [ERROR] default - 666666
[2018-07-11T02:42:35.960] [INFO] default - 666666
[2018-07-11T02:42:35.961] [DEBUG] default - 666666
[2018-07-11T02:42:35.961] [FATAL] default - 666666
[2018-07-11T02:42:38.525] [ERROR] default - 666666
[2018-07-11T02:42:38.526] [INFO] default - 666666
[2018-07-11T02:42:38.527] [DEBUG] default - 666666
[2018-07-11T02:42:38.527] [FATAL] default - 666666
[2018-07-11T02:42:41.325] [ERROR] default - 666666
[2018-07-11T02:42:41.326] [INFO] default - 666666
[2018-07-11T02:42:41.327] [DEBUG] default - 666666
[2018-07-11T02:42:41.327] [FATAL] default - 666666
[2018-07-11T02:42:43.823] [ERROR] default - 666666
[2018-07-11T02:42:43.824] [INFO] default - 666666
[2018-07-11T02:42:43.824] [DEBUG] default - 666666
[2018-07-11T02:42:43.825] [FATAL] default - 666666
[2018-07-11T02:43:08.858] [ERROR] default - 666666
[2018-07-11T02:43:08.860] [INFO] default - 666666
[2018-07-11T02:43:08.860] [DEBUG] default - 666666
[2018-07-11T02:43:08.860] [FATAL] default - 666666
[2018-07-11T02:43:10.232] [ERROR] default - 666666
[2018-07-11T02:43:10.234] [INFO] default - 666666
[2018-07-11T02:43:10.234] [DEBUG] default - 666666
[2018-07-11T02:43:10.234] [FATAL] default - 666666
[2018-07-11T02:43:49.059] [ERROR] default - 666666
[2018-07-11T02:43:49.061] [INFO] default - 666666
[2018-07-11T02:43:49.061] [DEBUG] default - 666666
[2018-07-11T02:43:49.061] [FATAL] default - 666666
[2018-07-11T02:43:52.989] [ERROR] default - 666666
[2018-07-11T02:43:52.991] [INFO] default - 666666
[2018-07-11T02:43:52.991] [DEBUG] default - 666666
[2018-07-11T02:43:52.991] [FATAL] default - 666666
[2018-07-11T02:43:55.517] [ERROR] default - 666666
[2018-07-11T02:43:55.519] [INFO] default - 666666
[2018-07-11T02:43:55.519] [DEBUG] default - 666666
[2018-07-11T02:43:55.519] [FATAL] default - 666666
[2018-07-11T02:43:58.363] [ERROR] default - 666666
[2018-07-11T02:43:58.365] [INFO] default - 666666
[2018-07-11T02:43:58.365] [DEBUG] default - 666666
[2018-07-11T02:43:58.365] [FATAL] default - 666666
[2018-07-11T02:44:00.101] [ERROR] default - 666666
[2018-07-11T02:44:00.103] [INFO] default - 666666
[2018-07-11T02:44:00.103] [DEBUG] default - 666666
[2018-07-11T02:44:00.103] [FATAL] default - 666666
[2018-07-11T02:44:01.196] [ERROR] default - 666666
[2018-07-11T02:44:01.198] [INFO] default - 666666
[2018-07-11T02:44:01.198] [DEBUG] default - 666666
[2018-07-11T02:44:01.198] [FATAL] default - 666666
[2018-07-11T02:46:09.250] [ERROR] default - 666666
[2018-07-11T02:46:09.252] [INFO] default - 666666
[2018-07-11T02:46:09.252] [DEBUG] default - 666666
[2018-07-11T02:46:09.252] [FATAL] default - 666666
[2018-07-11T02:46:11.471] [ERROR] default - 666666
[2018-07-11T02:46:11.473] [INFO] default - 666666
[2018-07-11T02:46:11.473] [DEBUG] default - 666666
[2018-07-11T02:46:11.473] [FATAL] default - 666666
[2018-07-11T02:46:12.291] [ERROR] default - 666666
[2018-07-11T02:46:12.293] [INFO] default - 666666
[2018-07-11T02:46:12.293] [DEBUG] default - 666666
[2018-07-11T02:46:12.293] [FATAL] default - 666666
[2018-07-11T02:46:13.989] [ERROR] default - 666666
[2018-07-11T02:46:13.991] [INFO] default - 666666
[2018-07-11T02:46:13.991] [DEBUG] default - 666666
[2018-07-11T02:46:13.991] [FATAL] default - 666666
[2018-07-11T02:46:19.679] [ERROR] default - 666666
[2018-07-11T02:46:19.682] [INFO] default - 666666
[2018-07-11T02:46:19.682] [DEBUG] default - 666666
[2018-07-11T02:46:19.682] [FATAL] default - 666666
[2018-07-11T02:46:22.915] [ERROR] default - 666666
[2018-07-11T02:46:22.917] [INFO] default - 666666
[2018-07-11T02:46:22.917] [DEBUG] default - 666666
[2018-07-11T02:46:22.917] [FATAL] default - 666666
[2018-07-11T02:46:29.210] [ERROR] default - 666666
[2018-07-11T02:46:29.212] [INFO] default - 666666
[2018-07-11T02:46:29.212] [DEBUG] default - 666666
[2018-07-11T02:46:29.212] [FATAL] default - 666666
[2018-07-11T02:46:31.667] [ERROR] default - 666666
[2018-07-11T02:46:31.669] [INFO] default - 666666
[2018-07-11T02:46:31.669] [DEBUG] default - 666666
[2018-07-11T02:46:31.669] [FATAL] default - 666666
[2018-07-11T02:46:36.112] [ERROR] default - 666666
[2018-07-11T02:46:36.113] [INFO] default - 666666
[2018-07-11T02:46:36.113] [DEBUG] default - 666666
[2018-07-11T02:46:36.114] [FATAL] default - 666666
[2018-07-11T02:46:38.291] [ERROR] default - 666666
[2018-07-11T02:46:38.293] [INFO] default - 666666
[2018-07-11T02:46:38.293] [DEBUG] default - 666666
[2018-07-11T02:46:38.293] [FATAL] default - 666666
[2018-07-11T02:47:02.620] [ERROR] default - 666666
[2018-07-11T02:47:02.622] [INFO] default - 666666
[2018-07-11T02:47:02.622] [DEBUG] default - 666666
[2018-07-11T02:47:02.622] [FATAL] default - 666666
[2018-07-11T02:47:06.196] [ERROR] default - 666666
[2018-07-11T02:47:06.198] [INFO] default - 666666
[2018-07-11T02:47:06.198] [DEBUG] default - 666666
[2018-07-11T02:47:06.198] [FATAL] default - 666666
[2018-07-11T02:47:08.672] [ERROR] default - 666666
[2018-07-11T02:47:08.674] [INFO] default - 666666
[2018-07-11T02:47:08.674] [DEBUG] default - 666666
[2018-07-11T02:47:08.674] [FATAL] default - 666666
[2018-07-11T02:47:09.561] [ERROR] default - 666666
[2018-07-11T02:47:09.563] [INFO] default - 666666
[2018-07-11T02:47:09.563] [DEBUG] default - 666666
[2018-07-11T02:47:09.563] [FATAL] default - 666666
[2018-07-11T02:47:15.275] [ERROR] default - 666666
[2018-07-11T02:47:15.277] [INFO] default - 666666
[2018-07-11T02:47:15.277] [DEBUG] default - 666666
[2018-07-11T02:47:15.277] [FATAL] default - 666666
[2018-07-11T02:47:16.150] [ERROR] default - 666666
[2018-07-11T02:47:16.151] [INFO] default - 666666
[2018-07-11T02:47:16.152] [DEBUG] default - 666666
[2018-07-11T02:47:16.152] [FATAL] default - 666666
[2018-07-11T02:47:16.844] [ERROR] default - 666666
[2018-07-11T02:47:16.845] [INFO] default - 666666
[2018-07-11T02:47:16.845] [DEBUG] default - 666666
[2018-07-11T02:47:16.845] [FATAL] default - 666666
[2018-07-11T02:47:18.883] [ERROR] default - 666666
[2018-07-11T02:47:18.884] [INFO] default - 666666
[2018-07-11T02:47:18.885] [DEBUG] default - 666666
[2018-07-11T02:47:18.885] [FATAL] default - 666666
[2018-07-11T02:47:19.594] [ERROR] default - 666666
[2018-07-11T02:47:19.595] [INFO] default - 666666
[2018-07-11T02:47:19.595] [DEBUG] default - 666666
[2018-07-11T02:47:19.595] [FATAL] default - 666666
[2018-07-11T02:47:21.694] [ERROR] default - 666666
[2018-07-11T02:47:21.695] [INFO] default - 666666
[2018-07-11T02:47:21.696] [DEBUG] default - 666666
[2018-07-11T02:47:21.696] [FATAL] default - 666666
[2018-07-11T02:47:30.021] [ERROR] default - 666666
[2018-07-11T02:47:30.023] [INFO] default - 666666
[2018-07-11T02:47:30.023] [DEBUG] default - 666666
[2018-07-11T02:47:30.023] [FATAL] default - 666666
[2018-07-11T02:47:36.894] [ERROR] default - 666666
[2018-07-11T02:47:36.896] [INFO] default - 666666
[2018-07-11T02:47:36.896] [DEBUG] default - 666666
[2018-07-11T02:47:36.896] [FATAL] default - 666666
[2018-07-11T02:47:39.358] [ERROR] default - 666666
[2018-07-11T02:47:39.359] [INFO] default - 666666
[2018-07-11T02:47:39.359] [DEBUG] default - 666666
[2018-07-11T02:47:39.359] [FATAL] default - 666666
[2018-07-11T02:47:42.779] [ERROR] default - 666666
[2018-07-11T02:47:42.780] [INFO] default - 666666
[2018-07-11T02:47:42.781] [DEBUG] default - 666666
[2018-07-11T02:47:42.781] [FATAL] default - 666666
[2018-07-11T02:47:45.332] [ERROR] default - 666666
[2018-07-11T02:47:45.334] [INFO] default - 666666
[2018-07-11T02:47:45.334] [DEBUG] default - 666666
[2018-07-11T02:47:45.334] [FATAL] default - 666666
[2018-07-11T02:47:47.696] [ERROR] default - 666666
[2018-07-11T02:47:47.698] [INFO] default - 666666
[2018-07-11T02:47:47.698] [DEBUG] default - 666666
[2018-07-11T02:47:47.699] [FATAL] default - 666666
[2018-07-11T02:47:53.565] [ERROR] default - 666666
[2018-07-11T02:47:53.567] [INFO] default - 666666
[2018-07-11T02:47:53.567] [DEBUG] default - 666666
[2018-07-11T02:47:53.567] [FATAL] default - 666666
[2018-07-11T02:47:55.635] [ERROR] default - 666666
[2018-07-11T02:47:55.637] [INFO] default - 666666
[2018-07-11T02:47:55.637] [DEBUG] default - 666666
[2018-07-11T02:47:55.637] [FATAL] default - 666666
[2018-07-11T02:47:57.447] [ERROR] default - 666666
[2018-07-11T02:47:57.448] [INFO] default - 666666
[2018-07-11T02:47:57.449] [DEBUG] default - 666666
[2018-07-11T02:47:57.449] [FATAL] default - 666666
[2018-07-11T02:48:10.077] [ERROR] default - 666666
[2018-07-11T02:48:10.079] [INFO] default - 666666
[2018-07-11T02:48:10.080] [DEBUG] default - 666666
[2018-07-11T02:48:10.080] [FATAL] default - 666666
[2018-07-11T02:48:14.050] [ERROR] default - 666666
[2018-07-11T02:48:14.052] [INFO] default - 666666
[2018-07-11T02:48:14.052] [DEBUG] default - 666666
[2018-07-11T02:48:14.052] [FATAL] default - 666666
[2018-07-11T02:48:16.509] [ERROR] default - 666666
[2018-07-11T02:48:16.511] [INFO] default - 666666
[2018-07-11T02:48:16.511] [DEBUG] default - 666666
[2018-07-11T02:48:16.511] [FATAL] default - 666666
[2018-07-11T02:48:21.727] [ERROR] default - 666666
[2018-07-11T02:48:21.729] [INFO] default - 666666
[2018-07-11T02:48:21.729] [DEBUG] default - 666666
[2018-07-11T02:48:21.729] [FATAL] default - 666666
[2018-07-11T02:48:25.096] [ERROR] default - 666666
[2018-07-11T02:48:25.097] [INFO] default - 666666
[2018-07-11T02:48:25.098] [DEBUG] default - 666666
[2018-07-11T02:48:25.098] [FATAL] default - 666666
[2018-07-11T02:48:33.091] [ERROR] default - 666666
[2018-07-11T02:48:33.092] [INFO] default - 666666
[2018-07-11T02:48:33.093] [DEBUG] default - 666666
[2018-07-11T02:48:33.093] [FATAL] default - 666666
[2018-07-11T02:48:35.917] [ERROR] default - 666666
[2018-07-11T02:48:35.919] [INFO] default - 666666
[2018-07-11T02:48:35.919] [DEBUG] default - 666666
[2018-07-11T02:48:35.919] [FATAL] default - 666666
[2018-07-11T02:48:36.862] [ERROR] default - 666666
[2018-07-11T02:48:36.864] [INFO] default - 666666
[2018-07-11T02:48:36.864] [DEBUG] default - 666666
[2018-07-11T02:48:36.864] [FATAL] default - 666666
[2018-07-11T02:48:44.470] [ERROR] default - 666666
[2018-07-11T02:48:44.472] [INFO] default - 666666
[2018-07-11T02:48:44.472] [DEBUG] default - 666666
[2018-07-11T02:48:44.472] [FATAL] default - 666666
[2018-07-11T02:48:46.630] [ERROR] default - 666666
[2018-07-11T02:48:46.632] [INFO] default - 666666
[2018-07-11T02:48:46.632] [DEBUG] default - 666666
[2018-07-11T02:48:46.632] [FATAL] default - 666666
[2018-07-11T02:48:48.336] [ERROR] default - 666666
[2018-07-11T02:48:48.337] [INFO] default - 666666
[2018-07-11T02:48:48.337] [DEBUG] default - 666666
[2018-07-11T02:48:48.338] [FATAL] default - 666666
[2018-07-11T02:48:50.170] [ERROR] default - 666666
[2018-07-11T02:48:50.172] [INFO] default - 666666
[2018-07-11T02:48:50.172] [DEBUG] default - 666666
[2018-07-11T02:48:50.172] [FATAL] default - 666666
[2018-07-11T02:49:10.865] [ERROR] default - 666666
[2018-07-11T02:49:10.867] [INFO] default - 666666
[2018-07-11T02:49:10.867] [DEBUG] default - 666666
[2018-07-11T02:49:10.867] [FATAL] default - 666666
[2018-07-11T02:49:13.065] [ERROR] default - 666666
[2018-07-11T02:49:13.067] [INFO] default - 666666
[2018-07-11T02:49:13.067] [DEBUG] default - 666666
[2018-07-11T02:49:13.067] [FATAL] default - 666666
[2018-07-11T02:49:15.997] [ERROR] default - 666666
[2018-07-11T02:49:15.998] [INFO] default - 666666
[2018-07-11T02:49:15.998] [DEBUG] default - 666666
[2018-07-11T02:49:15.998] [FATAL] default - 666666
[2018-07-11T02:49:18.044] [ERROR] default - 666666
[2018-07-11T02:49:18.046] [INFO] default - 666666
[2018-07-11T02:49:18.046] [DEBUG] default - 666666
[2018-07-11T02:49:18.046] [FATAL] default - 666666
[2018-07-11T02:50:01.352] [ERROR] default - 666666
[2018-07-11T02:50:01.353] [INFO] default - 666666
[2018-07-11T02:50:01.354] [DEBUG] default - 666666
[2018-07-11T02:50:01.354] [FATAL] default - 666666
[2018-07-11T02:50:21.816] [ERROR] default - 666666
[2018-07-11T02:50:21.817] [INFO] default - 666666
[2018-07-11T02:50:21.817] [DEBUG] default - 666666
[2018-07-11T02:50:21.818] [FATAL] default - 666666
[2018-07-11T02:50:24.432] [ERROR] default - 666666
[2018-07-11T02:50:24.434] [INFO] default - 666666
[2018-07-11T02:50:24.434] [DEBUG] default - 666666
[2018-07-11T02:50:24.434] [FATAL] default - 666666
[2018-07-11T02:50:27.273] [ERROR] default - 666666
[2018-07-11T02:50:27.275] [INFO] default - 666666
[2018-07-11T02:50:27.275] [DEBUG] default - 666666
[2018-07-11T02:50:27.275] [FATAL] default - 666666
[2018-07-11T02:50:30.283] [ERROR] default - 666666
[2018-07-11T02:50:30.285] [INFO] default - 666666
[2018-07-11T02:50:30.285] [DEBUG] default - 666666
[2018-07-11T02:50:30.285] [FATAL] default - 666666
[2018-07-11T02:50:45.088] [ERROR] default - 666666
[2018-07-11T02:50:45.089] [INFO] default - 666666
[2018-07-11T02:50:45.089] [DEBUG] default - 666666
[2018-07-11T02:50:45.089] [FATAL] default - 666666
[2018-07-11T02:50:46.315] [ERROR] default - 666666
[2018-07-11T02:50:46.316] [INFO] default - 666666
[2018-07-11T02:50:46.316] [DEBUG] default - 666666
[2018-07-11T02:50:46.317] [FATAL] default - 666666
[2018-07-11T02:50:52.147] [ERROR] default - 666666
[2018-07-11T02:50:52.148] [INFO] default - 666666
[2018-07-11T02:50:52.148] [DEBUG] default - 666666
[2018-07-11T02:50:52.148] [FATAL] default - 666666
[2018-07-11T02:50:54.297] [ERROR] default - 666666
[2018-07-11T02:50:54.299] [INFO] default - 666666
[2018-07-11T02:50:54.300] [DEBUG] default - 666666
[2018-07-11T02:50:54.300] [FATAL] default - 666666
[2018-07-11T02:50:57.978] [ERROR] default - 666666
[2018-07-11T02:50:57.980] [INFO] default - 666666
[2018-07-11T02:50:57.980] [DEBUG] default - 666666
[2018-07-11T02:50:57.981] [FATAL] default - 666666
[2018-07-11T02:50:59.738] [ERROR] default - 666666
[2018-07-11T02:50:59.740] [INFO] default - 666666
[2018-07-11T02:50:59.740] [DEBUG] default - 666666
[2018-07-11T02:50:59.740] [FATAL] default - 666666
[2018-07-11T02:51:28.390] [ERROR] default - 666666
[2018-07-11T02:51:28.392] [INFO] default - 666666
[2018-07-11T02:51:28.392] [DEBUG] default - 666666
[2018-07-11T02:51:28.392] [FATAL] default - 666666
[2018-07-11T02:51:30.566] [ERROR] default - 666666
[2018-07-11T02:51:30.568] [INFO] default - 666666
[2018-07-11T02:51:30.568] [DEBUG] default - 666666
[2018-07-11T02:51:30.568] [FATAL] default - 666666
[2018-07-11T02:51:43.548] [ERROR] default - 666666
[2018-07-11T02:51:43.550] [INFO] default - 666666
[2018-07-11T02:51:43.550] [DEBUG] default - 666666
[2018-07-11T02:51:43.550] [FATAL] default - 666666
[2018-07-11T02:51:47.968] [ERROR] default - 666666
[2018-07-11T02:51:47.970] [INFO] default - 666666
[2018-07-11T02:51:47.970] [DEBUG] default - 666666
[2018-07-11T02:51:47.970] [FATAL] default - 666666
[2018-07-11T02:51:58.248] [ERROR] default - 666666
[2018-07-11T02:51:58.250] [INFO] default - 666666
[2018-07-11T02:51:58.250] [DEBUG] default - 666666
[2018-07-11T02:51:58.250] [FATAL] default - 666666
[2018-07-11T02:52:05.769] [ERROR] default - 666666
[2018-07-11T02:52:05.770] [INFO] default - 666666
[2018-07-11T02:52:05.770] [DEBUG] default - 666666
[2018-07-11T02:52:05.770] [FATAL] default - 666666
[2018-07-11T02:52:08.666] [ERROR] default - 666666
[2018-07-11T02:52:08.668] [INFO] default - 666666
[2018-07-11T02:52:08.668] [DEBUG] default - 666666
[2018-07-11T02:52:08.668] [FATAL] default - 666666
[2018-07-11T02:52:09.799] [ERROR] default - 666666
[2018-07-11T02:52:09.801] [INFO] default - 666666
[2018-07-11T02:52:09.801] [DEBUG] default - 666666
[2018-07-11T02:52:09.802] [FATAL] default - 666666
[2018-07-11T02:52:10.840] [ERROR] default - 666666
[2018-07-11T02:52:10.842] [INFO] default - 666666
[2018-07-11T02:52:10.842] [DEBUG] default - 666666
[2018-07-11T02:52:10.842] [FATAL] default - 666666
[2018-07-11T02:52:11.869] [ERROR] default - 666666
[2018-07-11T02:52:11.871] [INFO] default - 666666
[2018-07-11T02:52:11.871] [DEBUG] default - 666666
[2018-07-11T02:52:11.871] [FATAL] default - 666666
[2018-07-11T02:52:12.599] [ERROR] default - 666666
[2018-07-11T02:52:12.600] [INFO] default - 666666
[2018-07-11T02:52:12.601] [DEBUG] default - 666666
[2018-07-11T02:52:12.601] [FATAL] default - 666666
[2018-07-11T02:52:13.768] [ERROR] default - 666666
[2018-07-11T02:52:13.770] [INFO] default - 666666
[2018-07-11T02:52:13.770] [DEBUG] default - 666666
[2018-07-11T02:52:13.770] [FATAL] default - 666666
[2018-07-11T02:52:15.945] [ERROR] default - 666666
[2018-07-11T02:52:15.947] [INFO] default - 666666
[2018-07-11T02:52:15.947] [DEBUG] default - 666666
[2018-07-11T02:52:15.947] [FATAL] default - 666666
[2018-07-11T02:52:33.753] [ERROR] default - 666666
[2018-07-11T02:52:33.754] [INFO] default - 666666
[2018-07-11T02:52:33.754] [DEBUG] default - 666666
[2018-07-11T02:52:33.755] [FATAL] default - 666666
[2018-07-11T02:52:48.343] [ERROR] default - 666666
[2018-07-11T02:52:48.344] [INFO] default - 666666
[2018-07-11T02:52:48.345] [DEBUG] default - 666666
[2018-07-11T02:52:48.345] [FATAL] default - 666666
[2018-07-11T02:52:49.929] [ERROR] default - 666666
[2018-07-11T02:52:49.931] [INFO] default - 666666
[2018-07-11T02:52:49.931] [DEBUG] default - 666666
[2018-07-11T02:52:49.931] [FATAL] default - 666666
[2018-07-11T02:53:10.624] [ERROR] default - 666666
[2018-07-11T02:53:10.626] [INFO] default - 666666
[2018-07-11T02:53:10.626] [DEBUG] default - 666666
[2018-07-11T02:53:10.626] [FATAL] default - 666666
[2018-07-11T02:53:11.857] [ERROR] default - 666666
[2018-07-11T02:53:11.859] [INFO] default - 666666
[2018-07-11T02:53:11.859] [DEBUG] default - 666666
[2018-07-11T02:53:11.859] [FATAL] default - 666666
[2018-07-11T02:55:56.364] [ERROR] default - 666666
[2018-07-11T02:55:56.365] [INFO] default - 666666
[2018-07-11T02:55:56.366] [DEBUG] default - 666666
[2018-07-11T02:55:56.366] [FATAL] default - 666666
[2018-07-11T02:55:58.430] [ERROR] default - 666666
[2018-07-11T02:55:58.431] [INFO] default - 666666
[2018-07-11T02:55:58.432] [DEBUG] default - 666666
[2018-07-11T02:55:58.432] [FATAL] default - 666666
[2018-07-11T02:56:15.907] [ERROR] default - 666666
[2018-07-11T02:56:15.908] [INFO] default - 666666
[2018-07-11T02:56:15.908] [DEBUG] default - 666666
[2018-07-11T02:56:15.908] [FATAL] default - 666666
[2018-07-11T02:56:17.169] [ERROR] default - 666666
[2018-07-11T02:56:17.171] [INFO] default - 666666
[2018-07-11T02:56:17.171] [DEBUG] default - 666666
[2018-07-11T02:56:17.171] [FATAL] default - 666666
[2018-07-11T02:56:29.138] [ERROR] default - 666666
[2018-07-11T02:56:29.139] [INFO] default - 666666
[2018-07-11T02:56:29.139] [DEBUG] default - 666666
[2018-07-11T02:56:29.139] [FATAL] default - 666666
[2018-07-11T02:56:31.657] [ERROR] default - 666666
[2018-07-11T02:56:31.658] [INFO] default - 666666
[2018-07-11T02:56:31.658] [DEBUG] default - 666666
[2018-07-11T02:56:31.659] [FATAL] default - 666666
[2018-07-11T02:56:34.221] [ERROR] default - 666666
[2018-07-11T02:56:34.222] [INFO] default - 666666
[2018-07-11T02:56:34.222] [DEBUG] default - 666666
[2018-07-11T02:56:34.223] [FATAL] default - 666666
[2018-07-11T02:56:37.374] [ERROR] default - 666666
[2018-07-11T02:56:37.376] [INFO] default - 666666
[2018-07-11T02:56:37.377] [DEBUG] default - 666666
[2018-07-11T02:56:37.377] [FATAL] default - 666666
[2018-07-11T02:57:45.030] [ERROR] default - 666666
[2018-07-11T02:57:45.031] [INFO] default - 666666
[2018-07-11T02:57:45.031] [DEBUG] default - 666666
[2018-07-11T02:57:45.032] [FATAL] default - 666666
[2018-07-11T02:57:45.825] [ERROR] default - 666666
[2018-07-11T02:57:45.827] [INFO] default - 666666
[2018-07-11T02:57:45.827] [DEBUG] default - 666666
[2018-07-11T02:57:45.827] [FATAL] default - 666666
[2018-07-11T02:57:47.906] [ERROR] default - 666666
[2018-07-11T02:57:47.907] [INFO] default - 666666
[2018-07-11T02:57:47.907] [DEBUG] default - 666666
[2018-07-11T02:57:47.907] [FATAL] default - 666666
[2018-07-11T02:57:49.974] [ERROR] default - 666666
[2018-07-11T02:57:49.975] [INFO] default - 666666
[2018-07-11T02:57:49.975] [DEBUG] default - 666666
[2018-07-11T02:57:49.975] [FATAL] default - 666666
[2018-07-11T02:57:51.915] [ERROR] default - 666666
[2018-07-11T02:57:51.916] [INFO] default - 666666
[2018-07-11T02:57:51.916] [DEBUG] default - 666666
[2018-07-11T02:57:51.917] [FATAL] default - 666666
[2018-07-11T02:59:03.408] [ERROR] default - 666666
[2018-07-11T02:59:03.409] [INFO] default - 666666
[2018-07-11T02:59:03.410] [DEBUG] default - 666666
[2018-07-11T02:59:03.410] [FATAL] default - 666666
[2018-07-11T02:59:04.169] [ERROR] default - 666666
[2018-07-11T02:59:04.171] [INFO] default - 666666
[2018-07-11T02:59:04.172] [DEBUG] default - 666666
[2018-07-11T02:59:04.172] [FATAL] default - 666666
[2018-07-11T02:59:05.448] [ERROR] default - 666666
[2018-07-11T02:59:05.450] [INFO] default - 666666
[2018-07-11T02:59:05.450] [DEBUG] default - 666666
[2018-07-11T02:59:05.450] [FATAL] default - 666666
[2018-07-11T02:59:34.218] [ERROR] default - 666666
[2018-07-11T02:59:34.220] [INFO] default - 666666
[2018-07-11T02:59:34.220] [DEBUG] default - 666666
[2018-07-11T02:59:34.220] [FATAL] default - 666666
