[2018-06-26T20:00:03.756] [ERROR] app.js - 666666
[2018-06-26T20:00:03.757] [INFO] app.js - 666666
[2018-06-26T20:00:03.758] [DEBUG] app.js - 666666
[2018-06-26T20:00:03.758] [FATAL] app.js - 666666
[2018-06-26T20:00:03.758] [FATAL] app.js - 666666
[2018-06-26T20:00:04.208] [ERROR] app.js - 666666
[2018-06-26T20:00:04.211] [INFO] app.js - 666666
[2018-06-26T20:00:04.211] [DEBUG] app.js - 666666
[2018-06-26T20:00:04.211] [FATAL] app.js - 666666
[2018-06-26T20:00:04.212] [FATAL] app.js - 666666
[2018-06-26T20:00:06.441] [ERROR] app.js - 666666
[2018-06-26T20:00:06.443] [INFO] app.js - 666666
[2018-06-26T20:00:06.444] [DEBUG] app.js - 666666
[2018-06-26T20:00:06.444] [FATAL] app.js - 666666
[2018-06-26T20:00:06.444] [FATAL] app.js - 666666
[2018-06-26T20:00:06.945] [ERROR] app.js - 666666
[2018-06-26T20:00:06.946] [INFO] app.js - 666666
[2018-06-26T20:00:06.946] [DEBUG] app.js - 666666
[2018-06-26T20:00:06.946] [FATAL] app.js - 666666
[2018-06-26T20:00:06.947] [FATAL] app.js - 666666
[2018-06-26T20:02:27.333] [ERROR] app.js - 666666
[2018-06-26T20:02:27.334] [INFO] app.js - 666666
[2018-06-26T20:02:27.334] [DEBUG] app.js - 666666
[2018-06-26T20:02:27.334] [FATAL] app.js - 666666
[2018-06-26T20:02:27.334] [FATAL] app.js - 666666
[2018-06-26T20:02:27.851] [ERROR] app.js - 666666
[2018-06-26T20:02:27.852] [INFO] app.js - 666666
[2018-06-26T20:02:27.852] [DEBUG] app.js - 666666
[2018-06-26T20:02:27.852] [FATAL] app.js - 666666
[2018-06-26T20:02:27.853] [FATAL] app.js - 666666
[2018-06-26T20:02:31.488] [ERROR] app.js - 666666
[2018-06-26T20:02:31.489] [INFO] app.js - 666666
[2018-06-26T20:02:31.489] [DEBUG] app.js - 666666
[2018-06-26T20:02:31.489] [FATAL] app.js - 666666
[2018-06-26T20:02:31.490] [FATAL] app.js - 666666
[2018-06-26T20:02:32.476] [ERROR] app.js - 666666
[2018-06-26T20:02:32.478] [INFO] app.js - 666666
[2018-06-26T20:02:32.478] [DEBUG] app.js - 666666
[2018-06-26T20:02:32.478] [FATAL] app.js - 666666
[2018-06-26T20:02:32.478] [FATAL] app.js - 666666
[2018-06-26T20:02:34.356] [ERROR] app.js - 666666
[2018-06-26T20:02:34.357] [INFO] app.js - 666666
[2018-06-26T20:02:34.357] [DEBUG] app.js - 666666
[2018-06-26T20:02:34.357] [FATAL] app.js - 666666
[2018-06-26T20:02:34.357] [FATAL] app.js - 666666
[2018-06-26T20:02:36.154] [ERROR] app.js - 666666
[2018-06-26T20:02:36.156] [INFO] app.js - 666666
[2018-06-26T20:02:36.156] [DEBUG] app.js - 666666
[2018-06-26T20:02:36.156] [FATAL] app.js - 666666
[2018-06-26T20:02:36.156] [FATAL] app.js - 666666
[2018-06-26T20:02:44.688] [ERROR] app - 666666
[2018-06-26T20:02:44.689] [INFO] app - 666666
[2018-06-26T20:02:44.689] [DEBUG] app - 666666
[2018-06-26T20:02:44.689] [FATAL] app - 666666
[2018-06-26T20:02:44.690] [FATAL] app - 666666
[2018-06-26T20:02:45.384] [ERROR] app - 666666
[2018-06-26T20:02:45.386] [INFO] app - 666666
[2018-06-26T20:02:45.386] [DEBUG] app - 666666
[2018-06-26T20:02:45.386] [FATAL] app - 666666
[2018-06-26T20:02:45.387] [FATAL] app - 666666
[2018-06-26T20:06:03.992] [ERROR] default - 666666
[2018-06-26T20:06:03.994] [INFO] default - 666666
[2018-06-26T20:06:03.995] [DEBUG] default - 666666
[2018-06-26T20:06:03.995] [FATAL] default - 666666
[2018-06-26T20:06:06.064] [ERROR] default - 666666
[2018-06-26T20:06:06.067] [INFO] default - 666666
[2018-06-26T20:06:06.067] [DEBUG] default - 666666
[2018-06-26T20:06:06.068] [FATAL] default - 666666
[2018-06-26T20:07:54.936] [ERROR] default - 666666
[2018-06-26T20:07:54.940] [INFO] default - 666666
[2018-06-26T20:07:54.940] [DEBUG] default - 666666
[2018-06-26T20:07:54.941] [FATAL] default - 666666
[2018-06-26T20:07:55.468] [ERROR] default - 666666
[2018-06-26T20:07:55.470] [INFO] default - 666666
[2018-06-26T20:07:55.470] [DEBUG] default - 666666
[2018-06-26T20:07:55.470] [FATAL] default - 666666
[2018-06-26T20:07:59.234] [ERROR] default - 666666
[2018-06-26T20:07:59.236] [INFO] default - 666666
[2018-06-26T20:07:59.236] [DEBUG] default - 666666
[2018-06-26T20:07:59.236] [FATAL] default - 666666
[2018-06-26T20:08:00.036] [ERROR] default - 666666
[2018-06-26T20:08:00.038] [INFO] default - 666666
[2018-06-26T20:08:00.038] [DEBUG] default - 666666
[2018-06-26T20:08:00.039] [FATAL] default - 666666
[2018-06-26T20:08:18.783] [ERROR] default - 666666
[2018-06-26T20:08:18.786] [INFO] default - 666666
[2018-06-26T20:08:18.786] [DEBUG] default - 666666
[2018-06-26T20:08:18.786] [FATAL] default - 666666
[2018-06-26T20:08:19.755] [ERROR] default - 666666
[2018-06-26T20:08:19.758] [INFO] default - 666666
[2018-06-26T20:08:19.759] [DEBUG] default - 666666
[2018-06-26T20:08:19.759] [FATAL] default - 666666
[2018-06-26T20:08:21.781] [ERROR] default - 666666
[2018-06-26T20:08:21.784] [INFO] default - 666666
[2018-06-26T20:08:21.784] [DEBUG] default - 666666
[2018-06-26T20:08:21.784] [FATAL] default - 666666
[2018-06-26T20:08:30.559] [ERROR] default - 666666
[2018-06-26T20:08:30.562] [INFO] default - 666666
[2018-06-26T20:08:30.562] [DEBUG] default - 666666
[2018-06-26T20:08:30.562] [FATAL] default - 666666
[2018-06-26T20:08:31.069] [ERROR] default - 666666
[2018-06-26T20:08:31.072] [INFO] default - 666666
[2018-06-26T20:08:31.072] [DEBUG] default - 666666
[2018-06-26T20:08:31.072] [FATAL] default - 666666
[2018-06-26T20:08:33.148] [ERROR] default - 666666
[2018-06-26T20:08:33.151] [INFO] default - 666666
[2018-06-26T20:08:33.151] [DEBUG] default - 666666
[2018-06-26T20:08:33.151] [FATAL] default - 666666
[2018-06-26T20:08:33.549] [ERROR] default - 666666
[2018-06-26T20:08:33.551] [INFO] default - 666666
[2018-06-26T20:08:33.551] [DEBUG] default - 666666
[2018-06-26T20:08:33.551] [FATAL] default - 666666
[2018-06-26T20:08:35.745] [ERROR] default - 666666
[2018-06-26T20:08:35.748] [INFO] default - 666666
[2018-06-26T20:08:35.748] [DEBUG] default - 666666
[2018-06-26T20:08:35.749] [FATAL] default - 666666
[2018-06-26T20:08:36.054] [ERROR] default - 666666
[2018-06-26T20:08:36.056] [INFO] default - 666666
[2018-06-26T20:08:36.056] [DEBUG] default - 666666
[2018-06-26T20:08:36.056] [FATAL] default - 666666
[2018-06-26T20:08:38.144] [ERROR] default - 666666
[2018-06-26T20:08:38.146] [INFO] default - 666666
[2018-06-26T20:08:38.146] [DEBUG] default - 666666
[2018-06-26T20:08:38.146] [FATAL] default - 666666
[2018-06-26T20:09:05.134] [ERROR] default - 666666
[2018-06-26T20:09:05.136] [INFO] default - 666666
[2018-06-26T20:09:05.136] [DEBUG] default - 666666
[2018-06-26T20:09:05.136] [FATAL] default - 666666
[2018-06-26T20:09:05.709] [ERROR] default - 666666
[2018-06-26T20:09:05.712] [INFO] default - 666666
[2018-06-26T20:09:05.712] [DEBUG] default - 666666
[2018-06-26T20:09:05.712] [FATAL] default - 666666
[2018-06-26T20:09:07.618] [ERROR] default - 666666
[2018-06-26T20:09:07.620] [INFO] default - 666666
[2018-06-26T20:09:07.620] [DEBUG] default - 666666
[2018-06-26T20:09:07.620] [FATAL] default - 666666
[2018-06-26T20:09:07.946] [ERROR] default - 666666
[2018-06-26T20:09:07.949] [INFO] default - 666666
[2018-06-26T20:09:07.949] [DEBUG] default - 666666
[2018-06-26T20:09:07.949] [FATAL] default - 666666
[2018-06-26T20:09:10.081] [ERROR] default - 666666
[2018-06-26T20:09:10.084] [INFO] default - 666666
[2018-06-26T20:09:10.084] [DEBUG] default - 666666
[2018-06-26T20:09:10.084] [FATAL] default - 666666
[2018-06-26T20:09:10.427] [ERROR] default - 666666
[2018-06-26T20:09:10.429] [INFO] default - 666666
[2018-06-26T20:09:10.429] [DEBUG] default - 666666
[2018-06-26T20:09:10.429] [FATAL] default - 666666
[2018-06-26T20:09:15.220] [ERROR] default - 666666
[2018-06-26T20:09:15.223] [INFO] default - 666666
[2018-06-26T20:09:15.223] [DEBUG] default - 666666
[2018-06-26T20:09:15.223] [FATAL] default - 666666
[2018-06-26T20:09:15.520] [ERROR] default - 666666
[2018-06-26T20:09:15.523] [INFO] default - 666666
[2018-06-26T20:09:15.523] [DEBUG] default - 666666
[2018-06-26T20:09:15.523] [FATAL] default - 666666
[2018-06-26T20:09:17.876] [ERROR] default - 666666
[2018-06-26T20:09:17.879] [INFO] default - 666666
[2018-06-26T20:09:17.879] [DEBUG] default - 666666
[2018-06-26T20:09:17.879] [FATAL] default - 666666
[2018-06-26T20:09:18.420] [ERROR] default - 666666
[2018-06-26T20:09:18.422] [INFO] default - 666666
[2018-06-26T20:09:18.422] [DEBUG] default - 666666
[2018-06-26T20:09:18.422] [FATAL] default - 666666
[2018-06-26T20:09:20.506] [ERROR] default - 666666
[2018-06-26T20:09:20.511] [INFO] default - 666666
[2018-06-26T20:09:20.511] [DEBUG] default - 666666
[2018-06-26T20:09:20.512] [FATAL] default - 666666
[2018-06-26T20:09:20.790] [ERROR] default - 666666
[2018-06-26T20:09:20.792] [INFO] default - 666666
[2018-06-26T20:09:20.792] [DEBUG] default - 666666
[2018-06-26T20:09:20.792] [FATAL] default - 666666
[2018-06-26T20:09:23.101] [ERROR] default - 666666
[2018-06-26T20:09:23.104] [INFO] default - 666666
[2018-06-26T20:09:23.104] [DEBUG] default - 666666
[2018-06-26T20:09:23.105] [FATAL] default - 666666
[2018-06-26T20:09:23.671] [ERROR] default - 666666
[2018-06-26T20:09:23.673] [INFO] default - 666666
[2018-06-26T20:09:23.673] [DEBUG] default - 666666
[2018-06-26T20:09:23.674] [FATAL] default - 666666
[2018-06-26T20:09:27.378] [ERROR] default - 666666
[2018-06-26T20:09:27.380] [INFO] default - 666666
[2018-06-26T20:09:27.380] [DEBUG] default - 666666
[2018-06-26T20:09:27.380] [FATAL] default - 666666
[2018-06-26T20:09:29.023] [ERROR] default - 666666
[2018-06-26T20:09:29.025] [INFO] default - 666666
[2018-06-26T20:09:29.025] [DEBUG] default - 666666
[2018-06-26T20:09:29.026] [FATAL] default - 666666
[2018-06-26T20:10:08.282] [ERROR] default - 666666
[2018-06-26T20:10:08.285] [INFO] default - 666666
[2018-06-26T20:10:08.285] [DEBUG] default - 666666
[2018-06-26T20:10:08.286] [FATAL] default - 666666
[2018-06-26T20:10:08.881] [ERROR] default - 666666
[2018-06-26T20:10:08.884] [INFO] default - 666666
[2018-06-26T20:10:08.884] [DEBUG] default - 666666
[2018-06-26T20:10:08.884] [FATAL] default - 666666
[2018-06-26T20:10:10.934] [ERROR] default - 666666
[2018-06-26T20:10:10.937] [INFO] default - 666666
[2018-06-26T20:10:10.937] [DEBUG] default - 666666
[2018-06-26T20:10:10.937] [FATAL] default - 666666
[2018-06-26T20:10:11.337] [ERROR] default - 666666
[2018-06-26T20:10:11.340] [INFO] default - 666666
[2018-06-26T20:10:11.340] [DEBUG] default - 666666
[2018-06-26T20:10:11.340] [FATAL] default - 666666
[2018-06-26T20:10:13.594] [ERROR] default - 666666
[2018-06-26T20:10:13.597] [INFO] default - 666666
[2018-06-26T20:10:13.597] [DEBUG] default - 666666
[2018-06-26T20:10:13.597] [FATAL] default - 666666
[2018-06-26T20:10:13.942] [ERROR] default - 666666
[2018-06-26T20:10:13.944] [INFO] default - 666666
[2018-06-26T20:10:13.944] [DEBUG] default - 666666
[2018-06-26T20:10:13.944] [FATAL] default - 666666
[2018-06-26T20:10:16.267] [ERROR] default - 666666
[2018-06-26T20:10:16.269] [INFO] default - 666666
[2018-06-26T20:10:16.270] [DEBUG] default - 666666
[2018-06-26T20:10:16.270] [FATAL] default - 666666
[2018-06-26T20:10:16.734] [ERROR] default - 666666
[2018-06-26T20:10:16.737] [INFO] default - 666666
[2018-06-26T20:10:16.737] [DEBUG] default - 666666
[2018-06-26T20:10:16.737] [FATAL] default - 666666
[2018-06-26T20:10:37.481] [ERROR] default - 666666
[2018-06-26T20:10:37.485] [INFO] default - 666666
[2018-06-26T20:10:37.485] [DEBUG] default - 666666
[2018-06-26T20:10:37.485] [FATAL] default - 666666
[2018-06-26T20:10:52.996] [ERROR] default - 666666
[2018-06-26T20:10:52.998] [INFO] default - 666666
[2018-06-26T20:10:52.999] [DEBUG] default - 666666
[2018-06-26T20:10:52.999] [FATAL] default - 666666
[2018-06-26T20:10:53.263] [ERROR] default - 666666
[2018-06-26T20:10:53.266] [INFO] default - 666666
[2018-06-26T20:10:53.266] [DEBUG] default - 666666
[2018-06-26T20:10:53.266] [FATAL] default - 666666
[2018-06-26T20:12:42.320] [ERROR] default - 666666
[2018-06-26T20:12:42.323] [INFO] default - 666666
[2018-06-26T20:12:42.323] [DEBUG] default - 666666
[2018-06-26T20:12:42.323] [FATAL] default - 666666
[2018-06-26T20:12:42.612] [ERROR] default - 666666
[2018-06-26T20:12:42.614] [INFO] default - 666666
[2018-06-26T20:12:42.614] [DEBUG] default - 666666
[2018-06-26T20:12:42.614] [FATAL] default - 666666
[2018-06-26T20:12:55.348] [ERROR] default - 666666
[2018-06-26T20:12:55.351] [INFO] default - 666666
[2018-06-26T20:12:55.351] [DEBUG] default - 666666
[2018-06-26T20:12:55.352] [FATAL] default - 666666
[2018-06-26T20:15:06.583] [ERROR] default - 666666
[2018-06-26T20:15:06.586] [INFO] default - 666666
[2018-06-26T20:15:06.586] [DEBUG] default - 666666
[2018-06-26T20:15:06.586] [FATAL] default - 666666
[2018-06-26T20:15:08.870] [ERROR] default - 666666
[2018-06-26T20:15:08.879] [INFO] default - 666666
[2018-06-26T20:15:08.880] [DEBUG] default - 666666
[2018-06-26T20:15:08.880] [FATAL] default - 666666
[2018-06-26T20:15:09.478] [ERROR] default - 666666
[2018-06-26T20:15:09.481] [INFO] default - 666666
[2018-06-26T20:15:09.481] [DEBUG] default - 666666
[2018-06-26T20:15:09.481] [FATAL] default - 666666
[2018-06-26T20:15:11.496] [ERROR] default - 666666
[2018-06-26T20:15:11.499] [INFO] default - 666666
[2018-06-26T20:15:11.499] [DEBUG] default - 666666
[2018-06-26T20:15:11.499] [FATAL] default - 666666
[2018-06-26T20:15:11.918] [ERROR] default - 666666
[2018-06-26T20:15:11.921] [INFO] default - 666666
[2018-06-26T20:15:11.921] [DEBUG] default - 666666
[2018-06-26T20:15:11.921] [FATAL] default - 666666
[2018-06-26T20:15:13.920] [ERROR] default - 666666
[2018-06-26T20:15:13.923] [INFO] default - 666666
[2018-06-26T20:15:13.923] [DEBUG] default - 666666
[2018-06-26T20:15:13.923] [FATAL] default - 666666
[2018-06-26T20:15:14.408] [ERROR] default - 666666
[2018-06-26T20:15:14.411] [INFO] default - 666666
[2018-06-26T20:15:14.411] [DEBUG] default - 666666
[2018-06-26T20:15:14.411] [FATAL] default - 666666
[2018-06-26T20:15:18.322] [ERROR] default - 666666
[2018-06-26T20:15:18.324] [INFO] default - 666666
[2018-06-26T20:15:18.324] [DEBUG] default - 666666
[2018-06-26T20:15:18.324] [FATAL] default - 666666
[2018-06-26T20:15:19.864] [ERROR] default - 666666
[2018-06-26T20:15:19.868] [INFO] default - 666666
[2018-06-26T20:15:19.868] [DEBUG] default - 666666
[2018-06-26T20:15:19.869] [FATAL] default - 666666
[2018-06-26T20:15:23.112] [ERROR] default - 666666
[2018-06-26T20:15:23.114] [INFO] default - 666666
[2018-06-26T20:15:23.115] [DEBUG] default - 666666
[2018-06-26T20:15:23.115] [FATAL] default - 666666
[2018-06-26T20:15:27.434] [ERROR] default - 666666
[2018-06-26T20:15:27.436] [INFO] default - 666666
[2018-06-26T20:15:27.436] [DEBUG] default - 666666
[2018-06-26T20:15:27.436] [FATAL] default - 666666
[2018-06-26T20:15:27.850] [ERROR] default - 666666
[2018-06-26T20:15:27.852] [INFO] default - 666666
[2018-06-26T20:15:27.852] [DEBUG] default - 666666
[2018-06-26T20:15:27.852] [FATAL] default - 666666
[2018-06-26T20:15:30.057] [ERROR] default - 666666
[2018-06-26T20:15:30.059] [INFO] default - 666666
[2018-06-26T20:15:30.059] [DEBUG] default - 666666
[2018-06-26T20:15:30.059] [FATAL] default - 666666
[2018-06-26T20:15:30.335] [ERROR] default - 666666
[2018-06-26T20:15:30.337] [INFO] default - 666666
[2018-06-26T20:15:30.338] [DEBUG] default - 666666
[2018-06-26T20:15:30.338] [FATAL] default - 666666
[2018-06-26T20:15:32.538] [ERROR] default - 666666
[2018-06-26T20:15:32.541] [INFO] default - 666666
[2018-06-26T20:15:32.541] [DEBUG] default - 666666
[2018-06-26T20:15:32.541] [FATAL] default - 666666
[2018-06-26T20:15:35.046] [ERROR] default - 666666
[2018-06-26T20:15:35.054] [INFO] default - 666666
[2018-06-26T20:15:35.055] [DEBUG] default - 666666
[2018-06-26T20:15:35.055] [FATAL] default - 666666
[2018-06-26T20:15:35.515] [ERROR] default - 666666
[2018-06-26T20:15:35.518] [INFO] default - 666666
[2018-06-26T20:15:35.518] [DEBUG] default - 666666
[2018-06-26T20:15:35.518] [FATAL] default - 666666
[2018-06-26T20:15:37.525] [ERROR] default - 666666
[2018-06-26T20:15:37.528] [INFO] default - 666666
[2018-06-26T20:15:37.528] [DEBUG] default - 666666
[2018-06-26T20:15:37.528] [FATAL] default - 666666
[2018-06-26T20:15:37.926] [ERROR] default - 666666
[2018-06-26T20:15:37.928] [INFO] default - 666666
[2018-06-26T20:15:37.928] [DEBUG] default - 666666
[2018-06-26T20:15:37.928] [FATAL] default - 666666
[2018-06-26T20:15:40.289] [ERROR] default - 666666
[2018-06-26T20:15:40.291] [INFO] default - 666666
[2018-06-26T20:15:40.292] [DEBUG] default - 666666
[2018-06-26T20:15:40.292] [FATAL] default - 666666
[2018-06-26T20:15:40.819] [ERROR] default - 666666
[2018-06-26T20:15:40.821] [INFO] default - 666666
[2018-06-26T20:15:40.821] [DEBUG] default - 666666
[2018-06-26T20:15:40.821] [FATAL] default - 666666
[2018-06-26T20:15:46.253] [ERROR] default - 666666
[2018-06-26T20:15:46.255] [INFO] default - 666666
[2018-06-26T20:15:46.256] [DEBUG] default - 666666
[2018-06-26T20:15:46.256] [FATAL] default - 666666
[2018-06-26T20:15:46.665] [ERROR] default - 666666
[2018-06-26T20:15:46.669] [INFO] default - 666666
[2018-06-26T20:15:46.669] [DEBUG] default - 666666
[2018-06-26T20:15:46.669] [FATAL] default - 666666
[2018-06-26T20:15:48.846] [ERROR] default - 666666
[2018-06-26T20:15:48.849] [INFO] default - 666666
[2018-06-26T20:15:48.849] [DEBUG] default - 666666
[2018-06-26T20:15:48.849] [FATAL] default - 666666
[2018-06-26T20:15:49.355] [ERROR] default - 666666
[2018-06-26T20:15:49.357] [INFO] default - 666666
[2018-06-26T20:15:49.357] [DEBUG] default - 666666
[2018-06-26T20:15:49.357] [FATAL] default - 666666
[2018-06-26T20:15:51.479] [ERROR] default - 666666
[2018-06-26T20:15:51.482] [INFO] default - 666666
[2018-06-26T20:15:51.482] [DEBUG] default - 666666
[2018-06-26T20:15:51.482] [FATAL] default - 666666
[2018-06-26T20:15:51.955] [ERROR] default - 666666
[2018-06-26T20:15:51.957] [INFO] default - 666666
[2018-06-26T20:15:51.957] [DEBUG] default - 666666
[2018-06-26T20:15:51.957] [FATAL] default - 666666
[2018-06-26T20:15:58.748] [ERROR] default - 666666
[2018-06-26T20:15:58.751] [INFO] default - 666666
[2018-06-26T20:15:58.751] [DEBUG] default - 666666
[2018-06-26T20:15:58.751] [FATAL] default - 666666
[2018-06-26T20:15:59.253] [ERROR] default - 666666
[2018-06-26T20:15:59.256] [INFO] default - 666666
[2018-06-26T20:15:59.256] [DEBUG] default - 666666
[2018-06-26T20:15:59.256] [FATAL] default - 666666
[2018-06-26T20:16:06.697] [ERROR] default - 666666
[2018-06-26T20:16:06.699] [INFO] default - 666666
[2018-06-26T20:16:06.699] [DEBUG] default - 666666
[2018-06-26T20:16:06.699] [FATAL] default - 666666
[2018-06-26T20:16:06.988] [ERROR] default - 666666
[2018-06-26T20:16:06.991] [INFO] default - 666666
[2018-06-26T20:16:06.991] [DEBUG] default - 666666
[2018-06-26T20:16:06.991] [FATAL] default - 666666
[2018-06-26T20:16:09.315] [ERROR] default - 666666
[2018-06-26T20:16:09.319] [INFO] default - 666666
[2018-06-26T20:16:09.320] [DEBUG] default - 666666
[2018-06-26T20:16:09.320] [FATAL] default - 666666
[2018-06-26T20:16:09.865] [ERROR] default - 666666
[2018-06-26T20:16:09.867] [INFO] default - 666666
[2018-06-26T20:16:09.868] [DEBUG] default - 666666
[2018-06-26T20:16:09.868] [FATAL] default - 666666
[2018-06-26T20:16:11.994] [ERROR] default - 666666
[2018-06-26T20:16:11.997] [INFO] default - 666666
[2018-06-26T20:16:11.997] [DEBUG] default - 666666
[2018-06-26T20:16:11.997] [FATAL] default - 666666
[2018-06-26T20:16:12.311] [ERROR] default - 666666
[2018-06-26T20:16:12.313] [INFO] default - 666666
[2018-06-26T20:16:12.313] [DEBUG] default - 666666
[2018-06-26T20:16:12.313] [FATAL] default - 666666
[2018-06-26T20:16:14.445] [ERROR] default - 666666
[2018-06-26T20:16:14.448] [INFO] default - 666666
[2018-06-26T20:16:14.449] [DEBUG] default - 666666
[2018-06-26T20:16:14.449] [FATAL] default - 666666
[2018-06-26T20:16:14.869] [ERROR] default - 666666
[2018-06-26T20:16:14.871] [INFO] default - 666666
[2018-06-26T20:16:14.872] [DEBUG] default - 666666
[2018-06-26T20:16:14.872] [FATAL] default - 666666
[2018-06-26T20:16:16.964] [ERROR] default - 666666
[2018-06-26T20:16:16.967] [INFO] default - 666666
[2018-06-26T20:16:16.967] [DEBUG] default - 666666
[2018-06-26T20:16:16.967] [FATAL] default - 666666
[2018-06-26T20:16:17.481] [ERROR] default - 666666
[2018-06-26T20:16:17.486] [INFO] default - 666666
[2018-06-26T20:16:17.486] [DEBUG] default - 666666
[2018-06-26T20:16:17.486] [FATAL] default - 666666
[2018-06-26T20:16:18.727] [ERROR] default - 666666
[2018-06-26T20:16:18.730] [INFO] default - 666666
[2018-06-26T20:16:18.730] [DEBUG] default - 666666
[2018-06-26T20:16:18.730] [FATAL] default - 666666
[2018-06-26T20:16:19.449] [ERROR] default - 666666
[2018-06-26T20:16:19.453] [INFO] default - 666666
[2018-06-26T20:16:19.453] [DEBUG] default - 666666
[2018-06-26T20:16:19.453] [FATAL] default - 666666
[2018-06-26T20:16:49.350] [ERROR] default - 666666
[2018-06-26T20:16:49.353] [INFO] default - 666666
[2018-06-26T20:16:49.353] [DEBUG] default - 666666
[2018-06-26T20:16:49.353] [FATAL] default - 666666
[2018-06-26T20:16:49.575] [ERROR] default - 666666
[2018-06-26T20:16:49.579] [INFO] default - 666666
[2018-06-26T20:16:49.580] [DEBUG] default - 666666
[2018-06-26T20:16:49.580] [FATAL] default - 666666
[2018-06-26T20:16:52.044] [ERROR] default - 666666
[2018-06-26T20:16:52.046] [INFO] default - 666666
[2018-06-26T20:16:52.046] [DEBUG] default - 666666
[2018-06-26T20:16:52.046] [FATAL] default - 666666
[2018-06-26T20:16:55.468] [ERROR] default - 666666
[2018-06-26T20:16:55.470] [INFO] default - 666666
[2018-06-26T20:16:55.471] [DEBUG] default - 666666
[2018-06-26T20:16:55.471] [FATAL] default - 666666
[2018-06-26T20:16:57.389] [ERROR] default - 666666
[2018-06-26T20:16:57.391] [INFO] default - 666666
[2018-06-26T20:16:57.391] [DEBUG] default - 666666
[2018-06-26T20:16:57.391] [FATAL] default - 666666
[2018-06-26T20:17:03.624] [ERROR] default - 666666
[2018-06-26T20:17:03.626] [INFO] default - 666666
[2018-06-26T20:17:03.627] [DEBUG] default - 666666
[2018-06-26T20:17:03.627] [FATAL] default - 666666
[2018-06-26T20:17:05.899] [ERROR] default - 666666
[2018-06-26T20:17:05.901] [INFO] default - 666666
[2018-06-26T20:17:05.901] [DEBUG] default - 666666
[2018-06-26T20:17:05.901] [FATAL] default - 666666
[2018-06-26T20:17:06.306] [ERROR] default - 666666
[2018-06-26T20:17:06.308] [INFO] default - 666666
[2018-06-26T20:17:06.308] [DEBUG] default - 666666
[2018-06-26T20:17:06.308] [FATAL] default - 666666
[2018-06-26T20:17:08.556] [ERROR] default - 666666
[2018-06-26T20:17:08.560] [INFO] default - 666666
[2018-06-26T20:17:08.560] [DEBUG] default - 666666
[2018-06-26T20:17:08.561] [FATAL] default - 666666
[2018-06-26T20:17:09.087] [ERROR] default - 666666
[2018-06-26T20:17:09.090] [INFO] default - 666666
[2018-06-26T20:17:09.090] [DEBUG] default - 666666
[2018-06-26T20:17:09.090] [FATAL] default - 666666
[2018-06-26T20:17:11.155] [ERROR] default - 666666
[2018-06-26T20:17:11.157] [INFO] default - 666666
[2018-06-26T20:17:11.157] [DEBUG] default - 666666
[2018-06-26T20:17:11.157] [FATAL] default - 666666
[2018-06-26T20:17:14.403] [ERROR] default - 666666
[2018-06-26T20:17:14.406] [INFO] default - 666666
[2018-06-26T20:17:14.406] [DEBUG] default - 666666
[2018-06-26T20:17:14.406] [FATAL] default - 666666
[2018-06-26T20:17:14.883] [ERROR] default - 666666
[2018-06-26T20:17:14.885] [INFO] default - 666666
[2018-06-26T20:17:14.885] [DEBUG] default - 666666
[2018-06-26T20:17:14.886] [FATAL] default - 666666
[2018-06-26T20:17:20.154] [ERROR] default - 666666
[2018-06-26T20:17:20.156] [INFO] default - 666666
[2018-06-26T20:17:20.156] [DEBUG] default - 666666
[2018-06-26T20:17:20.156] [FATAL] default - 666666
[2018-06-26T20:17:20.675] [ERROR] default - 666666
[2018-06-26T20:17:20.677] [INFO] default - 666666
[2018-06-26T20:17:20.677] [DEBUG] default - 666666
[2018-06-26T20:17:20.677] [FATAL] default - 666666
[2018-06-26T20:17:22.616] [ERROR] default - 666666
[2018-06-26T20:17:22.619] [INFO] default - 666666
[2018-06-26T20:17:22.620] [DEBUG] default - 666666
[2018-06-26T20:17:22.620] [FATAL] default - 666666
[2018-06-26T20:17:22.897] [ERROR] default - 666666
[2018-06-26T20:17:22.899] [INFO] default - 666666
[2018-06-26T20:17:22.899] [DEBUG] default - 666666
[2018-06-26T20:17:22.900] [FATAL] default - 666666
[2018-06-26T20:17:25.263] [ERROR] default - 666666
[2018-06-26T20:17:25.265] [INFO] default - 666666
[2018-06-26T20:17:25.265] [DEBUG] default - 666666
[2018-06-26T20:17:25.265] [FATAL] default - 666666
[2018-06-26T20:17:25.748] [ERROR] default - 666666
[2018-06-26T20:17:25.750] [INFO] default - 666666
[2018-06-26T20:17:25.751] [DEBUG] default - 666666
[2018-06-26T20:17:25.751] [FATAL] default - 666666
[2018-06-26T20:17:27.628] [ERROR] default - 666666
[2018-06-26T20:17:27.630] [INFO] default - 666666
[2018-06-26T20:17:27.630] [DEBUG] default - 666666
[2018-06-26T20:17:27.631] [FATAL] default - 666666
[2018-06-26T20:17:28.302] [ERROR] default - 666666
[2018-06-26T20:17:28.304] [INFO] default - 666666
[2018-06-26T20:17:28.304] [DEBUG] default - 666666
[2018-06-26T20:17:28.304] [FATAL] default - 666666
[2018-06-26T20:17:30.510] [ERROR] default - 666666
[2018-06-26T20:17:30.515] [INFO] default - 666666
[2018-06-26T20:17:30.516] [DEBUG] default - 666666
[2018-06-26T20:17:30.517] [FATAL] default - 666666
[2018-06-26T20:17:30.798] [ERROR] default - 666666
[2018-06-26T20:17:30.803] [INFO] default - 666666
[2018-06-26T20:17:30.803] [DEBUG] default - 666666
[2018-06-26T20:17:30.803] [FATAL] default - 666666
[2018-06-26T20:17:42.437] [ERROR] default - 666666
[2018-06-26T20:17:42.440] [INFO] default - 666666
[2018-06-26T20:17:42.441] [DEBUG] default - 666666
[2018-06-26T20:17:42.441] [FATAL] default - 666666
[2018-06-26T20:17:42.909] [ERROR] default - 666666
[2018-06-26T20:17:42.911] [INFO] default - 666666
[2018-06-26T20:17:42.911] [DEBUG] default - 666666
[2018-06-26T20:17:42.911] [FATAL] default - 666666
[2018-06-26T20:17:45.083] [ERROR] default - 666666
[2018-06-26T20:17:45.086] [INFO] default - 666666
[2018-06-26T20:17:45.087] [DEBUG] default - 666666
[2018-06-26T20:17:45.087] [FATAL] default - 666666
[2018-06-26T20:17:45.616] [ERROR] default - 666666
[2018-06-26T20:17:45.618] [INFO] default - 666666
[2018-06-26T20:17:45.618] [DEBUG] default - 666666
[2018-06-26T20:17:45.618] [FATAL] default - 666666
[2018-06-26T20:17:47.540] [ERROR] default - 666666
[2018-06-26T20:17:47.543] [INFO] default - 666666
[2018-06-26T20:17:47.543] [DEBUG] default - 666666
[2018-06-26T20:17:47.543] [FATAL] default - 666666
[2018-06-26T20:17:51.176] [ERROR] default - 666666
[2018-06-26T20:17:51.184] [INFO] default - 666666
[2018-06-26T20:17:51.184] [DEBUG] default - 666666
[2018-06-26T20:17:51.185] [FATAL] default - 666666
[2018-06-26T20:17:51.421] [ERROR] default - 666666
[2018-06-26T20:17:51.424] [INFO] default - 666666
[2018-06-26T20:17:51.424] [DEBUG] default - 666666
[2018-06-26T20:17:51.424] [FATAL] default - 666666
[2018-06-26T20:17:53.799] [ERROR] default - 666666
[2018-06-26T20:17:53.803] [INFO] default - 666666
[2018-06-26T20:17:53.803] [DEBUG] default - 666666
[2018-06-26T20:17:53.803] [FATAL] default - 666666
[2018-06-26T20:17:54.282] [ERROR] default - 666666
[2018-06-26T20:17:54.284] [INFO] default - 666666
[2018-06-26T20:17:54.284] [DEBUG] default - 666666
[2018-06-26T20:17:54.284] [FATAL] default - 666666
[2018-06-26T20:17:56.415] [ERROR] default - 666666
[2018-06-26T20:17:56.419] [INFO] default - 666666
[2018-06-26T20:17:56.419] [DEBUG] default - 666666
[2018-06-26T20:17:56.419] [FATAL] default - 666666
[2018-06-26T20:17:56.685] [ERROR] default - 666666
[2018-06-26T20:17:56.688] [INFO] default - 666666
[2018-06-26T20:17:56.688] [DEBUG] default - 666666
[2018-06-26T20:17:56.688] [FATAL] default - 666666
[2018-06-26T20:17:59.037] [ERROR] default - 666666
[2018-06-26T20:17:59.040] [INFO] default - 666666
[2018-06-26T20:17:59.041] [DEBUG] default - 666666
[2018-06-26T20:17:59.041] [FATAL] default - 666666
[2018-06-26T20:17:59.575] [ERROR] default - 666666
[2018-06-26T20:17:59.577] [INFO] default - 666666
[2018-06-26T20:17:59.577] [DEBUG] default - 666666
[2018-06-26T20:17:59.577] [FATAL] default - 666666
[2018-06-26T20:18:06.150] [ERROR] default - 666666
[2018-06-26T20:18:06.153] [INFO] default - 666666
[2018-06-26T20:18:06.154] [DEBUG] default - 666666
[2018-06-26T20:18:06.154] [FATAL] default - 666666
[2018-06-26T20:18:06.644] [ERROR] default - 666666
[2018-06-26T20:18:06.646] [INFO] default - 666666
[2018-06-26T20:18:06.646] [DEBUG] default - 666666
[2018-06-26T20:18:06.647] [FATAL] default - 666666
[2018-06-26T20:18:35.063] [ERROR] default - 666666
[2018-06-26T20:18:35.065] [INFO] default - 666666
[2018-06-26T20:18:35.065] [DEBUG] default - 666666
[2018-06-26T20:18:35.065] [FATAL] default - 666666
[2018-06-26T20:18:37.172] [ERROR] default - 666666
[2018-06-26T20:18:37.174] [INFO] default - 666666
[2018-06-26T20:18:37.174] [DEBUG] default - 666666
[2018-06-26T20:18:37.174] [FATAL] default - 666666
[2018-06-26T20:18:37.667] [ERROR] default - 666666
[2018-06-26T20:18:37.670] [INFO] default - 666666
[2018-06-26T20:18:37.670] [DEBUG] default - 666666
[2018-06-26T20:18:37.670] [FATAL] default - 666666
[2018-06-26T20:18:49.209] [ERROR] default - 666666
[2018-06-26T20:18:49.211] [INFO] default - 666666
[2018-06-26T20:18:49.211] [DEBUG] default - 666666
[2018-06-26T20:18:49.212] [FATAL] default - 666666
[2018-06-26T20:18:49.546] [ERROR] default - 666666
[2018-06-26T20:18:49.549] [INFO] default - 666666
[2018-06-26T20:18:49.549] [DEBUG] default - 666666
[2018-06-26T20:18:49.549] [FATAL] default - 666666
[2018-06-26T20:18:50.501] [ERROR] default - 666666
[2018-06-26T20:18:50.504] [INFO] default - 666666
[2018-06-26T20:18:50.504] [DEBUG] default - 666666
[2018-06-26T20:18:50.504] [FATAL] default - 666666
[2018-06-26T20:18:51.676] [ERROR] default - 666666
[2018-06-26T20:18:51.678] [INFO] default - 666666
[2018-06-26T20:18:51.678] [DEBUG] default - 666666
[2018-06-26T20:18:51.678] [FATAL] default - 666666
[2018-06-26T20:18:54.969] [ERROR] default - 666666
[2018-06-26T20:18:54.973] [INFO] default - 666666
[2018-06-26T20:18:54.973] [DEBUG] default - 666666
[2018-06-26T20:18:54.974] [FATAL] default - 666666
[2018-06-26T20:18:55.246] [ERROR] default - 666666
[2018-06-26T20:18:55.249] [INFO] default - 666666
[2018-06-26T20:18:55.249] [DEBUG] default - 666666
[2018-06-26T20:18:55.249] [FATAL] default - 666666
[2018-06-26T20:18:57.580] [ERROR] default - 666666
[2018-06-26T20:18:57.585] [INFO] default - 666666
[2018-06-26T20:18:57.586] [DEBUG] default - 666666
[2018-06-26T20:18:57.586] [FATAL] default - 666666
[2018-06-26T20:19:06.434] [ERROR] default - 666666
[2018-06-26T20:19:06.436] [INFO] default - 666666
[2018-06-26T20:19:06.436] [DEBUG] default - 666666
[2018-06-26T20:19:06.436] [FATAL] default - 666666
[2018-06-26T20:19:07.196] [ERROR] default - 666666
[2018-06-26T20:19:07.199] [INFO] default - 666666
[2018-06-26T20:19:07.199] [DEBUG] default - 666666
[2018-06-26T20:19:07.199] [FATAL] default - 666666
[2018-06-26T20:19:56.632] [ERROR] default - 666666
[2018-06-26T20:19:56.634] [INFO] default - 666666
[2018-06-26T20:19:56.634] [DEBUG] default - 666666
[2018-06-26T20:19:56.634] [FATAL] default - 666666
[2018-06-26T20:19:57.621] [ERROR] default - 666666
[2018-06-26T20:19:57.624] [INFO] default - 666666
[2018-06-26T20:19:57.624] [DEBUG] default - 666666
[2018-06-26T20:19:57.624] [FATAL] default - 666666
[2018-06-26T20:19:57.904] [ERROR] default - 666666
[2018-06-26T20:19:57.906] [INFO] default - 666666
[2018-06-26T20:19:57.907] [DEBUG] default - 666666
[2018-06-26T20:19:57.907] [FATAL] default - 666666
[2018-06-26T20:20:00.117] [ERROR] default - 666666
[2018-06-26T20:20:00.121] [INFO] default - 666666
[2018-06-26T20:20:00.122] [DEBUG] default - 666666
[2018-06-26T20:20:00.122] [FATAL] default - 666666
[2018-06-26T20:20:00.496] [ERROR] default - 666666
[2018-06-26T20:20:00.498] [INFO] default - 666666
[2018-06-26T20:20:00.498] [DEBUG] default - 666666
[2018-06-26T20:20:00.499] [FATAL] default - 666666
[2018-06-26T20:20:02.592] [ERROR] default - 666666
[2018-06-26T20:20:02.594] [INFO] default - 666666
[2018-06-26T20:20:02.595] [DEBUG] default - 666666
[2018-06-26T20:20:02.595] [FATAL] default - 666666
[2018-06-26T20:20:03.057] [ERROR] default - 666666
[2018-06-26T20:20:03.060] [INFO] default - 666666
[2018-06-26T20:20:03.060] [DEBUG] default - 666666
[2018-06-26T20:20:03.060] [FATAL] default - 666666
[2018-06-26T20:20:05.281] [ERROR] default - 666666
[2018-06-26T20:20:05.284] [INFO] default - 666666
[2018-06-26T20:20:05.284] [DEBUG] default - 666666
[2018-06-26T20:20:05.284] [FATAL] default - 666666
[2018-06-26T20:20:05.636] [ERROR] default - 666666
[2018-06-26T20:20:05.639] [INFO] default - 666666
[2018-06-26T20:20:05.639] [DEBUG] default - 666666
[2018-06-26T20:20:05.639] [FATAL] default - 666666
[2018-06-26T20:20:11.120] [ERROR] default - 666666
[2018-06-26T20:20:11.122] [INFO] default - 666666
[2018-06-26T20:20:11.122] [DEBUG] default - 666666
[2018-06-26T20:20:11.122] [FATAL] default - 666666
[2018-06-26T20:20:11.658] [ERROR] default - 666666
[2018-06-26T20:20:11.660] [INFO] default - 666666
[2018-06-26T20:20:11.660] [DEBUG] default - 666666
[2018-06-26T20:20:11.660] [FATAL] default - 666666
[2018-06-26T20:20:13.705] [ERROR] default - 666666
[2018-06-26T20:20:13.708] [INFO] default - 666666
[2018-06-26T20:20:13.708] [DEBUG] default - 666666
[2018-06-26T20:20:13.708] [FATAL] default - 666666
[2018-06-26T20:20:14.118] [ERROR] default - 666666
[2018-06-26T20:20:14.120] [INFO] default - 666666
[2018-06-26T20:20:14.120] [DEBUG] default - 666666
[2018-06-26T20:20:14.120] [FATAL] default - 666666
[2018-06-26T20:20:20.149] [ERROR] default - 666666
[2018-06-26T20:20:20.152] [INFO] default - 666666
[2018-06-26T20:20:20.152] [DEBUG] default - 666666
[2018-06-26T20:20:20.152] [FATAL] default - 666666
[2018-06-26T20:20:21.533] [ERROR] default - 666666
[2018-06-26T20:20:21.535] [INFO] default - 666666
[2018-06-26T20:20:21.535] [DEBUG] default - 666666
[2018-06-26T20:20:21.535] [FATAL] default - 666666
[2018-06-26T20:20:27.769] [ERROR] default - 666666
[2018-06-26T20:20:27.771] [INFO] default - 666666
[2018-06-26T20:20:27.771] [DEBUG] default - 666666
[2018-06-26T20:20:27.772] [FATAL] default - 666666
[2018-06-26T20:20:29.058] [ERROR] default - 666666
[2018-06-26T20:20:29.060] [INFO] default - 666666
[2018-06-26T20:20:29.061] [DEBUG] default - 666666
[2018-06-26T20:20:29.061] [FATAL] default - 666666
[2018-06-26T20:20:36.932] [ERROR] default - 666666
[2018-06-26T20:20:36.935] [INFO] default - 666666
[2018-06-26T20:20:36.935] [DEBUG] default - 666666
[2018-06-26T20:20:36.935] [FATAL] default - 666666
[2018-06-26T20:44:31.991] [ERROR] default - 666666
[2018-06-26T20:44:31.993] [INFO] default - 666666
[2018-06-26T20:44:31.994] [DEBUG] default - 666666
[2018-06-26T20:44:31.994] [FATAL] default - 666666
[2018-06-26T20:44:32.713] [ERROR] default - 666666
[2018-06-26T20:44:32.716] [INFO] default - 666666
[2018-06-26T20:44:32.716] [DEBUG] default - 666666
[2018-06-26T20:44:32.717] [FATAL] default - 666666
[2018-06-26T20:44:33.129] [ERROR] default - 666666
[2018-06-26T20:44:33.132] [INFO] default - 666666
[2018-06-26T20:44:33.132] [DEBUG] default - 666666
[2018-06-26T20:44:33.132] [FATAL] default - 666666
[2018-06-26T20:45:24.403] [ERROR] default - 666666
[2018-06-26T20:45:24.405] [INFO] default - 666666
[2018-06-26T20:45:24.405] [DEBUG] default - 666666
[2018-06-26T20:45:24.405] [FATAL] default - 666666
