[2018-06-26T19:39:20.955] [ERROR] default - 666666
[2018-06-26T19:39:20.958] [INFO] default - 666666
[2018-06-26T19:39:20.958] [DEBUG] default - 666666
[2018-06-26T19:39:20.958] [FATAL] default - 666666
[2018-06-26T19:39:21.359] [ERROR] default - 666666
[2018-06-26T19:39:21.361] [INFO] default - 666666
[2018-06-26T19:39:21.362] [DEBUG] default - 666666
[2018-06-26T19:39:21.362] [FATAL] default - 666666
[2018-06-26T19:39:23.335] [ERROR] default - 666666
[2018-06-26T19:39:23.337] [INFO] default - 666666
[2018-06-26T19:39:23.337] [DEBUG] default - 666666
[2018-06-26T19:39:23.337] [FATAL] default - 666666
[2018-06-26T19:39:23.800] [ERROR] default - 666666
[2018-06-26T19:39:23.803] [INFO] default - 666666
[2018-06-26T19:39:23.803] [DEBUG] default - 666666
[2018-06-26T19:39:23.803] [FATAL] default - 666666
[2018-06-26T19:39:28.407] [ERROR] default - 666666
[2018-06-26T19:39:28.410] [INFO] default - 666666
[2018-06-26T19:39:28.410] [DEBUG] default - 666666
[2018-06-26T19:39:28.410] [FATAL] default - 666666
[2018-06-26T19:39:28.936] [ERROR] default - 666666
[2018-06-26T19:39:28.938] [INFO] default - 666666
[2018-06-26T19:39:28.938] [DEBUG] default - 666666
[2018-06-26T19:39:28.939] [FATAL] default - 666666
[2018-06-26T19:39:36.084] [ERROR] default - 666666
[2018-06-26T19:39:36.089] [INFO] default - 666666
[2018-06-26T19:39:36.089] [DEBUG] default - 666666
[2018-06-26T19:39:36.090] [FATAL] default - 666666
[2018-06-26T19:39:36.090] [FATAL] default - 
[2018-06-26T19:39:36.438] [ERROR] default - 666666
[2018-06-26T19:39:36.440] [INFO] default - 666666
[2018-06-26T19:39:36.440] [DEBUG] default - 666666
[2018-06-26T19:39:36.441] [FATAL] default - 666666
[2018-06-26T19:39:36.441] [FATAL] default - 
[2018-06-26T19:39:42.962] [ERROR] default - 666666
[2018-06-26T19:39:42.967] [INFO] default - 666666
[2018-06-26T19:39:42.968] [DEBUG] default - 666666
[2018-06-26T19:39:42.968] [FATAL] default - 666666
[2018-06-26T19:39:43.278] [ERROR] default - 666666
[2018-06-26T19:39:43.280] [INFO] default - 666666
[2018-06-26T19:39:43.280] [DEBUG] default - 666666
[2018-06-26T19:39:43.280] [FATAL] default - 666666
[2018-06-26T19:39:43.280] [FATAL] default - 
[2018-06-26T19:39:53.007] [ERROR] default - 666666
[2018-06-26T19:39:53.009] [INFO] default - 666666
[2018-06-26T19:39:53.009] [DEBUG] default - 666666
[2018-06-26T19:39:53.010] [FATAL] default - 666666
[2018-06-26T19:39:53.010] [FATAL] default - 
[2018-06-26T19:39:53.403] [ERROR] default - 666666
[2018-06-26T19:39:53.405] [INFO] default - 666666
[2018-06-26T19:39:53.405] [DEBUG] default - 666666
[2018-06-26T19:39:53.406] [FATAL] default - 666666
[2018-06-26T19:39:53.406] [FATAL] default - 
[2018-06-26T19:39:59.741] [ERROR] default - 666666
[2018-06-26T19:39:59.744] [INFO] default - 666666
[2018-06-26T19:39:59.744] [DEBUG] default - 666666
[2018-06-26T19:39:59.744] [FATAL] default - 666666
[2018-06-26T19:39:59.744] [FATAL] default - 666666
[2018-06-26T19:39:59.969] [ERROR] default - 666666
[2018-06-26T19:39:59.971] [INFO] default - 666666
[2018-06-26T19:39:59.971] [DEBUG] default - 666666
[2018-06-26T19:39:59.971] [FATAL] default - 666666
[2018-06-26T19:39:59.971] [FATAL] default - 666666
[2018-06-26T19:40:15.804] [ERROR] default - 
[2018-06-26T19:40:15.807] [INFO] default - 666666
[2018-06-26T19:40:15.808] [DEBUG] default - 666666
[2018-06-26T19:40:15.808] [FATAL] default - 666666
[2018-06-26T19:40:15.808] [FATAL] default - 666666
[2018-06-26T19:40:16.165] [ERROR] default - 
[2018-06-26T19:40:16.168] [INFO] default - 666666
[2018-06-26T19:40:16.168] [DEBUG] default - 666666
[2018-06-26T19:40:16.169] [FATAL] default - 666666
[2018-06-26T19:40:16.169] [FATAL] default - 666666
[2018-06-26T19:40:28.299] [ERROR] default - 666666
[2018-06-26T19:40:28.302] [INFO] default - 666666
[2018-06-26T19:40:28.302] [DEBUG] default - 666666
[2018-06-26T19:40:28.303] [FATAL] default - 666666
[2018-06-26T19:40:28.303] [FATAL] default - 666666
[2018-06-26T19:40:28.848] [ERROR] default - 666666
[2018-06-26T19:40:28.850] [INFO] default - 666666
[2018-06-26T19:40:28.850] [DEBUG] default - 666666
[2018-06-26T19:40:28.851] [FATAL] default - 666666
[2018-06-26T19:40:28.851] [FATAL] default - 666666
[2018-06-26T19:40:47.609] [ERROR] default - 666666
[2018-06-26T19:40:47.611] [INFO] default - 666666
[2018-06-26T19:40:47.612] [DEBUG] default - 666666
[2018-06-26T19:40:47.612] [FATAL] default - 666666
[2018-06-26T19:40:47.612] [FATAL] default - 666666
[2018-06-26T19:40:48.915] [ERROR] default - 666666
[2018-06-26T19:40:48.918] [INFO] default - 666666
[2018-06-26T19:40:48.918] [DEBUG] default - 666666
[2018-06-26T19:40:48.918] [FATAL] default - 666666
[2018-06-26T19:40:48.918] [FATAL] default - 666666
[2018-06-26T19:40:50.096] [ERROR] default - 666666
[2018-06-26T19:40:50.098] [INFO] default - 666666
[2018-06-26T19:40:50.098] [DEBUG] default - 666666
[2018-06-26T19:40:50.098] [FATAL] default - 666666
[2018-06-26T19:40:50.098] [FATAL] default - 666666
[2018-06-26T19:40:52.140] [ERROR] default - 666666
[2018-06-26T19:40:52.142] [INFO] default - 666666
[2018-06-26T19:40:52.142] [DEBUG] default - 666666
[2018-06-26T19:40:52.143] [FATAL] default - 666666
[2018-06-26T19:40:52.143] [FATAL] default - 666666
[2018-06-26T19:47:01.436] [ERROR] default - 666666
[2018-06-26T19:47:01.438] [INFO] default - 666666
[2018-06-26T19:47:01.439] [DEBUG] default - 666666
[2018-06-26T19:47:01.439] [FATAL] default - 666666
[2018-06-26T19:47:01.439] [FATAL] default - 666666
[2018-06-26T19:47:01.867] [ERROR] default - 666666
[2018-06-26T19:47:01.870] [INFO] default - 666666
[2018-06-26T19:47:01.870] [DEBUG] default - 666666
[2018-06-26T19:47:01.870] [FATAL] default - 666666
[2018-06-26T19:47:01.870] [FATAL] default - 666666
[2018-06-26T19:47:03.177] [ERROR] default - 666666
[2018-06-26T19:47:03.180] [INFO] default - 666666
[2018-06-26T19:47:03.180] [DEBUG] default - 666666
[2018-06-26T19:47:03.180] [FATAL] default - 666666
[2018-06-26T19:47:03.180] [FATAL] default - 666666
[2018-06-26T19:47:04.781] [ERROR] default - 666666
[2018-06-26T19:47:04.783] [INFO] default - 666666
[2018-06-26T19:47:04.783] [DEBUG] default - 666666
[2018-06-26T19:47:04.783] [FATAL] default - 666666
[2018-06-26T19:47:04.783] [FATAL] default - 666666
[2018-06-26T19:47:08.596] [ERROR] default - 666666
[2018-06-26T19:47:08.599] [INFO] default - 666666
[2018-06-26T19:47:08.599] [DEBUG] default - 666666
[2018-06-26T19:47:08.599] [FATAL] default - 666666
[2018-06-26T19:47:08.599] [FATAL] default - 666666
[2018-06-26T19:47:09.085] [ERROR] default - 666666
[2018-06-26T19:47:09.087] [INFO] default - 666666
[2018-06-26T19:47:09.088] [DEBUG] default - 666666
[2018-06-26T19:47:09.088] [FATAL] default - 666666
[2018-06-26T19:47:09.088] [FATAL] default - 666666
[2018-06-26T19:47:11.270] [ERROR] default - 666666
[2018-06-26T19:47:11.274] [INFO] default - 666666
[2018-06-26T19:47:11.274] [DEBUG] default - 666666
[2018-06-26T19:47:11.274] [FATAL] default - 666666
[2018-06-26T19:47:11.275] [FATAL] default - 666666
[2018-06-26T19:47:11.626] [ERROR] default - 666666
[2018-06-26T19:47:11.628] [INFO] default - 666666
[2018-06-26T19:47:11.628] [DEBUG] default - 666666
[2018-06-26T19:47:11.628] [FATAL] default - 666666
[2018-06-26T19:47:11.629] [FATAL] default - 666666
[2018-06-26T19:47:13.383] [ERROR] default - 666666
[2018-06-26T19:47:13.387] [INFO] default - 666666
[2018-06-26T19:47:13.387] [DEBUG] default - 666666
[2018-06-26T19:47:13.387] [FATAL] default - 666666
[2018-06-26T19:47:13.388] [FATAL] default - 666666
[2018-06-26T19:47:13.637] [ERROR] default - 666666
[2018-06-26T19:47:13.639] [INFO] default - 666666
[2018-06-26T19:47:13.639] [DEBUG] default - 666666
[2018-06-26T19:47:13.639] [FATAL] default - 666666
[2018-06-26T19:47:13.639] [FATAL] default - 666666
[2018-06-26T19:47:41.450] [ERROR] default - 666666
[2018-06-26T19:47:41.453] [INFO] default - 666666
[2018-06-26T19:47:41.453] [DEBUG] default - 666666
[2018-06-26T19:47:41.453] [FATAL] default - 666666
[2018-06-26T19:47:41.453] [FATAL] default - 666666
[2018-06-26T19:47:41.955] [ERROR] default - 666666
[2018-06-26T19:47:41.958] [INFO] default - 666666
[2018-06-26T19:47:41.959] [DEBUG] default - 666666
[2018-06-26T19:47:41.959] [FATAL] default - 666666
[2018-06-26T19:47:41.959] [FATAL] default - 666666
[2018-06-26T19:47:42.913] [ERROR] default - 666666
[2018-06-26T19:47:42.916] [INFO] default - 666666
[2018-06-26T19:47:42.916] [DEBUG] default - 666666
[2018-06-26T19:47:42.916] [FATAL] default - 666666
[2018-06-26T19:47:42.916] [FATAL] default - 666666
[2018-06-26T19:47:43.998] [ERROR] default - 666666
[2018-06-26T19:47:44.001] [INFO] default - 666666
[2018-06-26T19:47:44.001] [DEBUG] default - 666666
[2018-06-26T19:47:44.001] [FATAL] default - 666666
[2018-06-26T19:47:44.001] [FATAL] default - 666666
[2018-06-26T19:48:30.348] [ERROR] default - 666666
[2018-06-26T19:48:30.351] [INFO] default - 666666
[2018-06-26T19:48:30.351] [DEBUG] default - 666666
[2018-06-26T19:48:30.351] [FATAL] default - 666666
[2018-06-26T19:48:30.351] [FATAL] default - 666666
[2018-06-26T19:48:30.607] [ERROR] default - 666666
[2018-06-26T19:48:30.610] [INFO] default - 666666
[2018-06-26T19:48:30.610] [DEBUG] default - 666666
[2018-06-26T19:48:30.610] [FATAL] default - 666666
[2018-06-26T19:48:30.610] [FATAL] default - 666666
[2018-06-26T19:48:32.854] [ERROR] default - 666666
[2018-06-26T19:48:32.856] [INFO] default - 666666
[2018-06-26T19:48:32.856] [DEBUG] default - 666666
[2018-06-26T19:48:32.857] [FATAL] default - 666666
[2018-06-26T19:48:32.857] [FATAL] default - 666666
[2018-06-26T19:48:33.321] [ERROR] default - 666666
[2018-06-26T19:48:33.324] [INFO] default - 666666
[2018-06-26T19:48:33.324] [DEBUG] default - 666666
[2018-06-26T19:48:33.324] [FATAL] default - 666666
[2018-06-26T19:48:33.324] [FATAL] default - 666666
[2018-06-26T19:48:35.647] [ERROR] default - 666666
[2018-06-26T19:48:35.650] [INFO] default - 666666
[2018-06-26T19:48:35.650] [DEBUG] default - 666666
[2018-06-26T19:48:35.650] [FATAL] default - 666666
[2018-06-26T19:48:35.650] [FATAL] default - 666666
[2018-06-26T19:49:17.896] [ERROR] default - 666666
[2018-06-26T19:49:17.898] [INFO] default - 666666
[2018-06-26T19:49:17.898] [DEBUG] default - 666666
[2018-06-26T19:49:17.898] [FATAL] default - 666666
[2018-06-26T19:49:17.898] [FATAL] default - 666666
[2018-06-26T19:49:18.416] [ERROR] default - 666666
[2018-06-26T19:49:18.418] [INFO] default - 666666
[2018-06-26T19:49:18.418] [DEBUG] default - 666666
[2018-06-26T19:49:18.419] [FATAL] default - 666666
[2018-06-26T19:49:18.419] [FATAL] default - 666666
[2018-06-26T19:49:20.444] [ERROR] default - 666666
[2018-06-26T19:49:20.447] [INFO] default - 666666
[2018-06-26T19:49:20.447] [DEBUG] default - 666666
[2018-06-26T19:49:20.448] [FATAL] default - 666666
[2018-06-26T19:49:20.448] [FATAL] default - 666666
[2018-06-26T19:49:20.929] [ERROR] default - 666666
[2018-06-26T19:49:20.931] [INFO] default - 666666
[2018-06-26T19:49:20.931] [DEBUG] default - 666666
[2018-06-26T19:49:20.931] [FATAL] default - 666666
[2018-06-26T19:49:20.931] [FATAL] default - 666666
[2018-06-26T19:49:22.981] [ERROR] default - 666666
[2018-06-26T19:49:22.984] [INFO] default - 666666
[2018-06-26T19:49:22.984] [DEBUG] default - 666666
[2018-06-26T19:49:22.984] [FATAL] default - 666666
[2018-06-26T19:49:22.984] [FATAL] default - 666666
[2018-06-26T19:49:23.358] [ERROR] default - 666666
[2018-06-26T19:49:23.361] [INFO] default - 666666
[2018-06-26T19:49:23.361] [DEBUG] default - 666666
[2018-06-26T19:49:23.361] [FATAL] default - 666666
[2018-06-26T19:49:23.361] [FATAL] default - 666666
[2018-06-26T19:49:25.546] [ERROR] default - 666666
[2018-06-26T19:49:25.549] [INFO] default - 666666
[2018-06-26T19:49:25.550] [DEBUG] default - 666666
[2018-06-26T19:49:25.550] [FATAL] default - 666666
[2018-06-26T19:49:25.550] [FATAL] default - 666666
[2018-06-26T19:49:36.359] [ERROR] default - 666666
[2018-06-26T19:49:36.361] [INFO] default - 666666
[2018-06-26T19:49:36.361] [DEBUG] default - 666666
[2018-06-26T19:49:36.361] [FATAL] default - 666666
[2018-06-26T19:49:36.361] [FATAL] default - 666666
[2018-06-26T19:49:36.815] [ERROR] default - 666666
[2018-06-26T19:49:36.817] [INFO] default - 666666
[2018-06-26T19:49:36.817] [DEBUG] default - 666666
[2018-06-26T19:49:36.817] [FATAL] default - 666666
[2018-06-26T19:49:36.817] [FATAL] default - 666666
[2018-06-26T19:49:38.822] [ERROR] default - 666666
[2018-06-26T19:49:38.826] [INFO] default - 666666
[2018-06-26T19:49:38.826] [DEBUG] default - 666666
[2018-06-26T19:49:38.826] [FATAL] default - 666666
[2018-06-26T19:49:38.827] [FATAL] default - 666666
[2018-06-26T19:49:41.243] [ERROR] default - 666666
[2018-06-26T19:49:41.245] [INFO] default - 666666
[2018-06-26T19:49:41.245] [DEBUG] default - 666666
[2018-06-26T19:49:41.245] [FATAL] default - 666666
[2018-06-26T19:49:41.245] [FATAL] default - 666666
[2018-06-26T19:49:43.197] [ERROR] default - 666666
[2018-06-26T19:49:43.199] [INFO] default - 666666
[2018-06-26T19:49:43.199] [DEBUG] default - 666666
[2018-06-26T19:49:43.199] [FATAL] default - 666666
[2018-06-26T19:49:43.200] [FATAL] default - 666666
[2018-06-26T19:50:02.690] [ERROR] default - 666666
[2018-06-26T19:50:02.692] [INFO] default - 666666
[2018-06-26T19:50:02.693] [DEBUG] default - 666666
[2018-06-26T19:50:02.693] [FATAL] default - 666666
[2018-06-26T19:50:02.693] [FATAL] default - 666666
[2018-06-26T19:50:03.060] [ERROR] default - 666666
[2018-06-26T19:50:03.061] [INFO] default - 666666
[2018-06-26T19:50:03.061] [DEBUG] default - 666666
[2018-06-26T19:50:03.061] [FATAL] default - 666666
[2018-06-26T19:50:03.061] [FATAL] default - 666666
[2018-06-26T19:50:34.806] [ERROR] app - 666666
[2018-06-26T19:50:34.808] [INFO] app - 666666
[2018-06-26T19:50:34.808] [DEBUG] app - 666666
[2018-06-26T19:50:34.808] [FATAL] app - 666666
[2018-06-26T19:50:34.808] [FATAL] app - 666666
[2018-06-26T19:50:35.814] [ERROR] app - 666666
[2018-06-26T19:50:35.815] [INFO] app - 666666
[2018-06-26T19:50:35.815] [DEBUG] app - 666666
[2018-06-26T19:50:35.816] [FATAL] app - 666666
[2018-06-26T19:50:35.816] [FATAL] app - 666666
[2018-06-26T19:50:47.334] [ERROR] 《app - 666666
[2018-06-26T19:50:47.336] [INFO] 《app - 666666
[2018-06-26T19:50:47.336] [DEBUG] 《app - 666666
[2018-06-26T19:50:47.336] [FATAL] 《app - 666666
[2018-06-26T19:50:47.336] [FATAL] 《app - 666666
[2018-06-26T19:50:47.892] [ERROR] 《app - 666666
[2018-06-26T19:50:47.894] [INFO] 《app - 666666
[2018-06-26T19:50:47.894] [DEBUG] 《app - 666666
[2018-06-26T19:50:47.894] [FATAL] 《app - 666666
[2018-06-26T19:50:47.894] [FATAL] 《app - 666666
[2018-06-26T19:50:53.038] [ERROR] 《app> - 666666
[2018-06-26T19:50:53.042] [INFO] 《app> - 666666
[2018-06-26T19:50:53.043] [DEBUG] 《app> - 666666
[2018-06-26T19:50:53.044] [FATAL] 《app> - 666666
[2018-06-26T19:50:53.044] [FATAL] 《app> - 666666
[2018-06-26T19:50:53.534] [ERROR] 《app> - 666666
[2018-06-26T19:50:53.537] [INFO] 《app> - 666666
[2018-06-26T19:50:53.537] [DEBUG] 《app> - 666666
[2018-06-26T19:50:53.537] [FATAL] 《app> - 666666
[2018-06-26T19:50:53.537] [FATAL] 《app> - 666666
[2018-06-26T19:50:55.675] [ERROR] 《app》 - 666666
[2018-06-26T19:50:55.677] [INFO] 《app》 - 666666
[2018-06-26T19:50:55.677] [DEBUG] 《app》 - 666666
[2018-06-26T19:50:55.677] [FATAL] 《app》 - 666666
[2018-06-26T19:50:55.677] [FATAL] 《app》 - 666666
[2018-06-26T19:50:56.019] [ERROR] 《app》 - 666666
[2018-06-26T19:50:56.020] [INFO] 《app》 - 666666
[2018-06-26T19:50:56.020] [DEBUG] 《app》 - 666666
[2018-06-26T19:50:56.020] [FATAL] 《app》 - 666666
[2018-06-26T19:50:56.021] [FATAL] 《app》 - 666666
[2018-06-26T19:51:29.193] [ERROR] 《app - 666666
[2018-06-26T19:51:29.195] [INFO] 《app - 666666
[2018-06-26T19:51:29.195] [DEBUG] 《app - 666666
[2018-06-26T19:51:29.195] [FATAL] 《app - 666666
[2018-06-26T19:51:29.196] [FATAL] 《app - 666666
[2018-06-26T19:51:29.711] [ERROR] app - 666666
[2018-06-26T19:51:29.713] [INFO] app - 666666
[2018-06-26T19:51:29.713] [DEBUG] app - 666666
[2018-06-26T19:51:29.713] [FATAL] app - 666666
[2018-06-26T19:51:29.713] [FATAL] app - 666666
[2018-06-26T19:51:29.922] [ERROR] app - 666666
[2018-06-26T19:51:29.925] [INFO] app - 666666
[2018-06-26T19:51:29.925] [DEBUG] app - 666666
[2018-06-26T19:51:29.925] [FATAL] app - 666666
[2018-06-26T19:51:29.925] [FATAL] app - 666666
[2018-06-26T19:51:31.847] [ERROR] app - 666666
[2018-06-26T19:51:31.849] [INFO] app - 666666
[2018-06-26T19:51:31.849] [DEBUG] app - 666666
[2018-06-26T19:51:31.849] [FATAL] app - 666666
[2018-06-26T19:51:31.849] [FATAL] app - 666666
[2018-06-26T19:51:35.293] [ERROR] app.js - 666666
[2018-06-26T19:51:35.294] [INFO] app.js - 666666
[2018-06-26T19:51:35.294] [DEBUG] app.js - 666666
[2018-06-26T19:51:35.295] [FATAL] app.js - 666666
[2018-06-26T19:51:35.295] [FATAL] app.js - 666666
[2018-06-26T19:51:35.591] [ERROR] app.js - 666666
[2018-06-26T19:51:35.592] [INFO] app.js - 666666
[2018-06-26T19:51:35.593] [DEBUG] app.js - 666666
[2018-06-26T19:51:35.593] [FATAL] app.js - 666666
[2018-06-26T19:51:35.593] [FATAL] app.js - 666666
[2018-06-26T19:55:12.916] [ERROR] app.js - 666666
[2018-06-26T19:55:12.917] [INFO] app.js - 666666
[2018-06-26T19:55:12.918] [DEBUG] app.js - 666666
[2018-06-26T19:55:12.918] [FATAL] app.js - 666666
[2018-06-26T19:55:12.918] [FATAL] app.js - 666666
[2018-06-26T19:55:13.319] [ERROR] app.js - 666666
[2018-06-26T19:55:13.320] [INFO] app.js - 666666
[2018-06-26T19:55:13.320] [DEBUG] app.js - 666666
[2018-06-26T19:55:13.320] [FATAL] app.js - 666666
[2018-06-26T19:55:13.320] [FATAL] app.js - 666666
[2018-06-26T19:55:26.610] [ERROR] app.js - 666666
[2018-06-26T19:55:26.612] [INFO] app.js - 666666
[2018-06-26T19:55:26.612] [DEBUG] app.js - 666666
[2018-06-26T19:55:26.612] [FATAL] app.js - 666666
[2018-06-26T19:55:26.612] [FATAL] app.js - 666666
[2018-06-26T19:55:27.134] [ERROR] app.js - 666666
[2018-06-26T19:55:27.135] [INFO] app.js - 666666
[2018-06-26T19:55:27.135] [DEBUG] app.js - 666666
[2018-06-26T19:55:27.135] [FATAL] app.js - 666666
[2018-06-26T19:55:27.135] [FATAL] app.js - 666666
[2018-06-26T19:55:34.527] [ERROR] app.js - 666666
[2018-06-26T19:55:34.529] [INFO] app.js - 666666
[2018-06-26T19:55:34.530] [DEBUG] app.js - 666666
[2018-06-26T19:55:34.530] [FATAL] app.js - 666666
[2018-06-26T19:55:34.530] [FATAL] app.js - 666666
[2018-06-26T19:55:35.045] [ERROR] app.js - 666666
[2018-06-26T19:55:35.046] [INFO] app.js - 666666
[2018-06-26T19:55:35.046] [DEBUG] app.js - 666666
[2018-06-26T19:55:35.046] [FATAL] app.js - 666666
[2018-06-26T19:55:35.046] [FATAL] app.js - 666666
[2018-06-26T19:55:37.137] [ERROR] app.js - 666666
[2018-06-26T19:55:37.138] [INFO] app.js - 666666
[2018-06-26T19:55:37.138] [DEBUG] app.js - 666666
[2018-06-26T19:55:37.138] [FATAL] app.js - 666666
[2018-06-26T19:55:37.138] [FATAL] app.js - 666666
[2018-06-26T19:55:37.571] [ERROR] app.js - 666666
[2018-06-26T19:55:37.572] [INFO] app.js - 666666
[2018-06-26T19:55:37.572] [DEBUG] app.js - 666666
[2018-06-26T19:55:37.572] [FATAL] app.js - 666666
[2018-06-26T19:55:37.573] [FATAL] app.js - 666666
[2018-06-26T19:55:46.503] [ERROR] app.js - 666666
[2018-06-26T19:55:46.504] [INFO] app.js - 666666
[2018-06-26T19:55:46.504] [DEBUG] app.js - 666666
[2018-06-26T19:55:46.504] [FATAL] app.js - 666666
[2018-06-26T19:55:46.504] [FATAL] app.js - 666666
[2018-06-26T19:55:46.889] [ERROR] app.js - 666666
[2018-06-26T19:55:46.890] [INFO] app.js - 666666
[2018-06-26T19:55:46.890] [DEBUG] app.js - 666666
[2018-06-26T19:55:46.890] [FATAL] app.js - 666666
[2018-06-26T19:55:46.890] [FATAL] app.js - 666666
[2018-06-26T19:55:49.259] [ERROR] app.js - 666666
[2018-06-26T19:55:49.261] [INFO] app.js - 666666
[2018-06-26T19:55:49.261] [DEBUG] app.js - 666666
[2018-06-26T19:55:49.261] [FATAL] app.js - 666666
[2018-06-26T19:55:49.261] [FATAL] app.js - 666666
[2018-06-26T19:55:49.685] [ERROR] app.js - 666666
[2018-06-26T19:55:49.686] [INFO] app.js - 666666
[2018-06-26T19:55:49.686] [DEBUG] app.js - 666666
[2018-06-26T19:55:49.686] [FATAL] app.js - 666666
[2018-06-26T19:55:49.686] [FATAL] app.js - 666666
[2018-06-26T19:55:51.922] [ERROR] app.js - 666666
[2018-06-26T19:55:51.923] [INFO] app.js - 666666
[2018-06-26T19:55:51.923] [DEBUG] app.js - 666666
[2018-06-26T19:55:51.923] [FATAL] app.js - 666666
[2018-06-26T19:55:51.923] [FATAL] app.js - 666666
[2018-06-26T19:55:52.235] [ERROR] app.js - 666666
[2018-06-26T19:55:52.236] [INFO] app.js - 666666
[2018-06-26T19:55:52.236] [DEBUG] app.js - 666666
[2018-06-26T19:55:52.236] [FATAL] app.js - 666666
[2018-06-26T19:55:52.236] [FATAL] app.js - 666666
[2018-06-26T19:55:54.245] [ERROR] app.js - 666666
[2018-06-26T19:55:54.246] [INFO] app.js - 666666
[2018-06-26T19:55:54.246] [DEBUG] app.js - 666666
[2018-06-26T19:55:54.247] [FATAL] app.js - 666666
[2018-06-26T19:55:54.247] [FATAL] app.js - 666666
[2018-06-26T19:56:09.382] [ERROR] app.js - 666666
[2018-06-26T19:56:09.383] [INFO] app.js - 666666
[2018-06-26T19:56:09.384] [DEBUG] app.js - 666666
[2018-06-26T19:56:09.384] [FATAL] app.js - 666666
[2018-06-26T19:56:09.384] [FATAL] app.js - 666666
[2018-06-26T19:56:09.909] [ERROR] app.js - 666666
[2018-06-26T19:56:09.910] [INFO] app.js - 666666
[2018-06-26T19:56:09.910] [DEBUG] app.js - 666666
[2018-06-26T19:56:09.910] [FATAL] app.js - 666666
[2018-06-26T19:56:09.911] [FATAL] app.js - 666666
[2018-06-26T19:56:12.010] [ERROR] app.js - 666666
[2018-06-26T19:56:12.012] [INFO] app.js - 666666
[2018-06-26T19:56:12.012] [DEBUG] app.js - 666666
[2018-06-26T19:56:12.012] [FATAL] app.js - 666666
[2018-06-26T19:56:12.012] [FATAL] app.js - 666666
[2018-06-26T19:56:12.373] [ERROR] app.js - 666666
[2018-06-26T19:56:12.374] [INFO] app.js - 666666
[2018-06-26T19:56:12.374] [DEBUG] app.js - 666666
[2018-06-26T19:56:12.374] [FATAL] app.js - 666666
[2018-06-26T19:56:12.374] [FATAL] app.js - 666666
[2018-06-26T19:56:14.419] [ERROR] app.js - 666666
[2018-06-26T19:56:14.420] [INFO] app.js - 666666
[2018-06-26T19:56:14.420] [DEBUG] app.js - 666666
[2018-06-26T19:56:14.420] [FATAL] app.js - 666666
[2018-06-26T19:56:14.420] [FATAL] app.js - 666666
[2018-06-26T19:56:14.876] [ERROR] app.js - 666666
[2018-06-26T19:56:14.877] [INFO] app.js - 666666
[2018-06-26T19:56:14.877] [DEBUG] app.js - 666666
[2018-06-26T19:56:14.878] [FATAL] app.js - 666666
[2018-06-26T19:56:14.878] [FATAL] app.js - 666666
[2018-06-26T19:56:17.121] [ERROR] app.js - 666666
[2018-06-26T19:56:17.123] [INFO] app.js - 666666
[2018-06-26T19:56:17.123] [DEBUG] app.js - 666666
[2018-06-26T19:56:17.123] [FATAL] app.js - 666666
[2018-06-26T19:56:17.123] [FATAL] app.js - 666666
[2018-06-26T19:56:17.361] [ERROR] app.js - 666666
[2018-06-26T19:56:17.363] [INFO] app.js - 666666
[2018-06-26T19:56:17.363] [DEBUG] app.js - 666666
[2018-06-26T19:56:17.363] [FATAL] app.js - 666666
[2018-06-26T19:56:17.363] [FATAL] app.js - 666666
[2018-06-26T19:56:26.491] [ERROR] app.js - 666666
[2018-06-26T19:56:26.492] [INFO] app.js - 666666
[2018-06-26T19:56:26.492] [DEBUG] app.js - 666666
[2018-06-26T19:56:26.492] [FATAL] app.js - 666666
[2018-06-26T19:56:26.492] [FATAL] app.js - 666666
[2018-06-26T19:56:28.773] [ERROR] app.js - 666666
[2018-06-26T19:56:28.775] [INFO] app.js - 666666
[2018-06-26T19:56:28.775] [DEBUG] app.js - 666666
[2018-06-26T19:56:28.775] [FATAL] app.js - 666666
[2018-06-26T19:56:28.776] [FATAL] app.js - 666666
[2018-06-26T19:56:52.040] [ERROR] app.js - 666666
[2018-06-26T19:56:52.042] [INFO] app.js - 666666
[2018-06-26T19:56:52.042] [DEBUG] app.js - 666666
[2018-06-26T19:56:52.042] [FATAL] app.js - 666666
[2018-06-26T19:56:52.042] [FATAL] app.js - 666666
[2018-06-26T19:56:52.358] [ERROR] app.js - 666666
[2018-06-26T19:56:52.359] [INFO] app.js - 666666
[2018-06-26T19:56:52.359] [DEBUG] app.js - 666666
[2018-06-26T19:56:52.359] [FATAL] app.js - 666666
[2018-06-26T19:56:52.359] [FATAL] app.js - 666666
[2018-06-26T19:59:04.205] [ERROR] app.js - 666666
[2018-06-26T19:59:04.206] [INFO] app.js - 666666
[2018-06-26T19:59:04.206] [DEBUG] app.js - 666666
[2018-06-26T19:59:04.207] [FATAL] app.js - 666666
[2018-06-26T19:59:04.207] [FATAL] app.js - 666666
[2018-06-26T19:59:04.657] [ERROR] app.js - 666666
[2018-06-26T19:59:04.658] [INFO] app.js - 666666
[2018-06-26T19:59:04.658] [DEBUG] app.js - 666666
[2018-06-26T19:59:04.658] [FATAL] app.js - 666666
[2018-06-26T19:59:04.658] [FATAL] app.js - 666666
[2018-06-26T19:59:11.911] [ERROR] app.js - 666666
[2018-06-26T19:59:11.912] [INFO] app.js - 666666
[2018-06-26T19:59:11.913] [DEBUG] app.js - 666666
[2018-06-26T19:59:11.913] [FATAL] app.js - 666666
[2018-06-26T19:59:11.913] [FATAL] app.js - 666666
[2018-06-26T19:59:12.474] [ERROR] app.js - 666666
[2018-06-26T19:59:12.476] [INFO] app.js - 666666
[2018-06-26T19:59:12.476] [DEBUG] app.js - 666666
[2018-06-26T19:59:12.476] [FATAL] app.js - 666666
[2018-06-26T19:59:12.476] [FATAL] app.js - 666666
[2018-06-26T19:59:17.940] [ERROR] app.js - 666666
[2018-06-26T19:59:17.942] [INFO] app.js - 666666
[2018-06-26T19:59:17.942] [DEBUG] app.js - 666666
[2018-06-26T19:59:17.942] [FATAL] app.js - 666666
[2018-06-26T19:59:17.942] [FATAL] app.js - 666666
[2018-06-26T19:59:20.329] [ERROR] app.js - 666666
[2018-06-26T19:59:20.330] [INFO] app.js - 666666
[2018-06-26T19:59:20.330] [DEBUG] app.js - 666666
[2018-06-26T19:59:20.331] [FATAL] app.js - 666666
[2018-06-26T19:59:20.331] [FATAL] app.js - 666666
